<?xml version="1.0" encoding="UTF-8"?>
<testsuite xmlns:xsi="http://www.w3.org/2001/XMLSchema-instance" xsi:noNamespaceSchemaLocation="https://maven.apache.org/surefire/maven-surefire-plugin/xsd/surefire-test-report-3.0.xsd" version="3.0" name="bus.booking.PageController_WithMockServiceTest" time="2.341" tests="12" errors="0" skipped="0" failures="0">
  <properties>
    <property name="sonar.projectName" value="hw1"/>
    <property name="java.specification.version" value="19"/>
    <property name="sonar.host.url" value="http://localhost:9000/"/>
    <property name="sun.jnu.encoding" value="UTF-8"/>
    <property name="java.class.path" value="/home/jakerosa/Desktop/Uni/3ano_2semestre/TQS_109089/hw1/BusBooking/target/test-classes:/home/jakerosa/Desktop/Uni/3ano_2semestre/TQS_109089/hw1/BusBooking/target/classes:/home/jakerosa/.m2/repository/org/springframework/boot/spring-boot-starter/3.1.4/spring-boot-starter-3.1.4.jar:/home/jakerosa/.m2/repository/org/springframework/boot/spring-boot/3.1.4/spring-boot-3.1.4.jar:/home/jakerosa/.m2/repository/org/springframework/spring-context/6.0.12/spring-context-6.0.12.jar:/home/jakerosa/.m2/repository/org/springframework/boot/spring-boot-autoconfigure/3.1.4/spring-boot-autoconfigure-3.1.4.jar:/home/jakerosa/.m2/repository/org/springframework/boot/spring-boot-starter-logging/3.1.4/spring-boot-starter-logging-3.1.4.jar:/home/jakerosa/.m2/repository/ch/qos/logback/logback-classic/1.4.11/logback-classic-1.4.11.jar:/home/jakerosa/.m2/repository/ch/qos/logback/logback-core/1.4.11/logback-core-1.4.11.jar:/home/jakerosa/.m2/repository/org/apache/logging/log4j/log4j-to-slf4j/2.20.0/log4j-to-slf4j-2.20.0.jar:/home/jakerosa/.m2/repository/org/apache/logging/log4j/log4j-api/2.20.0/log4j-api-2.20.0.jar:/home/jakerosa/.m2/repository/org/slf4j/jul-to-slf4j/2.0.9/jul-to-slf4j-2.0.9.jar:/home/jakerosa/.m2/repository/jakarta/annotation/jakarta.annotation-api/2.1.1/jakarta.annotation-api-2.1.1.jar:/home/jakerosa/.m2/repository/org/springframework/spring-core/6.0.12/spring-core-6.0.12.jar:/home/jakerosa/.m2/repository/org/springframework/spring-jcl/6.0.12/spring-jcl-6.0.12.jar:/home/jakerosa/.m2/repository/org/yaml/snakeyaml/1.33/snakeyaml-1.33.jar:/home/jakerosa/.m2/repository/org/springframework/boot/spring-boot-starter-thymeleaf/3.1.4/spring-boot-starter-thymeleaf-3.1.4.jar:/home/jakerosa/.m2/repository/org/thymeleaf/thymeleaf-spring6/3.1.2.RELEASE/thymeleaf-spring6-3.1.2.RELEASE.jar:/home/jakerosa/.m2/repository/org/thymeleaf/thymeleaf/3.1.2.RELEASE/thymeleaf-3.1.2.RELEASE.jar:/home/jakerosa/.m2/repository/org/attoparser/attoparser/2.0.7.RELEASE/attoparser-2.0.7.RELEASE.jar:/home/jakerosa/.m2/repository/org/unbescape/unbescape/1.1.6.RELEASE/unbescape-1.1.6.RELEASE.jar:/home/jakerosa/.m2/repository/org/springframework/boot/spring-boot-starter-web/3.1.4/spring-boot-starter-web-3.1.4.jar:/home/jakerosa/.m2/repository/org/springframework/boot/spring-boot-starter-json/3.1.4/spring-boot-starter-json-3.1.4.jar:/home/jakerosa/.m2/repository/com/fasterxml/jackson/core/jackson-databind/2.15.2/jackson-databind-2.15.2.jar:/home/jakerosa/.m2/repository/com/fasterxml/jackson/core/jackson-annotations/2.15.2/jackson-annotations-2.15.2.jar:/home/jakerosa/.m2/repository/com/fasterxml/jackson/core/jackson-core/2.15.2/jackson-core-2.15.2.jar:/home/jakerosa/.m2/repository/com/fasterxml/jackson/datatype/jackson-datatype-jdk8/2.15.2/jackson-datatype-jdk8-2.15.2.jar:/home/jakerosa/.m2/repository/com/fasterxml/jackson/datatype/jackson-datatype-jsr310/2.15.2/jackson-datatype-jsr310-2.15.2.jar:/home/jakerosa/.m2/repository/com/fasterxml/jackson/module/jackson-module-parameter-names/2.15.2/jackson-module-parameter-names-2.15.2.jar:/home/jakerosa/.m2/repository/org/springframework/boot/spring-boot-starter-tomcat/3.1.4/spring-boot-starter-tomcat-3.1.4.jar:/home/jakerosa/.m2/repository/org/apache/tomcat/embed/tomcat-embed-core/10.1.13/tomcat-embed-core-10.1.13.jar:/home/jakerosa/.m2/repository/org/apache/tomcat/embed/tomcat-embed-el/10.1.13/tomcat-embed-el-10.1.13.jar:/home/jakerosa/.m2/repository/org/apache/tomcat/embed/tomcat-embed-websocket/10.1.13/tomcat-embed-websocket-10.1.13.jar:/home/jakerosa/.m2/repository/org/springframework/spring-web/6.0.12/spring-web-6.0.12.jar:/home/jakerosa/.m2/repository/org/springframework/spring-beans/6.0.12/spring-beans-6.0.12.jar:/home/jakerosa/.m2/repository/io/micrometer/micrometer-observation/1.11.4/micrometer-observation-1.11.4.jar:/home/jakerosa/.m2/repository/io/micrometer/micrometer-commons/1.11.4/micrometer-commons-1.11.4.jar:/home/jakerosa/.m2/repository/org/springframework/spring-webmvc/6.0.12/spring-webmvc-6.0.12.jar:/home/jakerosa/.m2/repository/org/springframework/spring-aop/6.0.12/spring-aop-6.0.12.jar:/home/jakerosa/.m2/repository/org/springframework/spring-expression/6.0.12/spring-expression-6.0.12.jar:/home/jakerosa/.m2/repository/org/springframework/boot/spring-boot-devtools/3.1.4/spring-boot-devtools-3.1.4.jar:/home/jakerosa/.m2/repository/org/springframework/boot/spring-boot-starter-test/3.1.4/spring-boot-starter-test-3.1.4.jar:/home/jakerosa/.m2/repository/org/springframework/boot/spring-boot-test/3.1.4/spring-boot-test-3.1.4.jar:/home/jakerosa/.m2/repository/org/springframework/boot/spring-boot-test-autoconfigure/3.1.4/spring-boot-test-autoconfigure-3.1.4.jar:/home/jakerosa/.m2/repository/com/jayway/jsonpath/json-path/2.8.0/json-path-2.8.0.jar:/home/jakerosa/.m2/repository/jakarta/xml/bind/jakarta.xml.bind-api/4.0.1/jakarta.xml.bind-api-4.0.1.jar:/home/jakerosa/.m2/repository/jakarta/activation/jakarta.activation-api/2.1.2/jakarta.activation-api-2.1.2.jar:/home/jakerosa/.m2/repository/net/minidev/json-smart/2.4.11/json-smart-2.4.11.jar:/home/jakerosa/.m2/repository/net/minidev/accessors-smart/2.4.11/accessors-smart-2.4.11.jar:/home/jakerosa/.m2/repository/org/ow2/asm/asm/9.3/asm-9.3.jar:/home/jakerosa/.m2/repository/org/assertj/assertj-core/3.24.2/assertj-core-3.24.2.jar:/home/jakerosa/.m2/repository/net/bytebuddy/byte-buddy/1.14.8/byte-buddy-1.14.8.jar:/home/jakerosa/.m2/repository/org/hamcrest/hamcrest/2.2/hamcrest-2.2.jar:/home/jakerosa/.m2/repository/org/mockito/mockito-core/5.3.1/mockito-core-5.3.1.jar:/home/jakerosa/.m2/repository/net/bytebuddy/byte-buddy-agent/1.14.8/byte-buddy-agent-1.14.8.jar:/home/jakerosa/.m2/repository/org/objenesis/objenesis/3.3/objenesis-3.3.jar:/home/jakerosa/.m2/repository/org/mockito/mockito-junit-jupiter/5.3.1/mockito-junit-jupiter-5.3.1.jar:/home/jakerosa/.m2/repository/org/skyscreamer/jsonassert/1.5.1/jsonassert-1.5.1.jar:/home/jakerosa/.m2/repository/com/vaadin/external/google/android-json/0.0.20131108.vaadin1/android-json-0.0.20131108.vaadin1.jar:/home/jakerosa/.m2/repository/org/springframework/spring-test/6.0.12/spring-test-6.0.12.jar:/home/jakerosa/.m2/repository/org/xmlunit/xmlunit-core/2.9.1/xmlunit-core-2.9.1.jar:/home/jakerosa/.m2/repository/org/springframework/boot/spring-boot-starter-data-jpa/3.1.4/spring-boot-starter-data-jpa-3.1.4.jar:/home/jakerosa/.m2/repository/org/springframework/boot/spring-boot-starter-aop/3.1.4/spring-boot-starter-aop-3.1.4.jar:/home/jakerosa/.m2/repository/org/aspectj/aspectjweaver/1.9.20/aspectjweaver-1.9.20.jar:/home/jakerosa/.m2/repository/org/springframework/boot/spring-boot-starter-jdbc/3.1.4/spring-boot-starter-jdbc-3.1.4.jar:/home/jakerosa/.m2/repository/com/zaxxer/HikariCP/5.0.1/HikariCP-5.0.1.jar:/home/jakerosa/.m2/repository/org/springframework/spring-jdbc/6.0.12/spring-jdbc-6.0.12.jar:/home/jakerosa/.m2/repository/org/hibernate/orm/hibernate-core/6.2.9.Final/hibernate-core-6.2.9.Final.jar:/home/jakerosa/.m2/repository/jakarta/persistence/jakarta.persistence-api/3.1.0/jakarta.persistence-api-3.1.0.jar:/home/jakerosa/.m2/repository/jakarta/transaction/jakarta.transaction-api/2.0.1/jakarta.transaction-api-2.0.1.jar:/home/jakerosa/.m2/repository/org/jboss/logging/jboss-logging/3.5.3.Final/jboss-logging-3.5.3.Final.jar:/home/jakerosa/.m2/repository/org/hibernate/common/hibernate-commons-annotations/6.0.6.Final/hibernate-commons-annotations-6.0.6.Final.jar:/home/jakerosa/.m2/repository/io/smallrye/jandex/3.0.5/jandex-3.0.5.jar:/home/jakerosa/.m2/repository/com/fasterxml/classmate/1.5.1/classmate-1.5.1.jar:/home/jakerosa/.m2/repository/org/glassfish/jaxb/jaxb-runtime/4.0.3/jaxb-runtime-4.0.3.jar:/home/jakerosa/.m2/repository/org/glassfish/jaxb/jaxb-core/4.0.3/jaxb-core-4.0.3.jar:/home/jakerosa/.m2/repository/org/eclipse/angus/angus-activation/2.0.1/angus-activation-2.0.1.jar:/home/jakerosa/.m2/repository/org/glassfish/jaxb/txw2/4.0.3/txw2-4.0.3.jar:/home/jakerosa/.m2/repository/com/sun/istack/istack-commons-runtime/4.1.2/istack-commons-runtime-4.1.2.jar:/home/jakerosa/.m2/repository/jakarta/inject/jakarta.inject-api/2.0.1/jakarta.inject-api-2.0.1.jar:/home/jakerosa/.m2/repository/org/antlr/antlr4-runtime/4.10.1/antlr4-runtime-4.10.1.jar:/home/jakerosa/.m2/repository/org/springframework/data/spring-data-jpa/3.1.4/spring-data-jpa-3.1.4.jar:/home/jakerosa/.m2/repository/org/springframework/data/spring-data-commons/3.1.4/spring-data-commons-3.1.4.jar:/home/jakerosa/.m2/repository/org/springframework/spring-orm/6.0.12/spring-orm-6.0.12.jar:/home/jakerosa/.m2/repository/org/springframework/spring-tx/6.0.12/spring-tx-6.0.12.jar:/home/jakerosa/.m2/repository/org/springframework/spring-aspects/6.0.12/spring-aspects-6.0.12.jar:/home/jakerosa/.m2/repository/org/modelmapper/modelmapper/3.1.1/modelmapper-3.1.1.jar:/home/jakerosa/.m2/repository/org/postgresql/postgresql/42.6.0/postgresql-42.6.0.jar:/home/jakerosa/.m2/repository/org/checkerframework/checker-qual/3.31.0/checker-qual-3.31.0.jar:/home/jakerosa/.m2/repository/org/projectlombok/lombok/1.18.30/lombok-1.18.30.jar:/home/jakerosa/.m2/repository/org/springdoc/springdoc-openapi-starter-webmvc-ui/2.2.0/springdoc-openapi-starter-webmvc-ui-2.2.0.jar:/home/jakerosa/.m2/repository/org/springdoc/springdoc-openapi-starter-webmvc-api/2.2.0/springdoc-openapi-starter-webmvc-api-2.2.0.jar:/home/jakerosa/.m2/repository/org/springdoc/springdoc-openapi-starter-common/2.2.0/springdoc-openapi-starter-common-2.2.0.jar:/home/jakerosa/.m2/repository/io/swagger/core/v3/swagger-core-jakarta/2.2.15/swagger-core-jakarta-2.2.15.jar:/home/jakerosa/.m2/repository/io/swagger/core/v3/swagger-annotations-jakarta/2.2.15/swagger-annotations-jakarta-2.2.15.jar:/home/jakerosa/.m2/repository/io/swagger/core/v3/swagger-models-jakarta/2.2.15/swagger-models-jakarta-2.2.15.jar:/home/jakerosa/.m2/repository/jakarta/validation/jakarta.validation-api/3.0.2/jakarta.validation-api-3.0.2.jar:/home/jakerosa/.m2/repository/com/fasterxml/jackson/dataformat/jackson-dataformat-yaml/2.15.2/jackson-dataformat-yaml-2.15.2.jar:/home/jakerosa/.m2/repository/org/webjars/swagger-ui/5.2.0/swagger-ui-5.2.0.jar:/home/jakerosa/.m2/repository/redis/clients/jedis/5.1.0/jedis-5.1.0.jar:/home/jakerosa/.m2/repository/org/slf4j/slf4j-api/2.0.9/slf4j-api-2.0.9.jar:/home/jakerosa/.m2/repository/org/apache/commons/commons-pool2/2.11.1/commons-pool2-2.11.1.jar:/home/jakerosa/.m2/repository/org/json/json/20231013/json-20231013.jar:/home/jakerosa/.m2/repository/com/google/code/gson/gson/2.10.1/gson-2.10.1.jar:/home/jakerosa/.m2/repository/com/squareup/okhttp3/okhttp/4.9.1/okhttp-4.9.1.jar:/home/jakerosa/.m2/repository/com/squareup/okio/okio/2.8.0/okio-2.8.0.jar:/home/jakerosa/.m2/repository/org/jetbrains/kotlin/kotlin-stdlib-common/1.8.22/kotlin-stdlib-common-1.8.22.jar:/home/jakerosa/.m2/repository/org/jetbrains/kotlin/kotlin-stdlib/1.8.22/kotlin-stdlib-1.8.22.jar:/home/jakerosa/.m2/repository/org/jetbrains/annotations/13.0/annotations-13.0.jar:/home/jakerosa/.m2/repository/com/h2database/h2/2.1.214/h2-2.1.214.jar:/home/jakerosa/.m2/repository/org/junit/jupiter/junit-jupiter/5.10.2/junit-jupiter-5.10.2.jar:/home/jakerosa/.m2/repository/org/junit/jupiter/junit-jupiter-api/5.9.3/junit-jupiter-api-5.9.3.jar:/home/jakerosa/.m2/repository/org/opentest4j/opentest4j/1.2.0/opentest4j-1.2.0.jar:/home/jakerosa/.m2/repository/org/junit/platform/junit-platform-commons/1.9.3/junit-platform-commons-1.9.3.jar:/home/jakerosa/.m2/repository/org/junit/jupiter/junit-jupiter-params/5.9.3/junit-jupiter-params-5.9.3.jar:/home/jakerosa/.m2/repository/org/junit/jupiter/junit-jupiter-engine/5.9.3/junit-jupiter-engine-5.9.3.jar:/home/jakerosa/.m2/repository/org/seleniumhq/selenium/selenium-java/4.18.1/selenium-java-4.18.1.jar:/home/jakerosa/.m2/repository/org/seleniumhq/selenium/selenium-api/4.8.3/selenium-api-4.8.3.jar:/home/jakerosa/.m2/repository/org/seleniumhq/selenium/selenium-chrome-driver/4.8.3/selenium-chrome-driver-4.8.3.jar:/home/jakerosa/.m2/repository/com/google/auto/service/auto-service-annotations/1.0.1/auto-service-annotations-1.0.1.jar:/home/jakerosa/.m2/repository/com/google/auto/service/auto-service/1.0.1/auto-service-1.0.1.jar:/home/jakerosa/.m2/repository/com/google/auto/auto-common/1.2/auto-common-1.2.jar:/home/jakerosa/.m2/repository/com/google/guava/guava/31.1-jre/guava-31.1-jre.jar:/home/jakerosa/.m2/repository/com/google/guava/failureaccess/1.0.1/failureaccess-1.0.1.jar:/home/jakerosa/.m2/repository/com/google/guava/listenablefuture/9999.0-empty-to-avoid-conflict-with-guava/listenablefuture-9999.0-empty-to-avoid-conflict-with-guava.jar:/home/jakerosa/.m2/repository/com/google/code/findbugs/jsr305/3.0.2/jsr305-3.0.2.jar:/home/jakerosa/.m2/repository/com/google/errorprone/error_prone_annotations/2.11.0/error_prone_annotations-2.11.0.jar:/home/jakerosa/.m2/repository/com/google/j2objc/j2objc-annotations/1.3/j2objc-annotations-1.3.jar:/home/jakerosa/.m2/repository/org/seleniumhq/selenium/selenium-chromium-driver/4.8.3/selenium-chromium-driver-4.8.3.jar:/home/jakerosa/.m2/repository/org/seleniumhq/selenium/selenium-json/4.8.3/selenium-json-4.8.3.jar:/home/jakerosa/.m2/repository/org/seleniumhq/selenium/selenium-manager/4.8.3/selenium-manager-4.8.3.jar:/home/jakerosa/.m2/repository/org/seleniumhq/selenium/selenium-devtools-v120/4.18.1/selenium-devtools-v120-4.18.1.jar:/home/jakerosa/.m2/repository/org/seleniumhq/selenium/selenium-devtools-v121/4.18.1/selenium-devtools-v121-4.18.1.jar:/home/jakerosa/.m2/repository/org/seleniumhq/selenium/selenium-devtools-v122/4.18.1/selenium-devtools-v122-4.18.1.jar:/home/jakerosa/.m2/repository/org/seleniumhq/selenium/selenium-devtools-v85/4.8.3/selenium-devtools-v85-4.8.3.jar:/home/jakerosa/.m2/repository/org/seleniumhq/selenium/selenium-edge-driver/4.8.3/selenium-edge-driver-4.8.3.jar:/home/jakerosa/.m2/repository/org/seleniumhq/selenium/selenium-firefox-driver/4.8.3/selenium-firefox-driver-4.8.3.jar:/home/jakerosa/.m2/repository/org/seleniumhq/selenium/selenium-http/4.8.3/selenium-http-4.8.3.jar:/home/jakerosa/.m2/repository/dev/failsafe/failsafe/3.3.1/failsafe-3.3.1.jar:/home/jakerosa/.m2/repository/org/seleniumhq/selenium/selenium-ie-driver/4.8.3/selenium-ie-driver-4.8.3.jar:/home/jakerosa/.m2/repository/org/seleniumhq/selenium/selenium-remote-driver/4.8.3/selenium-remote-driver-4.8.3.jar:/home/jakerosa/.m2/repository/com/beust/jcommander/1.82/jcommander-1.82.jar:/home/jakerosa/.m2/repository/io/netty/netty-buffer/4.1.97.Final/netty-buffer-4.1.97.Final.jar:/home/jakerosa/.m2/repository/io/netty/netty-codec-http/4.1.97.Final/netty-codec-http-4.1.97.Final.jar:/home/jakerosa/.m2/repository/io/netty/netty-codec/4.1.97.Final/netty-codec-4.1.97.Final.jar:/home/jakerosa/.m2/repository/io/netty/netty-handler/4.1.97.Final/netty-handler-4.1.97.Final.jar:/home/jakerosa/.m2/repository/io/netty/netty-common/4.1.97.Final/netty-common-4.1.97.Final.jar:/home/jakerosa/.m2/repository/io/netty/netty-transport-classes-epoll/4.1.97.Final/netty-transport-classes-epoll-4.1.97.Final.jar:/home/jakerosa/.m2/repository/io/netty/netty-transport-classes-kqueue/4.1.97.Final/netty-transport-classes-kqueue-4.1.97.Final.jar:/home/jakerosa/.m2/repository/io/netty/netty-transport-native-epoll/4.1.97.Final/netty-transport-native-epoll-4.1.97.Final.jar:/home/jakerosa/.m2/repository/io/netty/netty-transport-native-kqueue/4.1.97.Final/netty-transport-native-kqueue-4.1.97.Final.jar:/home/jakerosa/.m2/repository/io/netty/netty-transport-native-unix-common/4.1.97.Final/netty-transport-native-unix-common-4.1.97.Final.jar:/home/jakerosa/.m2/repository/io/netty/netty-transport/4.1.97.Final/netty-transport-4.1.97.Final.jar:/home/jakerosa/.m2/repository/io/netty/netty-resolver/4.1.97.Final/netty-resolver-4.1.97.Final.jar:/home/jakerosa/.m2/repository/io/opentelemetry/opentelemetry-api/1.25.0/opentelemetry-api-1.25.0.jar:/home/jakerosa/.m2/repository/io/opentelemetry/opentelemetry-context/1.25.0/opentelemetry-context-1.25.0.jar:/home/jakerosa/.m2/repository/io/opentelemetry/opentelemetry-exporter-logging/1.25.0/opentelemetry-exporter-logging-1.25.0.jar:/home/jakerosa/.m2/repository/io/opentelemetry/opentelemetry-sdk-metrics/1.25.0/opentelemetry-sdk-metrics-1.25.0.jar:/home/jakerosa/.m2/repository/io/opentelemetry/opentelemetry-sdk-logs/1.25.0-alpha/opentelemetry-sdk-logs-1.25.0-alpha.jar:/home/jakerosa/.m2/repository/io/opentelemetry/opentelemetry-api-logs/1.25.0-alpha/opentelemetry-api-logs-1.25.0-alpha.jar:/home/jakerosa/.m2/repository/io/opentelemetry/opentelemetry-api-events/1.25.0-alpha/opentelemetry-api-events-1.25.0-alpha.jar:/home/jakerosa/.m2/repository/io/opentelemetry/opentelemetry-sdk-common/1.25.0/opentelemetry-sdk-common-1.25.0.jar:/home/jakerosa/.m2/repository/io/opentelemetry/opentelemetry-sdk-extension-autoconfigure-spi/1.25.0/opentelemetry-sdk-extension-autoconfigure-spi-1.25.0.jar:/home/jakerosa/.m2/repository/io/opentelemetry/opentelemetry-sdk-extension-autoconfigure/1.24.0-alpha/opentelemetry-sdk-extension-autoconfigure-1.24.0-alpha.jar:/home/jakerosa/.m2/repository/io/opentelemetry/opentelemetry-sdk-trace/1.25.0/opentelemetry-sdk-trace-1.25.0.jar:/home/jakerosa/.m2/repository/io/opentelemetry/opentelemetry-sdk/1.25.0/opentelemetry-sdk-1.25.0.jar:/home/jakerosa/.m2/repository/io/opentelemetry/opentelemetry-semconv/1.24.0-alpha/opentelemetry-semconv-1.24.0-alpha.jar:/home/jakerosa/.m2/repository/io/ous/jtoml/2.0.0/jtoml-2.0.0.jar:/home/jakerosa/.m2/repository/org/apache/commons/commons-exec/1.3/commons-exec-1.3.jar:/home/jakerosa/.m2/repository/org/asynchttpclient/async-http-client/2.12.3/async-http-client-2.12.3.jar:/home/jakerosa/.m2/repository/org/asynchttpclient/async-http-client-netty-utils/2.12.3/async-http-client-netty-utils-2.12.3.jar:/home/jakerosa/.m2/repository/io/netty/netty-codec-socks/4.1.97.Final/netty-codec-socks-4.1.97.Final.jar:/home/jakerosa/.m2/repository/io/netty/netty-handler-proxy/4.1.97.Final/netty-handler-proxy-4.1.97.Final.jar:/home/jakerosa/.m2/repository/io/netty/netty-transport-native-epoll/4.1.97.Final/netty-transport-native-epoll-4.1.97.Final-linux-x86_64.jar:/home/jakerosa/.m2/repository/io/netty/netty-transport-native-kqueue/4.1.97.Final/netty-transport-native-kqueue-4.1.97.Final-osx-x86_64.jar:/home/jakerosa/.m2/repository/org/reactivestreams/reactive-streams/1.0.4/reactive-streams-1.0.4.jar:/home/jakerosa/.m2/repository/com/typesafe/netty/netty-reactive-streams/2.0.4/netty-reactive-streams-2.0.4.jar:/home/jakerosa/.m2/repository/com/sun/activation/jakarta.activation/1.2.2/jakarta.activation-1.2.2.jar:/home/jakerosa/.m2/repository/org/seleniumhq/selenium/selenium-safari-driver/4.8.3/selenium-safari-driver-4.8.3.jar:/home/jakerosa/.m2/repository/org/seleniumhq/selenium/selenium-support/4.8.3/selenium-support-4.8.3.jar:/home/jakerosa/.m2/repository/io/github/bonigarcia/selenium-jupiter/5.1.0/selenium-jupiter-5.1.0.jar:/home/jakerosa/.m2/repository/io/github/bonigarcia/webdrivermanager/5.7.0/webdrivermanager-5.7.0.jar:/home/jakerosa/.m2/repository/com/github/docker-java/docker-java/3.3.5/docker-java-3.3.5.jar:/home/jakerosa/.m2/repository/com/github/docker-java/docker-java-core/3.3.5/docker-java-core-3.3.5.jar:/home/jakerosa/.m2/repository/com/github/docker-java/docker-java-api/3.3.5/docker-java-api-3.3.5.jar:/home/jakerosa/.m2/repository/org/bouncycastle/bcpkix-jdk18on/1.76/bcpkix-jdk18on-1.76.jar:/home/jakerosa/.m2/repository/org/bouncycastle/bcprov-jdk18on/1.76/bcprov-jdk18on-1.76.jar:/home/jakerosa/.m2/repository/org/bouncycastle/bcutil-jdk18on/1.76/bcutil-jdk18on-1.76.jar:/home/jakerosa/.m2/repository/org/slf4j/jcl-over-slf4j/2.0.9/jcl-over-slf4j-2.0.9.jar:/home/jakerosa/.m2/repository/com/github/docker-java/docker-java-transport-httpclient5/3.3.5/docker-java-transport-httpclient5-3.3.5.jar:/home/jakerosa/.m2/repository/com/github/docker-java/docker-java-transport/3.3.5/docker-java-transport-3.3.5.jar:/home/jakerosa/.m2/repository/net/java/dev/jna/jna/5.13.0/jna-5.13.0.jar:/home/jakerosa/.m2/repository/org/brotli/dec/0.1.2/dec-0.1.2.jar:/home/jakerosa/.m2/repository/org/apache/commons/commons-lang3/3.12.0/commons-lang3-3.12.0.jar:/home/jakerosa/.m2/repository/org/apache/commons/commons-compress/1.26.0/commons-compress-1.26.0.jar:/home/jakerosa/.m2/repository/commons-io/commons-io/2.15.1/commons-io-2.15.1.jar:/home/jakerosa/.m2/repository/org/apache/httpcomponents/client5/httpclient5/5.2.1/httpclient5-5.2.1.jar:/home/jakerosa/.m2/repository/org/apache/httpcomponents/core5/httpcore5/5.2.2/httpcore5-5.2.2.jar:/home/jakerosa/.m2/repository/org/apache/httpcomponents/core5/httpcore5-h2/5.2.2/httpcore5-h2-5.2.2.jar:/home/jakerosa/.m2/repository/org/junit/platform/junit-platform-suite/1.10.1/junit-platform-suite-1.10.1.jar:/home/jakerosa/.m2/repository/org/junit/platform/junit-platform-suite-api/1.9.3/junit-platform-suite-api-1.9.3.jar:/home/jakerosa/.m2/repository/org/junit/platform/junit-platform-suite-engine/1.9.3/junit-platform-suite-engine-1.9.3.jar:/home/jakerosa/.m2/repository/org/junit/platform/junit-platform-suite-commons/1.9.3/junit-platform-suite-commons-1.9.3.jar:/home/jakerosa/.m2/repository/org/junit/platform/junit-platform-launcher/1.9.3/junit-platform-launcher-1.9.3.jar:/home/jakerosa/.m2/repository/io/cucumber/cucumber-java/7.15.0/cucumber-java-7.15.0.jar:/home/jakerosa/.m2/repository/io/cucumber/cucumber-core/7.15.0/cucumber-core-7.15.0.jar:/home/jakerosa/.m2/repository/io/cucumber/cucumber-gherkin/7.15.0/cucumber-gherkin-7.15.0.jar:/home/jakerosa/.m2/repository/io/cucumber/cucumber-gherkin-messages/7.15.0/cucumber-gherkin-messages-7.15.0.jar:/home/jakerosa/.m2/repository/io/cucumber/gherkin/26.2.0/gherkin-26.2.0.jar:/home/jakerosa/.m2/repository/io/cucumber/messages/22.0.0/messages-22.0.0.jar:/home/jakerosa/.m2/repository/io/cucumber/tag-expressions/6.0.0/tag-expressions-6.0.0.jar:/home/jakerosa/.m2/repository/io/cucumber/cucumber-expressions/17.0.1/cucumber-expressions-17.0.1.jar:/home/jakerosa/.m2/repository/io/cucumber/datatable/7.15.0/datatable-7.15.0.jar:/home/jakerosa/.m2/repository/io/cucumber/cucumber-plugin/7.15.0/cucumber-plugin-7.15.0.jar:/home/jakerosa/.m2/repository/io/cucumber/docstring/7.15.0/docstring-7.15.0.jar:/home/jakerosa/.m2/repository/io/cucumber/html-formatter/20.4.0/html-formatter-20.4.0.jar:/home/jakerosa/.m2/repository/io/cucumber/junit-xml-formatter/0.2.0/junit-xml-formatter-0.2.0.jar:/home/jakerosa/.m2/repository/io/cucumber/ci-environment/10.0.0/ci-environment-10.0.0.jar:/home/jakerosa/.m2/repository/org/apiguardian/apiguardian-api/1.1.2/apiguardian-api-1.1.2.jar:/home/jakerosa/.m2/repository/io/cucumber/cucumber-junit-platform-engine/7.15.0/cucumber-junit-platform-engine-7.15.0.jar:/home/jakerosa/.m2/repository/org/junit/platform/junit-platform-engine/1.9.3/junit-platform-engine-1.9.3.jar:"/>
    <property name="java.vm.vendor" value="Private Build"/>
    <property name="sun.arch.data.model" value="64"/>
    <property name="java.vendor.url" value="Unknown"/>
    <property name="user.timezone" value="Europe/Lisbon"/>
    <property name="org.jboss.logging.provider" value="slf4j"/>
    <property name="os.name" value="Linux"/>
    <property name="java.vm.specification.version" value="19"/>
    <property name="sun.java.launcher" value="SUN_STANDARD"/>
    <property name="user.country" value="GB"/>
    <property name="sun.boot.library.path" value="/usr/lib/jvm/java-19-openjdk-amd64/lib"/>
    <property name="sun.java.command" value="/home/jakerosa/Desktop/Uni/3ano_2semestre/TQS_109089/hw1/BusBooking/target/surefire/surefirebooter-20240409074951143_3.jar /home/jakerosa/Desktop/Uni/3ano_2semestre/TQS_109089/hw1/BusBooking/target/surefire 2024-04-09T07-49-51_068-jvmRun1 surefire-20240409074951143_1tmp surefire_0-20240409074951143_2tmp"/>
    <property name="jdk.debug" value="release"/>
    <property name="surefire.test.class.path" value="/home/jakerosa/Desktop/Uni/3ano_2semestre/TQS_109089/hw1/BusBooking/target/test-classes:/home/jakerosa/Desktop/Uni/3ano_2semestre/TQS_109089/hw1/BusBooking/target/classes:/home/jakerosa/.m2/repository/org/springframework/boot/spring-boot-starter/3.1.4/spring-boot-starter-3.1.4.jar:/home/jakerosa/.m2/repository/org/springframework/boot/spring-boot/3.1.4/spring-boot-3.1.4.jar:/home/jakerosa/.m2/repository/org/springframework/spring-context/6.0.12/spring-context-6.0.12.jar:/home/jakerosa/.m2/repository/org/springframework/boot/spring-boot-autoconfigure/3.1.4/spring-boot-autoconfigure-3.1.4.jar:/home/jakerosa/.m2/repository/org/springframework/boot/spring-boot-starter-logging/3.1.4/spring-boot-starter-logging-3.1.4.jar:/home/jakerosa/.m2/repository/ch/qos/logback/logback-classic/1.4.11/logback-classic-1.4.11.jar:/home/jakerosa/.m2/repository/ch/qos/logback/logback-core/1.4.11/logback-core-1.4.11.jar:/home/jakerosa/.m2/repository/org/apache/logging/log4j/log4j-to-slf4j/2.20.0/log4j-to-slf4j-2.20.0.jar:/home/jakerosa/.m2/repository/org/apache/logging/log4j/log4j-api/2.20.0/log4j-api-2.20.0.jar:/home/jakerosa/.m2/repository/org/slf4j/jul-to-slf4j/2.0.9/jul-to-slf4j-2.0.9.jar:/home/jakerosa/.m2/repository/jakarta/annotation/jakarta.annotation-api/2.1.1/jakarta.annotation-api-2.1.1.jar:/home/jakerosa/.m2/repository/org/springframework/spring-core/6.0.12/spring-core-6.0.12.jar:/home/jakerosa/.m2/repository/org/springframework/spring-jcl/6.0.12/spring-jcl-6.0.12.jar:/home/jakerosa/.m2/repository/org/yaml/snakeyaml/1.33/snakeyaml-1.33.jar:/home/jakerosa/.m2/repository/org/springframework/boot/spring-boot-starter-thymeleaf/3.1.4/spring-boot-starter-thymeleaf-3.1.4.jar:/home/jakerosa/.m2/repository/org/thymeleaf/thymeleaf-spring6/3.1.2.RELEASE/thymeleaf-spring6-3.1.2.RELEASE.jar:/home/jakerosa/.m2/repository/org/thymeleaf/thymeleaf/3.1.2.RELEASE/thymeleaf-3.1.2.RELEASE.jar:/home/jakerosa/.m2/repository/org/attoparser/attoparser/2.0.7.RELEASE/attoparser-2.0.7.RELEASE.jar:/home/jakerosa/.m2/repository/org/unbescape/unbescape/1.1.6.RELEASE/unbescape-1.1.6.RELEASE.jar:/home/jakerosa/.m2/repository/org/springframework/boot/spring-boot-starter-web/3.1.4/spring-boot-starter-web-3.1.4.jar:/home/jakerosa/.m2/repository/org/springframework/boot/spring-boot-starter-json/3.1.4/spring-boot-starter-json-3.1.4.jar:/home/jakerosa/.m2/repository/com/fasterxml/jackson/core/jackson-databind/2.15.2/jackson-databind-2.15.2.jar:/home/jakerosa/.m2/repository/com/fasterxml/jackson/core/jackson-annotations/2.15.2/jackson-annotations-2.15.2.jar:/home/jakerosa/.m2/repository/com/fasterxml/jackson/core/jackson-core/2.15.2/jackson-core-2.15.2.jar:/home/jakerosa/.m2/repository/com/fasterxml/jackson/datatype/jackson-datatype-jdk8/2.15.2/jackson-datatype-jdk8-2.15.2.jar:/home/jakerosa/.m2/repository/com/fasterxml/jackson/datatype/jackson-datatype-jsr310/2.15.2/jackson-datatype-jsr310-2.15.2.jar:/home/jakerosa/.m2/repository/com/fasterxml/jackson/module/jackson-module-parameter-names/2.15.2/jackson-module-parameter-names-2.15.2.jar:/home/jakerosa/.m2/repository/org/springframework/boot/spring-boot-starter-tomcat/3.1.4/spring-boot-starter-tomcat-3.1.4.jar:/home/jakerosa/.m2/repository/org/apache/tomcat/embed/tomcat-embed-core/10.1.13/tomcat-embed-core-10.1.13.jar:/home/jakerosa/.m2/repository/org/apache/tomcat/embed/tomcat-embed-el/10.1.13/tomcat-embed-el-10.1.13.jar:/home/jakerosa/.m2/repository/org/apache/tomcat/embed/tomcat-embed-websocket/10.1.13/tomcat-embed-websocket-10.1.13.jar:/home/jakerosa/.m2/repository/org/springframework/spring-web/6.0.12/spring-web-6.0.12.jar:/home/jakerosa/.m2/repository/org/springframework/spring-beans/6.0.12/spring-beans-6.0.12.jar:/home/jakerosa/.m2/repository/io/micrometer/micrometer-observation/1.11.4/micrometer-observation-1.11.4.jar:/home/jakerosa/.m2/repository/io/micrometer/micrometer-commons/1.11.4/micrometer-commons-1.11.4.jar:/home/jakerosa/.m2/repository/org/springframework/spring-webmvc/6.0.12/spring-webmvc-6.0.12.jar:/home/jakerosa/.m2/repository/org/springframework/spring-aop/6.0.12/spring-aop-6.0.12.jar:/home/jakerosa/.m2/repository/org/springframework/spring-expression/6.0.12/spring-expression-6.0.12.jar:/home/jakerosa/.m2/repository/org/springframework/boot/spring-boot-devtools/3.1.4/spring-boot-devtools-3.1.4.jar:/home/jakerosa/.m2/repository/org/springframework/boot/spring-boot-starter-test/3.1.4/spring-boot-starter-test-3.1.4.jar:/home/jakerosa/.m2/repository/org/springframework/boot/spring-boot-test/3.1.4/spring-boot-test-3.1.4.jar:/home/jakerosa/.m2/repository/org/springframework/boot/spring-boot-test-autoconfigure/3.1.4/spring-boot-test-autoconfigure-3.1.4.jar:/home/jakerosa/.m2/repository/com/jayway/jsonpath/json-path/2.8.0/json-path-2.8.0.jar:/home/jakerosa/.m2/repository/jakarta/xml/bind/jakarta.xml.bind-api/4.0.1/jakarta.xml.bind-api-4.0.1.jar:/home/jakerosa/.m2/repository/jakarta/activation/jakarta.activation-api/2.1.2/jakarta.activation-api-2.1.2.jar:/home/jakerosa/.m2/repository/net/minidev/json-smart/2.4.11/json-smart-2.4.11.jar:/home/jakerosa/.m2/repository/net/minidev/accessors-smart/2.4.11/accessors-smart-2.4.11.jar:/home/jakerosa/.m2/repository/org/ow2/asm/asm/9.3/asm-9.3.jar:/home/jakerosa/.m2/repository/org/assertj/assertj-core/3.24.2/assertj-core-3.24.2.jar:/home/jakerosa/.m2/repository/net/bytebuddy/byte-buddy/1.14.8/byte-buddy-1.14.8.jar:/home/jakerosa/.m2/repository/org/hamcrest/hamcrest/2.2/hamcrest-2.2.jar:/home/jakerosa/.m2/repository/org/mockito/mockito-core/5.3.1/mockito-core-5.3.1.jar:/home/jakerosa/.m2/repository/net/bytebuddy/byte-buddy-agent/1.14.8/byte-buddy-agent-1.14.8.jar:/home/jakerosa/.m2/repository/org/objenesis/objenesis/3.3/objenesis-3.3.jar:/home/jakerosa/.m2/repository/org/mockito/mockito-junit-jupiter/5.3.1/mockito-junit-jupiter-5.3.1.jar:/home/jakerosa/.m2/repository/org/skyscreamer/jsonassert/1.5.1/jsonassert-1.5.1.jar:/home/jakerosa/.m2/repository/com/vaadin/external/google/android-json/0.0.20131108.vaadin1/android-json-0.0.20131108.vaadin1.jar:/home/jakerosa/.m2/repository/org/springframework/spring-test/6.0.12/spring-test-6.0.12.jar:/home/jakerosa/.m2/repository/org/xmlunit/xmlunit-core/2.9.1/xmlunit-core-2.9.1.jar:/home/jakerosa/.m2/repository/org/springframework/boot/spring-boot-starter-data-jpa/3.1.4/spring-boot-starter-data-jpa-3.1.4.jar:/home/jakerosa/.m2/repository/org/springframework/boot/spring-boot-starter-aop/3.1.4/spring-boot-starter-aop-3.1.4.jar:/home/jakerosa/.m2/repository/org/aspectj/aspectjweaver/1.9.20/aspectjweaver-1.9.20.jar:/home/jakerosa/.m2/repository/org/springframework/boot/spring-boot-starter-jdbc/3.1.4/spring-boot-starter-jdbc-3.1.4.jar:/home/jakerosa/.m2/repository/com/zaxxer/HikariCP/5.0.1/HikariCP-5.0.1.jar:/home/jakerosa/.m2/repository/org/springframework/spring-jdbc/6.0.12/spring-jdbc-6.0.12.jar:/home/jakerosa/.m2/repository/org/hibernate/orm/hibernate-core/6.2.9.Final/hibernate-core-6.2.9.Final.jar:/home/jakerosa/.m2/repository/jakarta/persistence/jakarta.persistence-api/3.1.0/jakarta.persistence-api-3.1.0.jar:/home/jakerosa/.m2/repository/jakarta/transaction/jakarta.transaction-api/2.0.1/jakarta.transaction-api-2.0.1.jar:/home/jakerosa/.m2/repository/org/jboss/logging/jboss-logging/3.5.3.Final/jboss-logging-3.5.3.Final.jar:/home/jakerosa/.m2/repository/org/hibernate/common/hibernate-commons-annotations/6.0.6.Final/hibernate-commons-annotations-6.0.6.Final.jar:/home/jakerosa/.m2/repository/io/smallrye/jandex/3.0.5/jandex-3.0.5.jar:/home/jakerosa/.m2/repository/com/fasterxml/classmate/1.5.1/classmate-1.5.1.jar:/home/jakerosa/.m2/repository/org/glassfish/jaxb/jaxb-runtime/4.0.3/jaxb-runtime-4.0.3.jar:/home/jakerosa/.m2/repository/org/glassfish/jaxb/jaxb-core/4.0.3/jaxb-core-4.0.3.jar:/home/jakerosa/.m2/repository/org/eclipse/angus/angus-activation/2.0.1/angus-activation-2.0.1.jar:/home/jakerosa/.m2/repository/org/glassfish/jaxb/txw2/4.0.3/txw2-4.0.3.jar:/home/jakerosa/.m2/repository/com/sun/istack/istack-commons-runtime/4.1.2/istack-commons-runtime-4.1.2.jar:/home/jakerosa/.m2/repository/jakarta/inject/jakarta.inject-api/2.0.1/jakarta.inject-api-2.0.1.jar:/home/jakerosa/.m2/repository/org/antlr/antlr4-runtime/4.10.1/antlr4-runtime-4.10.1.jar:/home/jakerosa/.m2/repository/org/springframework/data/spring-data-jpa/3.1.4/spring-data-jpa-3.1.4.jar:/home/jakerosa/.m2/repository/org/springframework/data/spring-data-commons/3.1.4/spring-data-commons-3.1.4.jar:/home/jakerosa/.m2/repository/org/springframework/spring-orm/6.0.12/spring-orm-6.0.12.jar:/home/jakerosa/.m2/repository/org/springframework/spring-tx/6.0.12/spring-tx-6.0.12.jar:/home/jakerosa/.m2/repository/org/springframework/spring-aspects/6.0.12/spring-aspects-6.0.12.jar:/home/jakerosa/.m2/repository/org/modelmapper/modelmapper/3.1.1/modelmapper-3.1.1.jar:/home/jakerosa/.m2/repository/org/postgresql/postgresql/42.6.0/postgresql-42.6.0.jar:/home/jakerosa/.m2/repository/org/checkerframework/checker-qual/3.31.0/checker-qual-3.31.0.jar:/home/jakerosa/.m2/repository/org/projectlombok/lombok/1.18.30/lombok-1.18.30.jar:/home/jakerosa/.m2/repository/org/springdoc/springdoc-openapi-starter-webmvc-ui/2.2.0/springdoc-openapi-starter-webmvc-ui-2.2.0.jar:/home/jakerosa/.m2/repository/org/springdoc/springdoc-openapi-starter-webmvc-api/2.2.0/springdoc-openapi-starter-webmvc-api-2.2.0.jar:/home/jakerosa/.m2/repository/org/springdoc/springdoc-openapi-starter-common/2.2.0/springdoc-openapi-starter-common-2.2.0.jar:/home/jakerosa/.m2/repository/io/swagger/core/v3/swagger-core-jakarta/2.2.15/swagger-core-jakarta-2.2.15.jar:/home/jakerosa/.m2/repository/io/swagger/core/v3/swagger-annotations-jakarta/2.2.15/swagger-annotations-jakarta-2.2.15.jar:/home/jakerosa/.m2/repository/io/swagger/core/v3/swagger-models-jakarta/2.2.15/swagger-models-jakarta-2.2.15.jar:/home/jakerosa/.m2/repository/jakarta/validation/jakarta.validation-api/3.0.2/jakarta.validation-api-3.0.2.jar:/home/jakerosa/.m2/repository/com/fasterxml/jackson/dataformat/jackson-dataformat-yaml/2.15.2/jackson-dataformat-yaml-2.15.2.jar:/home/jakerosa/.m2/repository/org/webjars/swagger-ui/5.2.0/swagger-ui-5.2.0.jar:/home/jakerosa/.m2/repository/redis/clients/jedis/5.1.0/jedis-5.1.0.jar:/home/jakerosa/.m2/repository/org/slf4j/slf4j-api/2.0.9/slf4j-api-2.0.9.jar:/home/jakerosa/.m2/repository/org/apache/commons/commons-pool2/2.11.1/commons-pool2-2.11.1.jar:/home/jakerosa/.m2/repository/org/json/json/20231013/json-20231013.jar:/home/jakerosa/.m2/repository/com/google/code/gson/gson/2.10.1/gson-2.10.1.jar:/home/jakerosa/.m2/repository/com/squareup/okhttp3/okhttp/4.9.1/okhttp-4.9.1.jar:/home/jakerosa/.m2/repository/com/squareup/okio/okio/2.8.0/okio-2.8.0.jar:/home/jakerosa/.m2/repository/org/jetbrains/kotlin/kotlin-stdlib-common/1.8.22/kotlin-stdlib-common-1.8.22.jar:/home/jakerosa/.m2/repository/org/jetbrains/kotlin/kotlin-stdlib/1.8.22/kotlin-stdlib-1.8.22.jar:/home/jakerosa/.m2/repository/org/jetbrains/annotations/13.0/annotations-13.0.jar:/home/jakerosa/.m2/repository/com/h2database/h2/2.1.214/h2-2.1.214.jar:/home/jakerosa/.m2/repository/org/junit/jupiter/junit-jupiter/5.10.2/junit-jupiter-5.10.2.jar:/home/jakerosa/.m2/repository/org/junit/jupiter/junit-jupiter-api/5.9.3/junit-jupiter-api-5.9.3.jar:/home/jakerosa/.m2/repository/org/opentest4j/opentest4j/1.2.0/opentest4j-1.2.0.jar:/home/jakerosa/.m2/repository/org/junit/platform/junit-platform-commons/1.9.3/junit-platform-commons-1.9.3.jar:/home/jakerosa/.m2/repository/org/junit/jupiter/junit-jupiter-params/5.9.3/junit-jupiter-params-5.9.3.jar:/home/jakerosa/.m2/repository/org/junit/jupiter/junit-jupiter-engine/5.9.3/junit-jupiter-engine-5.9.3.jar:/home/jakerosa/.m2/repository/org/seleniumhq/selenium/selenium-java/4.18.1/selenium-java-4.18.1.jar:/home/jakerosa/.m2/repository/org/seleniumhq/selenium/selenium-api/4.8.3/selenium-api-4.8.3.jar:/home/jakerosa/.m2/repository/org/seleniumhq/selenium/selenium-chrome-driver/4.8.3/selenium-chrome-driver-4.8.3.jar:/home/jakerosa/.m2/repository/com/google/auto/service/auto-service-annotations/1.0.1/auto-service-annotations-1.0.1.jar:/home/jakerosa/.m2/repository/com/google/auto/service/auto-service/1.0.1/auto-service-1.0.1.jar:/home/jakerosa/.m2/repository/com/google/auto/auto-common/1.2/auto-common-1.2.jar:/home/jakerosa/.m2/repository/com/google/guava/guava/31.1-jre/guava-31.1-jre.jar:/home/jakerosa/.m2/repository/com/google/guava/failureaccess/1.0.1/failureaccess-1.0.1.jar:/home/jakerosa/.m2/repository/com/google/guava/listenablefuture/9999.0-empty-to-avoid-conflict-with-guava/listenablefuture-9999.0-empty-to-avoid-conflict-with-guava.jar:/home/jakerosa/.m2/repository/com/google/code/findbugs/jsr305/3.0.2/jsr305-3.0.2.jar:/home/jakerosa/.m2/repository/com/google/errorprone/error_prone_annotations/2.11.0/error_prone_annotations-2.11.0.jar:/home/jakerosa/.m2/repository/com/google/j2objc/j2objc-annotations/1.3/j2objc-annotations-1.3.jar:/home/jakerosa/.m2/repository/org/seleniumhq/selenium/selenium-chromium-driver/4.8.3/selenium-chromium-driver-4.8.3.jar:/home/jakerosa/.m2/repository/org/seleniumhq/selenium/selenium-json/4.8.3/selenium-json-4.8.3.jar:/home/jakerosa/.m2/repository/org/seleniumhq/selenium/selenium-manager/4.8.3/selenium-manager-4.8.3.jar:/home/jakerosa/.m2/repository/org/seleniumhq/selenium/selenium-devtools-v120/4.18.1/selenium-devtools-v120-4.18.1.jar:/home/jakerosa/.m2/repository/org/seleniumhq/selenium/selenium-devtools-v121/4.18.1/selenium-devtools-v121-4.18.1.jar:/home/jakerosa/.m2/repository/org/seleniumhq/selenium/selenium-devtools-v122/4.18.1/selenium-devtools-v122-4.18.1.jar:/home/jakerosa/.m2/repository/org/seleniumhq/selenium/selenium-devtools-v85/4.8.3/selenium-devtools-v85-4.8.3.jar:/home/jakerosa/.m2/repository/org/seleniumhq/selenium/selenium-edge-driver/4.8.3/selenium-edge-driver-4.8.3.jar:/home/jakerosa/.m2/repository/org/seleniumhq/selenium/selenium-firefox-driver/4.8.3/selenium-firefox-driver-4.8.3.jar:/home/jakerosa/.m2/repository/org/seleniumhq/selenium/selenium-http/4.8.3/selenium-http-4.8.3.jar:/home/jakerosa/.m2/repository/dev/failsafe/failsafe/3.3.1/failsafe-3.3.1.jar:/home/jakerosa/.m2/repository/org/seleniumhq/selenium/selenium-ie-driver/4.8.3/selenium-ie-driver-4.8.3.jar:/home/jakerosa/.m2/repository/org/seleniumhq/selenium/selenium-remote-driver/4.8.3/selenium-remote-driver-4.8.3.jar:/home/jakerosa/.m2/repository/com/beust/jcommander/1.82/jcommander-1.82.jar:/home/jakerosa/.m2/repository/io/netty/netty-buffer/4.1.97.Final/netty-buffer-4.1.97.Final.jar:/home/jakerosa/.m2/repository/io/netty/netty-codec-http/4.1.97.Final/netty-codec-http-4.1.97.Final.jar:/home/jakerosa/.m2/repository/io/netty/netty-codec/4.1.97.Final/netty-codec-4.1.97.Final.jar:/home/jakerosa/.m2/repository/io/netty/netty-handler/4.1.97.Final/netty-handler-4.1.97.Final.jar:/home/jakerosa/.m2/repository/io/netty/netty-common/4.1.97.Final/netty-common-4.1.97.Final.jar:/home/jakerosa/.m2/repository/io/netty/netty-transport-classes-epoll/4.1.97.Final/netty-transport-classes-epoll-4.1.97.Final.jar:/home/jakerosa/.m2/repository/io/netty/netty-transport-classes-kqueue/4.1.97.Final/netty-transport-classes-kqueue-4.1.97.Final.jar:/home/jakerosa/.m2/repository/io/netty/netty-transport-native-epoll/4.1.97.Final/netty-transport-native-epoll-4.1.97.Final.jar:/home/jakerosa/.m2/repository/io/netty/netty-transport-native-kqueue/4.1.97.Final/netty-transport-native-kqueue-4.1.97.Final.jar:/home/jakerosa/.m2/repository/io/netty/netty-transport-native-unix-common/4.1.97.Final/netty-transport-native-unix-common-4.1.97.Final.jar:/home/jakerosa/.m2/repository/io/netty/netty-transport/4.1.97.Final/netty-transport-4.1.97.Final.jar:/home/jakerosa/.m2/repository/io/netty/netty-resolver/4.1.97.Final/netty-resolver-4.1.97.Final.jar:/home/jakerosa/.m2/repository/io/opentelemetry/opentelemetry-api/1.25.0/opentelemetry-api-1.25.0.jar:/home/jakerosa/.m2/repository/io/opentelemetry/opentelemetry-context/1.25.0/opentelemetry-context-1.25.0.jar:/home/jakerosa/.m2/repository/io/opentelemetry/opentelemetry-exporter-logging/1.25.0/opentelemetry-exporter-logging-1.25.0.jar:/home/jakerosa/.m2/repository/io/opentelemetry/opentelemetry-sdk-metrics/1.25.0/opentelemetry-sdk-metrics-1.25.0.jar:/home/jakerosa/.m2/repository/io/opentelemetry/opentelemetry-sdk-logs/1.25.0-alpha/opentelemetry-sdk-logs-1.25.0-alpha.jar:/home/jakerosa/.m2/repository/io/opentelemetry/opentelemetry-api-logs/1.25.0-alpha/opentelemetry-api-logs-1.25.0-alpha.jar:/home/jakerosa/.m2/repository/io/opentelemetry/opentelemetry-api-events/1.25.0-alpha/opentelemetry-api-events-1.25.0-alpha.jar:/home/jakerosa/.m2/repository/io/opentelemetry/opentelemetry-sdk-common/1.25.0/opentelemetry-sdk-common-1.25.0.jar:/home/jakerosa/.m2/repository/io/opentelemetry/opentelemetry-sdk-extension-autoconfigure-spi/1.25.0/opentelemetry-sdk-extension-autoconfigure-spi-1.25.0.jar:/home/jakerosa/.m2/repository/io/opentelemetry/opentelemetry-sdk-extension-autoconfigure/1.24.0-alpha/opentelemetry-sdk-extension-autoconfigure-1.24.0-alpha.jar:/home/jakerosa/.m2/repository/io/opentelemetry/opentelemetry-sdk-trace/1.25.0/opentelemetry-sdk-trace-1.25.0.jar:/home/jakerosa/.m2/repository/io/opentelemetry/opentelemetry-sdk/1.25.0/opentelemetry-sdk-1.25.0.jar:/home/jakerosa/.m2/repository/io/opentelemetry/opentelemetry-semconv/1.24.0-alpha/opentelemetry-semconv-1.24.0-alpha.jar:/home/jakerosa/.m2/repository/io/ous/jtoml/2.0.0/jtoml-2.0.0.jar:/home/jakerosa/.m2/repository/org/apache/commons/commons-exec/1.3/commons-exec-1.3.jar:/home/jakerosa/.m2/repository/org/asynchttpclient/async-http-client/2.12.3/async-http-client-2.12.3.jar:/home/jakerosa/.m2/repository/org/asynchttpclient/async-http-client-netty-utils/2.12.3/async-http-client-netty-utils-2.12.3.jar:/home/jakerosa/.m2/repository/io/netty/netty-codec-socks/4.1.97.Final/netty-codec-socks-4.1.97.Final.jar:/home/jakerosa/.m2/repository/io/netty/netty-handler-proxy/4.1.97.Final/netty-handler-proxy-4.1.97.Final.jar:/home/jakerosa/.m2/repository/io/netty/netty-transport-native-epoll/4.1.97.Final/netty-transport-native-epoll-4.1.97.Final-linux-x86_64.jar:/home/jakerosa/.m2/repository/io/netty/netty-transport-native-kqueue/4.1.97.Final/netty-transport-native-kqueue-4.1.97.Final-osx-x86_64.jar:/home/jakerosa/.m2/repository/org/reactivestreams/reactive-streams/1.0.4/reactive-streams-1.0.4.jar:/home/jakerosa/.m2/repository/com/typesafe/netty/netty-reactive-streams/2.0.4/netty-reactive-streams-2.0.4.jar:/home/jakerosa/.m2/repository/com/sun/activation/jakarta.activation/1.2.2/jakarta.activation-1.2.2.jar:/home/jakerosa/.m2/repository/org/seleniumhq/selenium/selenium-safari-driver/4.8.3/selenium-safari-driver-4.8.3.jar:/home/jakerosa/.m2/repository/org/seleniumhq/selenium/selenium-support/4.8.3/selenium-support-4.8.3.jar:/home/jakerosa/.m2/repository/io/github/bonigarcia/selenium-jupiter/5.1.0/selenium-jupiter-5.1.0.jar:/home/jakerosa/.m2/repository/io/github/bonigarcia/webdrivermanager/5.7.0/webdrivermanager-5.7.0.jar:/home/jakerosa/.m2/repository/com/github/docker-java/docker-java/3.3.5/docker-java-3.3.5.jar:/home/jakerosa/.m2/repository/com/github/docker-java/docker-java-core/3.3.5/docker-java-core-3.3.5.jar:/home/jakerosa/.m2/repository/com/github/docker-java/docker-java-api/3.3.5/docker-java-api-3.3.5.jar:/home/jakerosa/.m2/repository/org/bouncycastle/bcpkix-jdk18on/1.76/bcpkix-jdk18on-1.76.jar:/home/jakerosa/.m2/repository/org/bouncycastle/bcprov-jdk18on/1.76/bcprov-jdk18on-1.76.jar:/home/jakerosa/.m2/repository/org/bouncycastle/bcutil-jdk18on/1.76/bcutil-jdk18on-1.76.jar:/home/jakerosa/.m2/repository/org/slf4j/jcl-over-slf4j/2.0.9/jcl-over-slf4j-2.0.9.jar:/home/jakerosa/.m2/repository/com/github/docker-java/docker-java-transport-httpclient5/3.3.5/docker-java-transport-httpclient5-3.3.5.jar:/home/jakerosa/.m2/repository/com/github/docker-java/docker-java-transport/3.3.5/docker-java-transport-3.3.5.jar:/home/jakerosa/.m2/repository/net/java/dev/jna/jna/5.13.0/jna-5.13.0.jar:/home/jakerosa/.m2/repository/org/brotli/dec/0.1.2/dec-0.1.2.jar:/home/jakerosa/.m2/repository/org/apache/commons/commons-lang3/3.12.0/commons-lang3-3.12.0.jar:/home/jakerosa/.m2/repository/org/apache/commons/commons-compress/1.26.0/commons-compress-1.26.0.jar:/home/jakerosa/.m2/repository/commons-io/commons-io/2.15.1/commons-io-2.15.1.jar:/home/jakerosa/.m2/repository/org/apache/httpcomponents/client5/httpclient5/5.2.1/httpclient5-5.2.1.jar:/home/jakerosa/.m2/repository/org/apache/httpcomponents/core5/httpcore5/5.2.2/httpcore5-5.2.2.jar:/home/jakerosa/.m2/repository/org/apache/httpcomponents/core5/httpcore5-h2/5.2.2/httpcore5-h2-5.2.2.jar:/home/jakerosa/.m2/repository/org/junit/platform/junit-platform-suite/1.10.1/junit-platform-suite-1.10.1.jar:/home/jakerosa/.m2/repository/org/junit/platform/junit-platform-suite-api/1.9.3/junit-platform-suite-api-1.9.3.jar:/home/jakerosa/.m2/repository/org/junit/platform/junit-platform-suite-engine/1.9.3/junit-platform-suite-engine-1.9.3.jar:/home/jakerosa/.m2/repository/org/junit/platform/junit-platform-suite-commons/1.9.3/junit-platform-suite-commons-1.9.3.jar:/home/jakerosa/.m2/repository/org/junit/platform/junit-platform-launcher/1.9.3/junit-platform-launcher-1.9.3.jar:/home/jakerosa/.m2/repository/io/cucumber/cucumber-java/7.15.0/cucumber-java-7.15.0.jar:/home/jakerosa/.m2/repository/io/cucumber/cucumber-core/7.15.0/cucumber-core-7.15.0.jar:/home/jakerosa/.m2/repository/io/cucumber/cucumber-gherkin/7.15.0/cucumber-gherkin-7.15.0.jar:/home/jakerosa/.m2/repository/io/cucumber/cucumber-gherkin-messages/7.15.0/cucumber-gherkin-messages-7.15.0.jar:/home/jakerosa/.m2/repository/io/cucumber/gherkin/26.2.0/gherkin-26.2.0.jar:/home/jakerosa/.m2/repository/io/cucumber/messages/22.0.0/messages-22.0.0.jar:/home/jakerosa/.m2/repository/io/cucumber/tag-expressions/6.0.0/tag-expressions-6.0.0.jar:/home/jakerosa/.m2/repository/io/cucumber/cucumber-expressions/17.0.1/cucumber-expressions-17.0.1.jar:/home/jakerosa/.m2/repository/io/cucumber/datatable/7.15.0/datatable-7.15.0.jar:/home/jakerosa/.m2/repository/io/cucumber/cucumber-plugin/7.15.0/cucumber-plugin-7.15.0.jar:/home/jakerosa/.m2/repository/io/cucumber/docstring/7.15.0/docstring-7.15.0.jar:/home/jakerosa/.m2/repository/io/cucumber/html-formatter/20.4.0/html-formatter-20.4.0.jar:/home/jakerosa/.m2/repository/io/cucumber/junit-xml-formatter/0.2.0/junit-xml-formatter-0.2.0.jar:/home/jakerosa/.m2/repository/io/cucumber/ci-environment/10.0.0/ci-environment-10.0.0.jar:/home/jakerosa/.m2/repository/org/apiguardian/apiguardian-api/1.1.2/apiguardian-api-1.1.2.jar:/home/jakerosa/.m2/repository/io/cucumber/cucumber-junit-platform-engine/7.15.0/cucumber-junit-platform-engine-7.15.0.jar:/home/jakerosa/.m2/repository/org/junit/platform/junit-platform-engine/1.9.3/junit-platform-engine-1.9.3.jar:"/>
    <property name="sun.cpu.endian" value="little"/>
    <property name="user.home" value="/home/jakerosa"/>
    <property name="user.language" value="en"/>
    <property name="java.specification.vendor" value="Oracle Corporation"/>
    <property name="java.version.date" value="2023-01-17"/>
    <property name="java.home" value="/usr/lib/jvm/java-19-openjdk-amd64"/>
    <property name="file.separator" value="/"/>
    <property name="basedir" value="/home/jakerosa/Desktop/Uni/3ano_2semestre/TQS_109089/hw1/BusBooking"/>
    <property name="java.vm.compressedOopsMode" value="Zero based"/>
    <property name="line.separator" value="&#10;"/>
    <property name="java.vm.specification.vendor" value="Oracle Corporation"/>
    <property name="java.specification.name" value="Java Platform API Specification"/>
    <property name="FILE_LOG_CHARSET" value="UTF-8"/>
    <property name="java.awt.headless" value="true"/>
    <property name="surefire.real.class.path" value="/home/jakerosa/Desktop/Uni/3ano_2semestre/TQS_109089/hw1/BusBooking/target/surefire/surefirebooter-20240409074951143_3.jar"/>
    <property name="sun.management.compiler" value="HotSpot 64-Bit Tiered Compilers"/>
    <property name="java.runtime.version" value="19.0.2+7-Ubuntu-0ubuntu322.04"/>
    <property name="user.name" value="jakerosa"/>
    <property name="stdout.encoding" value="UTF-8"/>
    <property name="path.separator" value=":"/>
    <property name="os.version" value="6.6.10-76060610-generic"/>
    <property name="java.runtime.name" value="OpenJDK Runtime Environment"/>
    <property name="file.encoding" value="UTF-8"/>
    <property name="java.vm.name" value="OpenJDK 64-Bit Server VM"/>
    <property name="localRepository" value="/home/jakerosa/.m2/repository"/>
    <property name="java.vendor.url.bug" value="Unknown"/>
    <property name="java.io.tmpdir" value="/tmp"/>
    <property name="sonar.token" value="sqp_9d4e1c2db98b1b3876728cf6ce1f835b8bde2636"/>
    <property name="java.version" value="19.0.2"/>
    <property name="user.dir" value="/home/jakerosa/Desktop/Uni/3ano_2semestre/TQS_109089/hw1/BusBooking"/>
    <property name="os.arch" value="amd64"/>
    <property name="webdriver.gecko.driver" value="/home/jakerosa/.cache/selenium/geckodriver/linux64/0.34.0/geckodriver"/>
    <property name="java.vm.specification.name" value="Java Virtual Machine Specification"/>
    <property name="PID" value="669164"/>
    <property name="CONSOLE_LOG_CHARSET" value="UTF-8"/>
    <property name="native.encoding" value="UTF-8"/>
    <property name="sonar.projectKey" value="hw1"/>
    <property name="java.library.path" value="/usr/local/cuda/lib64:/usr/local/cuda/lib64::/usr/java/packages/lib:/usr/lib/x86_64-linux-gnu/jni:/lib/x86_64-linux-gnu:/usr/lib/x86_64-linux-gnu:/usr/lib/jni:/lib:/usr/lib"/>
    <property name="java.vm.info" value="mixed mode, sharing"/>
    <property name="stderr.encoding" value="UTF-8"/>
    <property name="java.vendor" value="Private Build"/>
    <property name="java.vm.version" value="19.0.2+7-Ubuntu-0ubuntu322.04"/>
    <property name="sun.io.unicode.encoding" value="UnicodeLittle"/>
    <property name="java.class.version" value="63.0"/>
  </properties>
  <testcase name="testReservationResponseWithInvalidCode" classname="bus.booking.PageController_WithMockServiceTest" time="0.516">
    <system-out><![CDATA[2024-04-09T07:50:09.762+01:00 DEBUG 669164 --- [           main] .b.t.a.w.s.WebMvcTestContextBootstrapper : Neither @ContextConfiguration nor @ContextHierarchy found for test class [PageController_WithMockServiceTest]: using SpringBootContextLoader
2024-04-09T07:50:09.763+01:00 DEBUG 669164 --- [           main] o.s.t.c.support.AbstractContextLoader    : Could not detect default resource locations for test class [bus.booking.PageController_WithMockServiceTest]: no resource found for suffixes {-context.xml, Context.groovy}.
2024-04-09T07:50:09.764+01:00  INFO 669164 --- [           main] t.c.s.AnnotationConfigContextLoaderUtils : Could not detect default configuration classes for test class [bus.booking.PageController_WithMockServiceTest]: PageController_WithMockServiceTest does not declare any static, non-private, non-final, nested classes annotated with @Configuration.
2024-04-09T07:50:09.781+01:00 DEBUG 669164 --- [           main] .b.t.a.w.s.WebMvcTestContextBootstrapper : Using ContextCustomizers for test class [PageController_WithMockServiceTest]: [ImportsContextCustomizer, ExcludeFilterContextCustomizer, DuplicateJsonObjectContextCustomizer, MockitoContextCustomizer, DisableAutoConfigurationContextCustomizer, DisableObservabilityContextCustomizer, TypeExcludeFiltersContextCustomizer, PropertyMappingContextCustomizer, WebDriverContextCustomizer]
2024-04-09T07:50:09.782+01:00  INFO 669164 --- [           main] .b.t.c.SpringBootTestContextBootstrapper : Found @SpringBootConfiguration bus.booking.BusBookingApplication for test class bus.booking.PageController_WithMockServiceTest
2024-04-09T07:50:09.783+01:00 DEBUG 669164 --- [           main] .s.t.c.u.TestContextSpringFactoriesUtils : Skipping candidate TestExecutionListener [org.springframework.test.context.observation.MicrometerObservationRegistryTestExecutionListener] due to a missing dependency. Specify custom TestExecutionListener classes or make the default TestExecutionListener classes and their required dependencies available. Offending class: io.micrometer.context.ThreadLocalAccessor. MicrometerObservationRegistryTestExecutionListener requires io.micrometer:micrometer-observation:1.10.8 or higher and io.micrometer:context-propagation:1.0.3 or higher.
2024-04-09T07:50:09.784+01:00 DEBUG 669164 --- [           main] .b.t.a.w.s.WebMvcTestContextBootstrapper : Using TestExecutionListeners for test class [PageController_WithMockServiceTest]: [ServletTestExecutionListener, DirtiesContextBeforeModesTestExecutionListener, ApplicationEventsTestExecutionListener, MockitoTestExecutionListener, DependencyInjectionTestExecutionListener, DirtiesContextTestExecutionListener, TransactionalTestExecutionListener, SqlScriptsTestExecutionListener, EventPublishingTestExecutionListener, ResetMocksTestExecutionListener, RestDocsTestExecutionListener, MockRestServiceServerResetTestExecutionListener, MockMvcPrintOnlyOnFailureTestExecutionListener, WebDriverTestExecutionListener, MockWebServiceServerTestExecutionListener]
2024-04-09T07:50:09.784+01:00 DEBUG 669164 --- [           main] sContextBeforeModesTestExecutionListener : Before test class: class [PageController_WithMockServiceTest], class annotated with @DirtiesContext [false] with mode [null]
2024-04-09T07:50:09.827+01:00 DEBUG 669164 --- [           main] .s.b.w.s.c.ApplicationServletEnvironment : Activating profiles []

  .   ____          _            __ _ _
 /\\ / ___'_ __ _ _(_)_ __  __ _ \ \ \ \
( ( )\___ | '_ | '_| | '_ \/ _` | \ \ \ \
 \\/  ___)| |_)| | | | | || (_| |  ) ) ) )
  '  |____| .__|_| |_|_| |_\__, | / / / /
 =========|_|==============|___/=/_/_/_/
 :: Spring Boot ::                (v3.1.4)

2024-04-09T07:50:09.835+01:00  WARN 669164 --- [           main] ory$DuplicateJsonObjectContextCustomizer : 

Found multiple occurrences of org.json.JSONObject on the class path:

	jar:file:/home/jakerosa/.m2/repository/com/vaadin/external/google/android-json/0.0.20131108.vaadin1/android-json-0.0.20131108.vaadin1.jar!/org/json/JSONObject.class
	jar:file:/home/jakerosa/.m2/repository/org/json/json/20231013/json-20231013.jar!/org/json/JSONObject.class

You may wish to exclude one of them to ensure predictable runtime behavior

2024-04-09T07:50:09.836+01:00  INFO 669164 --- [           main] b.b.PageController_WithMockServiceTest   : Starting PageController_WithMockServiceTest using Java 19.0.2 with PID 669164 (started by jakerosa in /home/jakerosa/Desktop/Uni/3ano_2semestre/TQS_109089/hw1/BusBooking)
2024-04-09T07:50:09.837+01:00  INFO 669164 --- [           main] b.b.PageController_WithMockServiceTest   : No active profile set, falling back to 1 default profile: "default"
2024-04-09T07:50:09.837+01:00 DEBUG 669164 --- [           main] o.s.boot.SpringApplication               : Loading source class bus.booking.BusBookingApplication
2024-04-09T07:50:09.840+01:00 DEBUG 669164 --- [           main] o.s.w.c.s.GenericWebApplicationContext   : Refreshing org.springframework.web.context.support.GenericWebApplicationContext@31cd6499
2024-04-09T07:50:09.857+01:00 DEBUG 669164 --- [           main] o.s.b.f.s.DefaultListableBeanFactory     : Creating shared instance of singleton bean 'org.springframework.context.annotation.internalConfigurationAnnotationProcessor'
2024-04-09T07:50:09.858+01:00 DEBUG 669164 --- [           main] o.s.b.f.s.DefaultListableBeanFactory     : Creating shared instance of singleton bean 'org.springframework.boot.autoconfigure.internalCachingMetadataReaderFactory'
2024-04-09T07:50:09.882+01:00 DEBUG 669164 --- [           main] o.s.c.a.ClassPathBeanDefinitionScanner   : Identified candidate component class: file [/home/jakerosa/Desktop/Uni/3ano_2semestre/TQS_109089/hw1/BusBooking/target/classes/bus/booking/controllers/PageController.class]
2024-04-09T07:50:10.246+01:00 DEBUG 669164 --- [           main] o.s.b.f.s.DefaultListableBeanFactory     : Creating shared instance of singleton bean 'org.springframework.boot.test.context.ImportsContextCustomizer$ImportsCleanupPostProcessor'
2024-04-09T07:50:10.250+01:00 DEBUG 669164 --- [           main] o.s.b.f.s.DefaultListableBeanFactory     : Creating shared instance of singleton bean 'org.springframework.boot.test.mock.mockito.MockitoPostProcessor'
2024-04-09T07:50:10.397+01:00 DEBUG 669164 --- [           main] o.s.b.f.s.DefaultListableBeanFactory     : Creating shared instance of singleton bean 'org.springframework.context.event.internalEventListenerProcessor'
2024-04-09T07:50:10.398+01:00 DEBUG 669164 --- [           main] o.s.b.f.s.DefaultListableBeanFactory     : Creating shared instance of singleton bean 'preserveErrorControllerTargetClassPostProcessor'
2024-04-09T07:50:10.400+01:00 DEBUG 669164 --- [           main] o.s.b.f.s.DefaultListableBeanFactory     : Creating shared instance of singleton bean 'org.springframework.context.event.internalEventListenerFactory'
2024-04-09T07:50:10.402+01:00 DEBUG 669164 --- [           main] o.s.b.f.s.DefaultListableBeanFactory     : Creating shared instance of singleton bean 'org.springframework.context.annotation.internalAutowiredAnnotationProcessor'
2024-04-09T07:50:10.404+01:00 DEBUG 669164 --- [           main] o.s.b.f.s.DefaultListableBeanFactory     : Creating shared instance of singleton bean 'org.springframework.context.annotation.internalCommonAnnotationProcessor'
2024-04-09T07:50:10.406+01:00 DEBUG 669164 --- [           main] o.s.b.f.s.DefaultListableBeanFactory     : Creating shared instance of singleton bean 'org.springframework.context.annotation.internalPersistenceAnnotationProcessor'
2024-04-09T07:50:10.407+01:00 DEBUG 669164 --- [           main] o.s.b.f.s.DefaultListableBeanFactory     : Creating shared instance of singleton bean 'org.springframework.boot.test.mock.mockito.MockitoPostProcessor$SpyPostProcessor'
2024-04-09T07:50:10.408+01:00 DEBUG 669164 --- [           main] o.s.b.f.s.DefaultListableBeanFactory     : Creating shared instance of singleton bean 'org.springframework.boot.context.properties.ConfigurationPropertiesBindingPostProcessor'
2024-04-09T07:50:10.409+01:00 DEBUG 669164 --- [           main] o.s.b.f.s.DefaultListableBeanFactory     : Creating shared instance of singleton bean 'org.springframework.boot.context.internalConfigurationPropertiesBinder'
2024-04-09T07:50:10.410+01:00 DEBUG 669164 --- [           main] o.s.b.f.s.DefaultListableBeanFactory     : Creating shared instance of singleton bean 'projectingArgumentResolverBeanPostProcessor'
2024-04-09T07:50:10.428+01:00 DEBUG 669164 --- [           main] o.s.u.c.s.UiApplicationContextUtils      : Unable to locate ThemeSource with name 'themeSource': using default [org.springframework.ui.context.support.ResourceBundleThemeSource@6b4ffcd8]
2024-04-09T07:50:10.429+01:00 DEBUG 669164 --- [           main] o.s.b.f.s.DefaultListableBeanFactory     : Creating shared instance of singleton bean 'busBookingApplication'
2024-04-09T07:50:10.431+01:00 DEBUG 669164 --- [           main] o.s.b.f.s.DefaultListableBeanFactory     : Creating shared instance of singleton bean 'pageController'
2024-04-09T07:50:10.438+01:00 DEBUG 669164 --- [           main] o.s.b.f.s.DefaultListableBeanFactory     : Autowiring by type from bean name 'pageController' via constructor to bean named 'bus.booking.services.impl.CurrencyServiceImpl#0'
2024-04-09T07:50:10.438+01:00 DEBUG 669164 --- [           main] o.s.b.f.s.DefaultListableBeanFactory     : Autowiring by type from bean name 'pageController' via constructor to bean named 'bus.booking.services.impl.CacheStatsServiceImpl#0'
2024-04-09T07:50:10.440+01:00 DEBUG 669164 --- [           main] o.s.b.f.s.DefaultListableBeanFactory     : Creating shared instance of singleton bean 'org.springframework.boot.autoconfigure.AutoConfigurationPackages'
2024-04-09T07:50:10.441+01:00 DEBUG 669164 --- [           main] o.s.b.f.s.DefaultListableBeanFactory     : Creating shared instance of singleton bean 'org.springframework.boot.autoconfigure.task.TaskExecutionAutoConfiguration'
2024-04-09T07:50:10.442+01:00 DEBUG 669164 --- [           main] o.s.b.f.s.DefaultListableBeanFactory     : Creating shared instance of singleton bean 'taskExecutorBuilder'
2024-04-09T07:50:10.443+01:00 DEBUG 669164 --- [           main] o.s.b.f.s.DefaultListableBeanFactory     : Creating shared instance of singleton bean 'spring.task.execution-org.springframework.boot.autoconfigure.task.TaskExecutionProperties'
2024-04-09T07:50:10.444+01:00 DEBUG 669164 --- [           main] o.s.b.f.s.DefaultListableBeanFactory     : Creating shared instance of singleton bean 'org.springframework.boot.context.properties.BoundConfigurationProperties'
2024-04-09T07:50:10.447+01:00 DEBUG 669164 --- [           main] o.s.b.f.s.DefaultListableBeanFactory     : Autowiring by type from bean name 'taskExecutorBuilder' via factory method to bean named 'spring.task.execution-org.springframework.boot.autoconfigure.task.TaskExecutionProperties'
2024-04-09T07:50:10.451+01:00 DEBUG 669164 --- [           main] o.s.b.f.s.DefaultListableBeanFactory     : Creating shared instance of singleton bean 'org.springframework.boot.context.properties.EnableConfigurationPropertiesRegistrar.methodValidationExcludeFilter'
2024-04-09T07:50:10.453+01:00 DEBUG 669164 --- [           main] o.s.b.f.s.DefaultListableBeanFactory     : Creating shared instance of singleton bean 'org.springframework.boot.autoconfigure.web.servlet.error.ErrorMvcAutoConfiguration$WhitelabelErrorViewConfiguration'
2024-04-09T07:50:10.454+01:00 DEBUG 669164 --- [           main] o.s.b.f.s.DefaultListableBeanFactory     : Creating shared instance of singleton bean 'error'
2024-04-09T07:50:10.455+01:00 DEBUG 669164 --- [           main] o.s.b.f.s.DefaultListableBeanFactory     : Creating shared instance of singleton bean 'beanNameViewResolver'
2024-04-09T07:50:10.458+01:00 DEBUG 669164 --- [           main] o.s.b.f.s.DefaultListableBeanFactory     : Creating shared instance of singleton bean 'org.springframework.boot.autoconfigure.web.servlet.error.ErrorMvcAutoConfiguration$DefaultErrorViewResolverConfiguration'
2024-04-09T07:50:10.461+01:00 DEBUG 669164 --- [           main] o.s.b.f.s.DefaultListableBeanFactory     : Creating shared instance of singleton bean 'spring.web-org.springframework.boot.autoconfigure.web.WebProperties'
2024-04-09T07:50:10.467+01:00 DEBUG 669164 --- [           main] o.s.b.f.s.DefaultListableBeanFactory     : Autowiring by type from bean name 'org.springframework.boot.autoconfigure.web.servlet.error.ErrorMvcAutoConfiguration$DefaultErrorViewResolverConfiguration' via constructor to bean named 'org.springframework.web.context.support.GenericWebApplicationContext@31cd6499'
2024-04-09T07:50:10.468+01:00 DEBUG 669164 --- [           main] o.s.b.f.s.DefaultListableBeanFactory     : Autowiring by type from bean name 'org.springframework.boot.autoconfigure.web.servlet.error.ErrorMvcAutoConfiguration$DefaultErrorViewResolverConfiguration' via constructor to bean named 'spring.web-org.springframework.boot.autoconfigure.web.WebProperties'
2024-04-09T07:50:10.468+01:00 DEBUG 669164 --- [           main] o.s.b.f.s.DefaultListableBeanFactory     : Creating shared instance of singleton bean 'spring.mvc-org.springframework.boot.autoconfigure.web.servlet.WebMvcProperties'
2024-04-09T07:50:10.475+01:00 DEBUG 669164 --- [           main] o.s.b.f.s.DefaultListableBeanFactory     : Creating shared instance of singleton bean 'org.springframework.boot.autoconfigure.web.servlet.error.ErrorMvcAutoConfiguration'
2024-04-09T07:50:10.476+01:00 DEBUG 669164 --- [           main] o.s.b.f.s.DefaultListableBeanFactory     : Creating shared instance of singleton bean 'server-org.springframework.boot.autoconfigure.web.ServerProperties'
2024-04-09T07:50:10.499+01:00 DEBUG 669164 --- [           main] o.s.b.f.s.DefaultListableBeanFactory     : Autowiring by type from bean name 'org.springframework.boot.autoconfigure.web.servlet.error.ErrorMvcAutoConfiguration' via constructor to bean named 'server-org.springframework.boot.autoconfigure.web.ServerProperties'
2024-04-09T07:50:10.500+01:00 DEBUG 669164 --- [           main] o.s.b.f.s.DefaultListableBeanFactory     : Creating shared instance of singleton bean 'errorAttributes'
2024-04-09T07:50:10.503+01:00 DEBUG 669164 --- [           main] o.s.b.f.s.DefaultListableBeanFactory     : Creating shared instance of singleton bean 'basicErrorController'
2024-04-09T07:50:10.504+01:00 DEBUG 669164 --- [           main] o.s.b.f.s.DefaultListableBeanFactory     : Autowiring by type from bean name 'basicErrorController' via factory method to bean named 'errorAttributes'
2024-04-09T07:50:10.514+01:00 DEBUG 669164 --- [           main] o.s.b.f.s.DefaultListableBeanFactory     : Creating shared instance of singleton bean 'errorPageCustomizer'
2024-04-09T07:50:10.515+01:00 DEBUG 669164 --- [           main] o.s.b.f.s.DefaultListableBeanFactory     : Creating shared instance of singleton bean 'dispatcherServletPath'
2024-04-09T07:50:10.515+01:00 DEBUG 669164 --- [           main] o.s.b.f.s.DefaultListableBeanFactory     : Creating shared instance of singleton bean 'org.springframework.boot.test.autoconfigure.web.servlet.MockMvcAutoConfiguration'
2024-04-09T07:50:10.516+01:00 DEBUG 669164 --- [           main] o.s.b.f.s.DefaultListableBeanFactory     : Autowiring by type from bean name 'org.springframework.boot.test.autoconfigure.web.servlet.MockMvcAutoConfiguration' via constructor to bean named 'org.springframework.web.context.support.GenericWebApplicationContext@31cd6499'
2024-04-09T07:50:10.516+01:00 DEBUG 669164 --- [           main] o.s.b.f.s.DefaultListableBeanFactory     : Autowiring by type from bean name 'org.springframework.boot.test.autoconfigure.web.servlet.MockMvcAutoConfiguration' via constructor to bean named 'spring.mvc-org.springframework.boot.autoconfigure.web.servlet.WebMvcProperties'
2024-04-09T07:50:10.518+01:00 DEBUG 669164 --- [           main] o.s.b.f.s.DefaultListableBeanFactory     : Autowiring by type from bean name 'errorPageCustomizer' via factory method to bean named 'dispatcherServletPath'
2024-04-09T07:50:10.520+01:00 DEBUG 669164 --- [           main] o.s.b.f.s.DefaultListableBeanFactory     : Creating shared instance of singleton bean 'org.springframework.boot.autoconfigure.web.servlet.WebMvcAutoConfiguration$EnableWebMvcConfiguration'
2024-04-09T07:50:10.521+01:00 DEBUG 669164 --- [           main] o.s.b.f.s.DefaultListableBeanFactory     : Autowiring by type from bean name 'org.springframework.boot.autoconfigure.web.servlet.WebMvcAutoConfiguration$EnableWebMvcConfiguration' via constructor to bean named 'spring.mvc-org.springframework.boot.autoconfigure.web.servlet.WebMvcProperties'
2024-04-09T07:50:10.521+01:00 DEBUG 669164 --- [           main] o.s.b.f.s.DefaultListableBeanFactory     : Autowiring by type from bean name 'org.springframework.boot.autoconfigure.web.servlet.WebMvcAutoConfiguration$EnableWebMvcConfiguration' via constructor to bean named 'spring.web-org.springframework.boot.autoconfigure.web.WebProperties'
2024-04-09T07:50:10.521+01:00 DEBUG 669164 --- [           main] o.s.b.f.s.DefaultListableBeanFactory     : Autowiring by type from bean name 'org.springframework.boot.autoconfigure.web.servlet.WebMvcAutoConfiguration$EnableWebMvcConfiguration' via constructor to bean named 'org.springframework.beans.factory.support.DefaultListableBeanFactory@5222a93a'
2024-04-09T07:50:10.531+01:00 DEBUG 669164 --- [           main] o.s.b.f.s.DefaultListableBeanFactory     : Creating shared instance of singleton bean 'org.springframework.boot.autoconfigure.web.servlet.WebMvcAutoConfiguration$WebMvcAutoConfigurationAdapter'
2024-04-09T07:50:10.533+01:00 DEBUG 669164 --- [           main] o.s.b.f.s.DefaultListableBeanFactory     : Autowiring by type from bean name 'org.springframework.boot.autoconfigure.web.servlet.WebMvcAutoConfiguration$WebMvcAutoConfigurationAdapter' via constructor to bean named 'spring.web-org.springframework.boot.autoconfigure.web.WebProperties'
2024-04-09T07:50:10.533+01:00 DEBUG 669164 --- [           main] o.s.b.f.s.DefaultListableBeanFactory     : Autowiring by type from bean name 'org.springframework.boot.autoconfigure.web.servlet.WebMvcAutoConfiguration$WebMvcAutoConfigurationAdapter' via constructor to bean named 'spring.mvc-org.springframework.boot.autoconfigure.web.servlet.WebMvcProperties'
2024-04-09T07:50:10.533+01:00 DEBUG 669164 --- [           main] o.s.b.f.s.DefaultListableBeanFactory     : Autowiring by type from bean name 'org.springframework.boot.autoconfigure.web.servlet.WebMvcAutoConfiguration$WebMvcAutoConfigurationAdapter' via constructor to bean named 'org.springframework.beans.factory.support.DefaultListableBeanFactory@5222a93a'
2024-04-09T07:50:10.536+01:00 DEBUG 669164 --- [           main] o.s.b.f.s.DefaultListableBeanFactory     : Creating shared instance of singleton bean 'org.springframework.data.web.config.SpringDataWebConfiguration'
2024-04-09T07:50:10.538+01:00 DEBUG 669164 --- [           main] o.s.b.f.s.DefaultListableBeanFactory     : Autowiring by type from bean name 'org.springframework.data.web.config.SpringDataWebConfiguration' via constructor to bean named 'org.springframework.web.context.support.GenericWebApplicationContext@31cd6499'
2024-04-09T07:50:10.541+01:00 DEBUG 669164 --- [           main] o.s.b.f.s.DefaultListableBeanFactory     : Creating shared instance of singleton bean 'requestMappingHandlerAdapter'
2024-04-09T07:50:10.542+01:00 DEBUG 669164 --- [           main] o.s.b.f.s.DefaultListableBeanFactory     : Creating shared instance of singleton bean 'mvcContentNegotiationManager'
2024-04-09T07:50:10.553+01:00 DEBUG 669164 --- [           main] o.s.b.f.s.DefaultListableBeanFactory     : Creating shared instance of singleton bean 'mvcConversionService'
2024-04-09T07:50:10.566+01:00 DEBUG 669164 --- [           main] o.s.b.f.s.DefaultListableBeanFactory     : Creating shared instance of singleton bean 'mvcValidator'
2024-04-09T07:50:10.577+01:00 DEBUG 669164 --- [           main] o.s.v.b.OptionalValidatorFactoryBean     : Failed to set up a Bean Validation provider

jakarta.validation.NoProviderFoundException: Unable to create a Configuration, because no Jakarta Bean Validation provider could be found. Add a provider like Hibernate Validator (RI) to your classpath.
	at jakarta.validation.Validation$GenericBootstrapImpl.configure(Validation.java:291) ~[jakarta.validation-api-3.0.2.jar:na]
	at org.springframework.validation.beanvalidation.LocalValidatorFactoryBean.afterPropertiesSet(LocalValidatorFactoryBean.java:270) ~[spring-context-6.0.12.jar:6.0.12]
	at org.springframework.validation.beanvalidation.OptionalValidatorFactoryBean.afterPropertiesSet(OptionalValidatorFactoryBean.java:39) ~[spring-context-6.0.12.jar:6.0.12]
	at org.springframework.boot.autoconfigure.validation.ValidatorAdapter.afterPropertiesSet(ValidatorAdapter.java:84) ~[spring-boot-autoconfigure-3.1.4.jar:3.1.4]
	at org.springframework.beans.factory.support.AbstractAutowireCapableBeanFactory.invokeInitMethods(AbstractAutowireCapableBeanFactory.java:1817) ~[spring-beans-6.0.12.jar:6.0.12]
	at org.springframework.beans.factory.support.AbstractAutowireCapableBeanFactory.initializeBean(AbstractAutowireCapableBeanFactory.java:1766) ~[spring-beans-6.0.12.jar:6.0.12]
	at org.springframework.beans.factory.support.AbstractAutowireCapableBeanFactory.doCreateBean(AbstractAutowireCapableBeanFactory.java:598) ~[spring-beans-6.0.12.jar:6.0.12]
	at org.springframework.beans.factory.support.AbstractAutowireCapableBeanFactory.createBean(AbstractAutowireCapableBeanFactory.java:520) ~[spring-beans-6.0.12.jar:6.0.12]
	at org.springframework.beans.factory.support.AbstractBeanFactory.lambda$doGetBean$0(AbstractBeanFactory.java:325) ~[spring-beans-6.0.12.jar:6.0.12]
	at org.springframework.beans.factory.support.DefaultSingletonBeanRegistry.getSingleton(DefaultSingletonBeanRegistry.java:234) ~[spring-beans-6.0.12.jar:6.0.12]
	at org.springframework.beans.factory.support.AbstractBeanFactory.doGetBean(AbstractBeanFactory.java:323) ~[spring-beans-6.0.12.jar:6.0.12]
	at org.springframework.beans.factory.support.AbstractBeanFactory.getBean(AbstractBeanFactory.java:199) ~[spring-beans-6.0.12.jar:6.0.12]
	at org.springframework.beans.factory.config.DependencyDescriptor.resolveCandidate(DependencyDescriptor.java:254) ~[spring-beans-6.0.12.jar:6.0.12]
	at org.springframework.beans.factory.support.DefaultListableBeanFactory.doResolveDependency(DefaultListableBeanFactory.java:1417) ~[spring-beans-6.0.12.jar:6.0.12]
	at org.springframework.beans.factory.support.DefaultListableBeanFactory.resolveDependency(DefaultListableBeanFactory.java:1337) ~[spring-beans-6.0.12.jar:6.0.12]
	at org.springframework.beans.factory.support.ConstructorResolver.resolveAutowiredArgument(ConstructorResolver.java:910) ~[spring-beans-6.0.12.jar:6.0.12]
	at org.springframework.beans.factory.support.ConstructorResolver.createArgumentArray(ConstructorResolver.java:788) ~[spring-beans-6.0.12.jar:6.0.12]
	at org.springframework.beans.factory.support.ConstructorResolver.instantiateUsingFactoryMethod(ConstructorResolver.java:545) ~[spring-beans-6.0.12.jar:6.0.12]
	at org.springframework.beans.factory.support.AbstractAutowireCapableBeanFactory.instantiateUsingFactoryMethod(AbstractAutowireCapableBeanFactory.java:1332) ~[spring-beans-6.0.12.jar:6.0.12]
	at org.springframework.beans.factory.support.AbstractAutowireCapableBeanFactory.createBeanInstance(AbstractAutowireCapableBeanFactory.java:1162) ~[spring-beans-6.0.12.jar:6.0.12]
	at org.springframework.beans.factory.support.AbstractAutowireCapableBeanFactory.doCreateBean(AbstractAutowireCapableBeanFactory.java:560) ~[spring-beans-6.0.12.jar:6.0.12]
	at org.springframework.beans.factory.support.AbstractAutowireCapableBeanFactory.createBean(AbstractAutowireCapableBeanFactory.java:520) ~[spring-beans-6.0.12.jar:6.0.12]
	at org.springframework.beans.factory.support.AbstractBeanFactory.lambda$doGetBean$0(AbstractBeanFactory.java:325) ~[spring-beans-6.0.12.jar:6.0.12]
	at org.springframework.beans.factory.support.DefaultSingletonBeanRegistry.getSingleton(DefaultSingletonBeanRegistry.java:234) ~[spring-beans-6.0.12.jar:6.0.12]
	at org.springframework.beans.factory.support.AbstractBeanFactory.doGetBean(AbstractBeanFactory.java:323) ~[spring-beans-6.0.12.jar:6.0.12]
	at org.springframework.beans.factory.support.AbstractBeanFactory.getBean(AbstractBeanFactory.java:199) ~[spring-beans-6.0.12.jar:6.0.12]
	at org.springframework.beans.factory.support.DefaultListableBeanFactory.preInstantiateSingletons(DefaultListableBeanFactory.java:973) ~[spring-beans-6.0.12.jar:6.0.12]
	at org.springframework.context.support.AbstractApplicationContext.finishBeanFactoryInitialization(AbstractApplicationContext.java:942) ~[spring-context-6.0.12.jar:6.0.12]
	at org.springframework.context.support.AbstractApplicationContext.refresh(AbstractApplicationContext.java:608) ~[spring-context-6.0.12.jar:6.0.12]
	at org.springframework.boot.SpringApplication.refresh(SpringApplication.java:737) ~[spring-boot-3.1.4.jar:3.1.4]
	at org.springframework.boot.SpringApplication.refreshContext(SpringApplication.java:439) ~[spring-boot-3.1.4.jar:3.1.4]
	at org.springframework.boot.SpringApplication.run(SpringApplication.java:315) ~[spring-boot-3.1.4.jar:3.1.4]
	at org.springframework.boot.test.context.SpringBootContextLoader.lambda$loadContext$3(SpringBootContextLoader.java:137) ~[spring-boot-test-3.1.4.jar:3.1.4]
	at org.springframework.util.function.ThrowingSupplier.get(ThrowingSupplier.java:58) ~[spring-core-6.0.12.jar:6.0.12]
	at org.springframework.util.function.ThrowingSupplier.get(ThrowingSupplier.java:46) ~[spring-core-6.0.12.jar:6.0.12]
	at org.springframework.boot.SpringApplication.withHook(SpringApplication.java:1409) ~[spring-boot-3.1.4.jar:3.1.4]
	at org.springframework.boot.test.context.SpringBootContextLoader$ContextLoaderHook.run(SpringBootContextLoader.java:545) ~[spring-boot-test-3.1.4.jar:3.1.4]
	at org.springframework.boot.test.context.SpringBootContextLoader.loadContext(SpringBootContextLoader.java:137) ~[spring-boot-test-3.1.4.jar:3.1.4]
	at org.springframework.boot.test.context.SpringBootContextLoader.loadContext(SpringBootContextLoader.java:108) ~[spring-boot-test-3.1.4.jar:3.1.4]
	at org.springframework.test.context.cache.DefaultCacheAwareContextLoaderDelegate.loadContextInternal(DefaultCacheAwareContextLoaderDelegate.java:187) ~[spring-test-6.0.12.jar:6.0.12]
	at org.springframework.test.context.cache.DefaultCacheAwareContextLoaderDelegate.loadContext(DefaultCacheAwareContextLoaderDelegate.java:119) ~[spring-test-6.0.12.jar:6.0.12]
	at org.springframework.test.context.support.DefaultTestContext.getApplicationContext(DefaultTestContext.java:127) ~[spring-test-6.0.12.jar:6.0.12]
	at org.springframework.boot.test.mock.mockito.MockitoTestExecutionListener.postProcessFields(MockitoTestExecutionListener.java:110) ~[spring-boot-test-3.1.4.jar:3.1.4]
	at org.springframework.boot.test.mock.mockito.MockitoTestExecutionListener.injectFields(MockitoTestExecutionListener.java:94) ~[spring-boot-test-3.1.4.jar:3.1.4]
	at org.springframework.boot.test.mock.mockito.MockitoTestExecutionListener.prepareTestInstance(MockitoTestExecutionListener.java:61) ~[spring-boot-test-3.1.4.jar:3.1.4]
	at org.springframework.test.context.TestContextManager.prepareTestInstance(TestContextManager.java:241) ~[spring-test-6.0.12.jar:6.0.12]
	at org.springframework.test.context.junit.jupiter.SpringExtension.postProcessTestInstance(SpringExtension.java:138) ~[spring-test-6.0.12.jar:6.0.12]
	at org.junit.jupiter.engine.descriptor.ClassBasedTestDescriptor.lambda$invokeTestInstancePostProcessors$10(ClassBasedTestDescriptor.java:377) ~[junit-jupiter-engine-5.9.3.jar:5.9.3]
	at org.junit.jupiter.engine.descriptor.ClassBasedTestDescriptor.executeAndMaskThrowable(ClassBasedTestDescriptor.java:382) ~[junit-jupiter-engine-5.9.3.jar:5.9.3]
	at org.junit.jupiter.engine.descriptor.ClassBasedTestDescriptor.lambda$invokeTestInstancePostProcessors$11(ClassBasedTestDescriptor.java:377) ~[junit-jupiter-engine-5.9.3.jar:5.9.3]
	at java.base/java.util.stream.ReferencePipeline$3$1.accept(ReferencePipeline.java:197) ~[na:na]
	at java.base/java.util.stream.ReferencePipeline$2$1.accept(ReferencePipeline.java:179) ~[na:na]
	at java.base/java.util.ArrayList$ArrayListSpliterator.forEachRemaining(ArrayList.java:1625) ~[na:na]
	at java.base/java.util.stream.AbstractPipeline.copyInto(AbstractPipeline.java:509) ~[na:na]
	at java.base/java.util.stream.AbstractPipeline.wrapAndCopyInto(AbstractPipeline.java:499) ~[na:na]
	at java.base/java.util.stream.StreamSpliterators$WrappingSpliterator.forEachRemaining(StreamSpliterators.java:310) ~[na:na]
	at java.base/java.util.stream.Streams$ConcatSpliterator.forEachRemaining(Streams.java:735) ~[na:na]
	at java.base/java.util.stream.Streams$ConcatSpliterator.forEachRemaining(Streams.java:734) ~[na:na]
	at java.base/java.util.stream.ReferencePipeline$Head.forEach(ReferencePipeline.java:762) ~[na:na]
	at org.junit.jupiter.engine.descriptor.ClassBasedTestDescriptor.invokeTestInstancePostProcessors(ClassBasedTestDescriptor.java:376) ~[junit-jupiter-engine-5.9.3.jar:5.9.3]
	at org.junit.jupiter.engine.descriptor.ClassBasedTestDescriptor.lambda$instantiateAndPostProcessTestInstance$6(ClassBasedTestDescriptor.java:289) ~[junit-jupiter-engine-5.9.3.jar:5.9.3]
	at org.junit.platform.engine.support.hierarchical.ThrowableCollector.execute(ThrowableCollector.java:73) ~[junit-platform-engine-1.9.3.jar:1.9.3]
	at org.junit.jupiter.engine.descriptor.ClassBasedTestDescriptor.instantiateAndPostProcessTestInstance(ClassBasedTestDescriptor.java:288) ~[junit-jupiter-engine-5.9.3.jar:5.9.3]
	at org.junit.jupiter.engine.descriptor.ClassBasedTestDescriptor.lambda$testInstancesProvider$4(ClassBasedTestDescriptor.java:278) ~[junit-jupiter-engine-5.9.3.jar:5.9.3]
	at java.base/java.util.Optional.orElseGet(Optional.java:364) ~[na:na]
	at org.junit.jupiter.engine.descriptor.ClassBasedTestDescriptor.lambda$testInstancesProvider$5(ClassBasedTestDescriptor.java:277) ~[junit-jupiter-engine-5.9.3.jar:5.9.3]
	at org.junit.jupiter.engine.execution.TestInstancesProvider.getTestInstances(TestInstancesProvider.java:31) ~[junit-jupiter-engine-5.9.3.jar:5.9.3]
	at org.junit.jupiter.engine.descriptor.TestMethodTestDescriptor.lambda$prepare$0(TestMethodTestDescriptor.java:105) ~[junit-jupiter-engine-5.9.3.jar:5.9.3]
	at org.junit.platform.engine.support.hierarchical.ThrowableCollector.execute(ThrowableCollector.java:73) ~[junit-platform-engine-1.9.3.jar:1.9.3]
	at org.junit.jupiter.engine.descriptor.TestMethodTestDescriptor.prepare(TestMethodTestDescriptor.java:104) ~[junit-jupiter-engine-5.9.3.jar:5.9.3]
	at org.junit.jupiter.engine.descriptor.TestMethodTestDescriptor.prepare(TestMethodTestDescriptor.java:68) ~[junit-jupiter-engine-5.9.3.jar:5.9.3]
	at org.junit.platform.engine.support.hierarchical.NodeTestTask.lambda$prepare$2(NodeTestTask.java:123) ~[junit-platform-engine-1.9.3.jar:1.9.3]
	at org.junit.platform.engine.support.hierarchical.ThrowableCollector.execute(ThrowableCollector.java:73) ~[junit-platform-engine-1.9.3.jar:1.9.3]
	at org.junit.platform.engine.support.hierarchical.NodeTestTask.prepare(NodeTestTask.java:123) ~[junit-platform-engine-1.9.3.jar:1.9.3]
	at org.junit.platform.engine.support.hierarchical.NodeTestTask.execute(NodeTestTask.java:90) ~[junit-platform-engine-1.9.3.jar:1.9.3]
	at java.base/java.util.ArrayList.forEach(ArrayList.java:1511) ~[na:na]
	at org.junit.platform.engine.support.hierarchical.SameThreadHierarchicalTestExecutorService.invokeAll(SameThreadHierarchicalTestExecutorService.java:41) ~[junit-platform-engine-1.9.3.jar:1.9.3]
	at org.junit.platform.engine.support.hierarchical.NodeTestTask.lambda$executeRecursively$6(NodeTestTask.java:155) ~[junit-platform-engine-1.9.3.jar:1.9.3]
	at org.junit.platform.engine.support.hierarchical.ThrowableCollector.execute(ThrowableCollector.java:73) ~[junit-platform-engine-1.9.3.jar:1.9.3]
	at org.junit.platform.engine.support.hierarchical.NodeTestTask.lambda$executeRecursively$8(NodeTestTask.java:141) ~[junit-platform-engine-1.9.3.jar:1.9.3]
	at org.junit.platform.engine.support.hierarchical.Node.around(Node.java:137) ~[junit-platform-engine-1.9.3.jar:1.9.3]
	at org.junit.platform.engine.support.hierarchical.NodeTestTask.lambda$executeRecursively$9(NodeTestTask.java:139) ~[junit-platform-engine-1.9.3.jar:1.9.3]
	at org.junit.platform.engine.support.hierarchical.ThrowableCollector.execute(ThrowableCollector.java:73) ~[junit-platform-engine-1.9.3.jar:1.9.3]
	at org.junit.platform.engine.support.hierarchical.NodeTestTask.executeRecursively(NodeTestTask.java:138) ~[junit-platform-engine-1.9.3.jar:1.9.3]
	at org.junit.platform.engine.support.hierarchical.NodeTestTask.execute(NodeTestTask.java:95) ~[junit-platform-engine-1.9.3.jar:1.9.3]
	at java.base/java.util.ArrayList.forEach(ArrayList.java:1511) ~[na:na]
	at org.junit.platform.engine.support.hierarchical.SameThreadHierarchicalTestExecutorService.invokeAll(SameThreadHierarchicalTestExecutorService.java:41) ~[junit-platform-engine-1.9.3.jar:1.9.3]
	at org.junit.platform.engine.support.hierarchical.NodeTestTask.lambda$executeRecursively$6(NodeTestTask.java:155) ~[junit-platform-engine-1.9.3.jar:1.9.3]
	at org.junit.platform.engine.support.hierarchical.ThrowableCollector.execute(ThrowableCollector.java:73) ~[junit-platform-engine-1.9.3.jar:1.9.3]
	at org.junit.platform.engine.support.hierarchical.NodeTestTask.lambda$executeRecursively$8(NodeTestTask.java:141) ~[junit-platform-engine-1.9.3.jar:1.9.3]
	at org.junit.platform.engine.support.hierarchical.Node.around(Node.java:137) ~[junit-platform-engine-1.9.3.jar:1.9.3]
	at org.junit.platform.engine.support.hierarchical.NodeTestTask.lambda$executeRecursively$9(NodeTestTask.java:139) ~[junit-platform-engine-1.9.3.jar:1.9.3]
	at org.junit.platform.engine.support.hierarchical.ThrowableCollector.execute(ThrowableCollector.java:73) ~[junit-platform-engine-1.9.3.jar:1.9.3]
	at org.junit.platform.engine.support.hierarchical.NodeTestTask.executeRecursively(NodeTestTask.java:138) ~[junit-platform-engine-1.9.3.jar:1.9.3]
	at org.junit.platform.engine.support.hierarchical.NodeTestTask.execute(NodeTestTask.java:95) ~[junit-platform-engine-1.9.3.jar:1.9.3]
	at org.junit.platform.engine.support.hierarchical.SameThreadHierarchicalTestExecutorService.submit(SameThreadHierarchicalTestExecutorService.java:35) ~[junit-platform-engine-1.9.3.jar:1.9.3]
	at org.junit.platform.engine.support.hierarchical.HierarchicalTestExecutor.execute(HierarchicalTestExecutor.java:57) ~[junit-platform-engine-1.9.3.jar:1.9.3]
	at org.junit.platform.engine.support.hierarchical.HierarchicalTestEngine.execute(HierarchicalTestEngine.java:54) ~[junit-platform-engine-1.9.3.jar:1.9.3]
	at org.junit.platform.launcher.core.EngineExecutionOrchestrator.execute(EngineExecutionOrchestrator.java:147) ~[junit-platform-launcher-1.9.3.jar:1.9.3]
	at org.junit.platform.launcher.core.EngineExecutionOrchestrator.execute(EngineExecutionOrchestrator.java:127) ~[junit-platform-launcher-1.9.3.jar:1.9.3]
	at org.junit.platform.launcher.core.EngineExecutionOrchestrator.execute(EngineExecutionOrchestrator.java:90) ~[junit-platform-launcher-1.9.3.jar:1.9.3]
	at org.junit.platform.launcher.core.EngineExecutionOrchestrator.lambda$execute$0(EngineExecutionOrchestrator.java:55) ~[junit-platform-launcher-1.9.3.jar:1.9.3]
	at org.junit.platform.launcher.core.EngineExecutionOrchestrator.withInterceptedStreams(EngineExecutionOrchestrator.java:102) ~[junit-platform-launcher-1.9.3.jar:1.9.3]
	at org.junit.platform.launcher.core.EngineExecutionOrchestrator.execute(EngineExecutionOrchestrator.java:54) ~[junit-platform-launcher-1.9.3.jar:1.9.3]
	at org.junit.platform.launcher.core.DefaultLauncher.execute(DefaultLauncher.java:114) ~[junit-platform-launcher-1.9.3.jar:1.9.3]
	at org.junit.platform.launcher.core.DefaultLauncher.execute(DefaultLauncher.java:86) ~[junit-platform-launcher-1.9.3.jar:1.9.3]
	at org.junit.platform.launcher.core.DefaultLauncherSession$DelegatingLauncher.execute(DefaultLauncherSession.java:86) ~[junit-platform-launcher-1.9.3.jar:1.9.3]
	at org.apache.maven.surefire.junitplatform.LazyLauncher.execute(LazyLauncher.java:50) ~[surefire-junit-platform-3.0.0.jar:3.0.0]
	at org.apache.maven.surefire.junitplatform.JUnitPlatformProvider.execute(JUnitPlatformProvider.java:184) ~[surefire-junit-platform-3.0.0.jar:3.0.0]
	at org.apache.maven.surefire.junitplatform.JUnitPlatformProvider.invokeAllTests(JUnitPlatformProvider.java:148) ~[surefire-junit-platform-3.0.0.jar:3.0.0]
	at org.apache.maven.surefire.junitplatform.JUnitPlatformProvider.invoke(JUnitPlatformProvider.java:122) ~[surefire-junit-platform-3.0.0.jar:3.0.0]
	at org.apache.maven.surefire.booter.ForkedBooter.runSuitesInProcess(ForkedBooter.java:385) ~[surefire-booter-3.0.0.jar:3.0.0]
	at org.apache.maven.surefire.booter.ForkedBooter.execute(ForkedBooter.java:162) ~[surefire-booter-3.0.0.jar:3.0.0]
	at org.apache.maven.surefire.booter.ForkedBooter.run(ForkedBooter.java:507) ~[surefire-booter-3.0.0.jar:3.0.0]
	at org.apache.maven.surefire.booter.ForkedBooter.main(ForkedBooter.java:495) ~[surefire-booter-3.0.0.jar:3.0.0]

2024-04-09T07:50:10.584+01:00 DEBUG 669164 --- [           main] o.s.b.f.s.DefaultListableBeanFactory     : Autowiring by type from bean name 'requestMappingHandlerAdapter' via factory method to bean named 'mvcContentNegotiationManager'
2024-04-09T07:50:10.584+01:00 DEBUG 669164 --- [           main] o.s.b.f.s.DefaultListableBeanFactory     : Autowiring by type from bean name 'requestMappingHandlerAdapter' via factory method to bean named 'mvcConversionService'
2024-04-09T07:50:10.584+01:00 DEBUG 669164 --- [           main] o.s.b.f.s.DefaultListableBeanFactory     : Autowiring by type from bean name 'requestMappingHandlerAdapter' via factory method to bean named 'mvcValidator'
2024-04-09T07:50:10.597+01:00 DEBUG 669164 --- [           main] o.s.b.f.s.DefaultListableBeanFactory     : Creating shared instance of singleton bean 'messageConverters'
2024-04-09T07:50:10.597+01:00 DEBUG 669164 --- [           main] o.s.b.f.s.DefaultListableBeanFactory     : Creating shared instance of singleton bean 'org.springframework.boot.autoconfigure.http.HttpMessageConvertersAutoConfiguration'
2024-04-09T07:50:10.601+01:00 DEBUG 669164 --- [           main] o.s.b.f.s.DefaultListableBeanFactory     : Creating shared instance of singleton bean 'stringHttpMessageConverter'
2024-04-09T07:50:10.601+01:00 DEBUG 669164 --- [           main] o.s.b.f.s.DefaultListableBeanFactory     : Creating shared instance of singleton bean 'org.springframework.boot.autoconfigure.http.HttpMessageConvertersAutoConfiguration$StringHttpMessageConverterConfiguration'
2024-04-09T07:50:10.602+01:00 DEBUG 669164 --- [           main] o.s.b.f.s.DefaultListableBeanFactory     : Autowiring by type from bean name 'stringHttpMessageConverter' via factory method to bean named 'environment'
2024-04-09T07:50:10.611+01:00 DEBUG 669164 --- [           main] o.s.b.f.s.DefaultListableBeanFactory     : Creating shared instance of singleton bean 'mappingJackson2HttpMessageConverter'
2024-04-09T07:50:10.612+01:00 DEBUG 669164 --- [           main] o.s.b.f.s.DefaultListableBeanFactory     : Creating shared instance of singleton bean 'org.springframework.boot.autoconfigure.http.JacksonHttpMessageConvertersConfiguration$MappingJackson2HttpMessageConverterConfiguration'
2024-04-09T07:50:10.613+01:00 DEBUG 669164 --- [           main] o.s.b.f.s.DefaultListableBeanFactory     : Creating shared instance of singleton bean 'jacksonObjectMapper'
2024-04-09T07:50:10.613+01:00 DEBUG 669164 --- [           main] o.s.b.f.s.DefaultListableBeanFactory     : Creating shared instance of singleton bean 'org.springframework.boot.autoconfigure.jackson.JacksonAutoConfiguration$JacksonObjectMapperConfiguration'
2024-04-09T07:50:10.614+01:00 DEBUG 669164 --- [           main] o.s.b.f.s.DefaultListableBeanFactory     : Creating shared instance of singleton bean 'org.springframework.boot.autoconfigure.jackson.JacksonAutoConfiguration$JacksonObjectMapperBuilderConfiguration'
2024-04-09T07:50:10.615+01:00 DEBUG 669164 --- [           main] o.s.b.f.s.DefaultListableBeanFactory     : Creating shared instance of singleton bean 'standardJacksonObjectMapperBuilderCustomizer'
2024-04-09T07:50:10.616+01:00 DEBUG 669164 --- [           main] o.s.b.f.s.DefaultListableBeanFactory     : Creating shared instance of singleton bean 'org.springframework.boot.autoconfigure.jackson.JacksonAutoConfiguration$Jackson2ObjectMapperBuilderCustomizerConfiguration'
2024-04-09T07:50:10.617+01:00 DEBUG 669164 --- [           main] o.s.b.f.s.DefaultListableBeanFactory     : Creating shared instance of singleton bean 'spring.jackson-org.springframework.boot.autoconfigure.jackson.JacksonProperties'
2024-04-09T07:50:10.623+01:00 DEBUG 669164 --- [           main] o.s.b.f.s.DefaultListableBeanFactory     : Autowiring by type from bean name 'standardJacksonObjectMapperBuilderCustomizer' via factory method to bean named 'spring.jackson-org.springframework.boot.autoconfigure.jackson.JacksonProperties'
2024-04-09T07:50:10.624+01:00 DEBUG 669164 --- [           main] o.s.b.f.s.DefaultListableBeanFactory     : Creating shared instance of singleton bean 'parameterNamesModule'
2024-04-09T07:50:10.624+01:00 DEBUG 669164 --- [           main] o.s.b.f.s.DefaultListableBeanFactory     : Creating shared instance of singleton bean 'org.springframework.boot.autoconfigure.jackson.JacksonAutoConfiguration$ParameterNamesModuleConfiguration'
2024-04-09T07:50:10.633+01:00 DEBUG 669164 --- [           main] o.s.b.f.s.DefaultListableBeanFactory     : Creating shared instance of singleton bean 'jsonMixinModule'
2024-04-09T07:50:10.633+01:00 DEBUG 669164 --- [           main] o.s.b.f.s.DefaultListableBeanFactory     : Creating shared instance of singleton bean 'org.springframework.boot.autoconfigure.jackson.JacksonAutoConfiguration$JacksonMixinConfiguration'
2024-04-09T07:50:10.634+01:00 DEBUG 669164 --- [           main] o.s.b.f.s.DefaultListableBeanFactory     : Creating shared instance of singleton bean 'jsonMixinModuleEntries'
2024-04-09T07:50:10.635+01:00 DEBUG 669164 --- [           main] o.s.b.f.s.DefaultListableBeanFactory     : Autowiring by type from bean name 'jsonMixinModuleEntries' via factory method to bean named 'org.springframework.web.context.support.GenericWebApplicationContext@31cd6499'
2024-04-09T07:50:10.636+01:00 DEBUG 669164 --- [           main] o.s.b.a.AutoConfigurationPackages        : @EnableAutoConfiguration was declared on a class in the package 'bus.booking'. Automatic @Repository and @Entity scanning is enabled.
2024-04-09T07:50:10.643+01:00 DEBUG 669164 --- [           main] o.s.b.f.s.DefaultListableBeanFactory     : Autowiring by type from bean name 'jsonMixinModule' via factory method to bean named 'org.springframework.web.context.support.GenericWebApplicationContext@31cd6499'
2024-04-09T07:50:10.644+01:00 DEBUG 669164 --- [           main] o.s.b.f.s.DefaultListableBeanFactory     : Autowiring by type from bean name 'jsonMixinModule' via factory method to bean named 'jsonMixinModuleEntries'
2024-04-09T07:50:10.646+01:00 DEBUG 669164 --- [           main] o.s.b.f.s.DefaultListableBeanFactory     : Creating shared instance of singleton bean 'jsonComponentModule'
2024-04-09T07:50:10.646+01:00 DEBUG 669164 --- [           main] o.s.b.f.s.DefaultListableBeanFactory     : Creating shared instance of singleton bean 'org.springframework.boot.autoconfigure.jackson.JacksonAutoConfiguration'
2024-04-09T07:50:10.651+01:00 DEBUG 669164 --- [           main] o.s.b.f.s.DefaultListableBeanFactory     : Creating shared instance of singleton bean 'jacksonGeoModule'
2024-04-09T07:50:10.651+01:00 DEBUG 669164 --- [           main] o.s.b.f.s.DefaultListableBeanFactory     : Creating shared instance of singleton bean 'org.springframework.data.web.config.SpringDataJacksonConfiguration'
2024-04-09T07:50:10.659+01:00 DEBUG 669164 --- [           main] o.s.b.f.s.DefaultListableBeanFactory     : Autowiring by type from bean name 'jacksonObjectMapperBuilder' via factory method to bean named 'org.springframework.web.context.support.GenericWebApplicationContext@31cd6499'
2024-04-09T07:50:10.660+01:00 DEBUG 669164 --- [           main] o.s.b.f.s.DefaultListableBeanFactory     : Autowiring by type from bean name 'jacksonObjectMapperBuilder' via factory method to bean named 'standardJacksonObjectMapperBuilderCustomizer'
2024-04-09T07:50:10.662+01:00 DEBUG 669164 --- [           main] o.s.b.f.s.DefaultListableBeanFactory     : Autowiring by type from bean name 'jacksonObjectMapper' via factory method to bean named 'jacksonObjectMapperBuilder'
2024-04-09T07:50:10.689+01:00 DEBUG 669164 --- [           main] o.s.b.f.s.DefaultListableBeanFactory     : Autowiring by type from bean name 'mappingJackson2HttpMessageConverter' via factory method to bean named 'jacksonObjectMapper'
2024-04-09T07:50:10.756+01:00 DEBUG 669164 --- [           main] o.s.b.f.s.DefaultListableBeanFactory     : Creating shared instance of singleton bean 'sortResolver'
2024-04-09T07:50:10.757+01:00 DEBUG 669164 --- [           main] o.s.b.f.s.DefaultListableBeanFactory     : Creating shared instance of singleton bean 'sortCustomizer'
2024-04-09T07:50:10.758+01:00 DEBUG 669164 --- [           main] o.s.b.f.s.DefaultListableBeanFactory     : Creating shared instance of singleton bean 'org.springframework.boot.autoconfigure.data.web.SpringDataWebAutoConfiguration'
2024-04-09T07:50:10.758+01:00 DEBUG 669164 --- [           main] o.s.b.f.s.DefaultListableBeanFactory     : Creating shared instance of singleton bean 'spring.data.web-org.springframework.boot.autoconfigure.data.web.SpringDataWebProperties'
2024-04-09T07:50:10.760+01:00 DEBUG 669164 --- [           main] o.s.b.f.s.DefaultListableBeanFactory     : Autowiring by type from bean name 'org.springframework.boot.autoconfigure.data.web.SpringDataWebAutoConfiguration' via constructor to bean named 'spring.data.web-org.springframework.boot.autoconfigure.data.web.SpringDataWebProperties'
2024-04-09T07:50:10.763+01:00 DEBUG 669164 --- [           main] o.s.b.f.s.DefaultListableBeanFactory     : Creating shared instance of singleton bean 'pageableResolver'
2024-04-09T07:50:10.765+01:00 DEBUG 669164 --- [           main] o.s.b.f.s.DefaultListableBeanFactory     : Creating shared instance of singleton bean 'pageableCustomizer'
2024-04-09T07:50:10.770+01:00 DEBUG 669164 --- [           main] o.s.b.f.s.DefaultListableBeanFactory     : Creating shared instance of singleton bean 'applicationTaskExecutor'
2024-04-09T07:50:10.771+01:00 DEBUG 669164 --- [           main] o.s.b.f.s.DefaultListableBeanFactory     : Autowiring by type from bean name 'applicationTaskExecutor' via factory method to bean named 'taskExecutorBuilder'
2024-04-09T07:50:10.780+01:00 DEBUG 669164 --- [           main] o.s.s.concurrent.ThreadPoolTaskExecutor  : Initializing ExecutorService 'applicationTaskExecutor'
2024-04-09T07:50:10.791+01:00 DEBUG 669164 --- [           main] s.w.s.m.m.a.RequestMappingHandlerAdapter : ControllerAdvice beans: 0 @ModelAttribute, 0 @InitBinder, 1 RequestBodyAdvice, 1 ResponseBodyAdvice
2024-04-09T07:50:10.850+01:00 DEBUG 669164 --- [           main] o.s.b.f.s.DefaultListableBeanFactory     : Creating shared instance of singleton bean 'welcomePageHandlerMapping'
2024-04-09T07:50:10.850+01:00 DEBUG 669164 --- [           main] o.s.b.f.s.DefaultListableBeanFactory     : Creating shared instance of singleton bean 'mvcResourceUrlProvider'
2024-04-09T07:50:10.852+01:00 DEBUG 669164 --- [           main] o.s.b.f.s.DefaultListableBeanFactory     : Autowiring by type from bean name 'welcomePageHandlerMapping' via factory method to bean named 'org.springframework.web.context.support.GenericWebApplicationContext@31cd6499'
2024-04-09T07:50:10.852+01:00 DEBUG 669164 --- [           main] o.s.b.f.s.DefaultListableBeanFactory     : Autowiring by type from bean name 'welcomePageHandlerMapping' via factory method to bean named 'mvcConversionService'
2024-04-09T07:50:10.852+01:00 DEBUG 669164 --- [           main] o.s.b.f.s.DefaultListableBeanFactory     : Autowiring by type from bean name 'welcomePageHandlerMapping' via factory method to bean named 'mvcResourceUrlProvider'
2024-04-09T07:50:10.860+01:00  INFO 669164 --- [           main] o.s.b.a.w.s.WelcomePageHandlerMapping    : Adding welcome page template: index
2024-04-09T07:50:10.875+01:00 DEBUG 669164 --- [           main] o.s.b.f.s.DefaultListableBeanFactory     : Creating shared instance of singleton bean 'welcomePageNotAcceptableHandlerMapping'
2024-04-09T07:50:10.875+01:00 DEBUG 669164 --- [           main] o.s.b.f.s.DefaultListableBeanFactory     : Autowiring by type from bean name 'welcomePageNotAcceptableHandlerMapping' via factory method to bean named 'org.springframework.web.context.support.GenericWebApplicationContext@31cd6499'
2024-04-09T07:50:10.876+01:00 DEBUG 669164 --- [           main] o.s.b.f.s.DefaultListableBeanFactory     : Autowiring by type from bean name 'welcomePageNotAcceptableHandlerMapping' via factory method to bean named 'mvcConversionService'
2024-04-09T07:50:10.876+01:00 DEBUG 669164 --- [           main] o.s.b.f.s.DefaultListableBeanFactory     : Autowiring by type from bean name 'welcomePageNotAcceptableHandlerMapping' via factory method to bean named 'mvcResourceUrlProvider'
2024-04-09T07:50:10.879+01:00 DEBUG 669164 --- [           main] o.s.b.f.s.DefaultListableBeanFactory     : Creating shared instance of singleton bean 'localeResolver'
2024-04-09T07:50:10.881+01:00 DEBUG 669164 --- [           main] o.s.b.f.s.DefaultListableBeanFactory     : Creating shared instance of singleton bean 'themeResolver'
2024-04-09T07:50:10.883+01:00 DEBUG 669164 --- [           main] o.s.b.f.s.DefaultListableBeanFactory     : Creating shared instance of singleton bean 'flashMapManager'
2024-04-09T07:50:10.886+01:00 DEBUG 669164 --- [           main] o.s.b.f.s.DefaultListableBeanFactory     : Creating shared instance of singleton bean 'requestMappingHandlerMapping'
2024-04-09T07:50:10.887+01:00 DEBUG 669164 --- [           main] o.s.b.f.s.DefaultListableBeanFactory     : Autowiring by type from bean name 'requestMappingHandlerMapping' via factory method to bean named 'mvcContentNegotiationManager'
2024-04-09T07:50:10.887+01:00 DEBUG 669164 --- [           main] o.s.b.f.s.DefaultListableBeanFactory     : Autowiring by type from bean name 'requestMappingHandlerMapping' via factory method to bean named 'mvcConversionService'
2024-04-09T07:50:10.887+01:00 DEBUG 669164 --- [           main] o.s.b.f.s.DefaultListableBeanFactory     : Autowiring by type from bean name 'requestMappingHandlerMapping' via factory method to bean named 'mvcResourceUrlProvider'
2024-04-09T07:50:10.949+01:00 DEBUG 669164 --- [           main] s.w.s.m.m.a.RequestMappingHandlerMapping : 10 mappings in 'requestMappingHandlerMapping'
2024-04-09T07:50:10.949+01:00 DEBUG 669164 --- [           main] o.s.b.f.s.DefaultListableBeanFactory     : Creating shared instance of singleton bean 'mvcPatternParser'
2024-04-09T07:50:10.950+01:00 DEBUG 669164 --- [           main] o.s.b.f.s.DefaultListableBeanFactory     : Creating shared instance of singleton bean 'mvcUrlPathHelper'
2024-04-09T07:50:10.951+01:00 DEBUG 669164 --- [           main] o.s.b.f.s.DefaultListableBeanFactory     : Creating shared instance of singleton bean 'mvcPathMatcher'
2024-04-09T07:50:10.952+01:00 DEBUG 669164 --- [           main] o.s.b.f.s.DefaultListableBeanFactory     : Creating shared instance of singleton bean 'viewControllerHandlerMapping'
2024-04-09T07:50:10.953+01:00 DEBUG 669164 --- [           main] o.s.b.f.s.DefaultListableBeanFactory     : Autowiring by type from bean name 'viewControllerHandlerMapping' via factory method to bean named 'mvcConversionService'
2024-04-09T07:50:10.953+01:00 DEBUG 669164 --- [           main] o.s.b.f.s.DefaultListableBeanFactory     : Autowiring by type from bean name 'viewControllerHandlerMapping' via factory method to bean named 'mvcResourceUrlProvider'
2024-04-09T07:50:10.954+01:00 DEBUG 669164 --- [           main] o.s.b.f.s.DefaultListableBeanFactory     : Creating shared instance of singleton bean 'beanNameHandlerMapping'
2024-04-09T07:50:10.954+01:00 DEBUG 669164 --- [           main] o.s.b.f.s.DefaultListableBeanFactory     : Autowiring by type from bean name 'beanNameHandlerMapping' via factory method to bean named 'mvcConversionService'
2024-04-09T07:50:10.955+01:00 DEBUG 669164 --- [           main] o.s.b.f.s.DefaultListableBeanFactory     : Autowiring by type from bean name 'beanNameHandlerMapping' via factory method to bean named 'mvcResourceUrlProvider'
2024-04-09T07:50:10.957+01:00 DEBUG 669164 --- [           main] o.s.b.f.s.DefaultListableBeanFactory     : Creating shared instance of singleton bean 'routerFunctionMapping'
2024-04-09T07:50:10.957+01:00 DEBUG 669164 --- [           main] o.s.b.f.s.DefaultListableBeanFactory     : Autowiring by type from bean name 'routerFunctionMapping' via factory method to bean named 'mvcConversionService'
2024-04-09T07:50:10.957+01:00 DEBUG 669164 --- [           main] o.s.b.f.s.DefaultListableBeanFactory     : Autowiring by type from bean name 'routerFunctionMapping' via factory method to bean named 'mvcResourceUrlProvider'
2024-04-09T07:50:10.962+01:00 DEBUG 669164 --- [           main] o.s.b.f.s.DefaultListableBeanFactory     : Creating shared instance of singleton bean 'resourceHandlerMapping'
2024-04-09T07:50:10.963+01:00 DEBUG 669164 --- [           main] o.s.b.f.s.DefaultListableBeanFactory     : Autowiring by type from bean name 'resourceHandlerMapping' via factory method to bean named 'mvcContentNegotiationManager'
2024-04-09T07:50:10.963+01:00 DEBUG 669164 --- [           main] o.s.b.f.s.DefaultListableBeanFactory     : Autowiring by type from bean name 'resourceHandlerMapping' via factory method to bean named 'mvcConversionService'
2024-04-09T07:50:10.963+01:00 DEBUG 669164 --- [           main] o.s.b.f.s.DefaultListableBeanFactory     : Autowiring by type from bean name 'resourceHandlerMapping' via factory method to bean named 'mvcResourceUrlProvider'
2024-04-09T07:50:10.976+01:00 DEBUG 669164 --- [           main] o.s.w.s.handler.SimpleUrlHandlerMapping  : Patterns [/webjars/**, /**] in 'resourceHandlerMapping'
2024-04-09T07:50:10.976+01:00 DEBUG 669164 --- [           main] o.s.b.f.s.DefaultListableBeanFactory     : Creating shared instance of singleton bean 'defaultServletHandlerMapping'
2024-04-09T07:50:10.977+01:00 DEBUG 669164 --- [           main] o.s.b.f.s.DefaultListableBeanFactory     : Creating shared instance of singleton bean 'handlerFunctionAdapter'
2024-04-09T07:50:10.981+01:00 DEBUG 669164 --- [           main] o.s.b.f.s.DefaultListableBeanFactory     : Creating shared instance of singleton bean 'mvcUriComponentsContributor'
2024-04-09T07:50:10.982+01:00 DEBUG 669164 --- [           main] o.s.b.f.s.DefaultListableBeanFactory     : Autowiring by type from bean name 'mvcUriComponentsContributor' via factory method to bean named 'mvcConversionService'
2024-04-09T07:50:10.982+01:00 DEBUG 669164 --- [           main] o.s.b.f.s.DefaultListableBeanFactory     : Autowiring by type from bean name 'mvcUriComponentsContributor' via factory method to bean named 'requestMappingHandlerAdapter'
2024-04-09T07:50:10.986+01:00 DEBUG 669164 --- [           main] o.s.b.f.s.DefaultListableBeanFactory     : Creating shared instance of singleton bean 'httpRequestHandlerAdapter'
2024-04-09T07:50:10.988+01:00 DEBUG 669164 --- [           main] o.s.b.f.s.DefaultListableBeanFactory     : Creating shared instance of singleton bean 'simpleControllerHandlerAdapter'
2024-04-09T07:50:10.989+01:00 DEBUG 669164 --- [           main] o.s.b.f.s.DefaultListableBeanFactory     : Creating shared instance of singleton bean 'handlerExceptionResolver'
2024-04-09T07:50:10.990+01:00 DEBUG 669164 --- [           main] o.s.b.f.s.DefaultListableBeanFactory     : Autowiring by type from bean name 'handlerExceptionResolver' via factory method to bean named 'mvcContentNegotiationManager'
2024-04-09T07:50:10.991+01:00 DEBUG 669164 --- [           main] .m.m.a.ExceptionHandlerExceptionResolver : ControllerAdvice beans: 0 @ExceptionHandler, 1 ResponseBodyAdvice
2024-04-09T07:50:10.996+01:00 DEBUG 669164 --- [           main] o.s.b.f.s.DefaultListableBeanFactory     : Creating shared instance of singleton bean 'mvcViewResolver'
2024-04-09T07:50:10.997+01:00 DEBUG 669164 --- [           main] o.s.b.f.s.DefaultListableBeanFactory     : Autowiring by type from bean name 'mvcViewResolver' via factory method to bean named 'mvcContentNegotiationManager'
2024-04-09T07:50:11.000+01:00 DEBUG 669164 --- [           main] o.s.b.f.s.DefaultListableBeanFactory     : Creating shared instance of singleton bean 'viewNameTranslator'
2024-04-09T07:50:11.002+01:00 DEBUG 669164 --- [           main] o.s.b.f.s.DefaultListableBeanFactory     : Creating shared instance of singleton bean 'defaultViewResolver'
2024-04-09T07:50:11.010+01:00 DEBUG 669164 --- [           main] o.s.b.f.s.DefaultListableBeanFactory     : Creating shared instance of singleton bean 'viewResolver'
2024-04-09T07:50:11.010+01:00 DEBUG 669164 --- [           main] o.s.b.f.s.DefaultListableBeanFactory     : Autowiring by type from bean name 'viewResolver' via factory method to bean named 'org.springframework.beans.factory.support.DefaultListableBeanFactory@5222a93a'
2024-04-09T07:50:11.012+01:00 DEBUG 669164 --- [           main] o.s.b.f.s.DefaultListableBeanFactory     : Creating shared instance of singleton bean 'viewResolver'
2024-04-09T07:50:11.013+01:00 DEBUG 669164 --- [           main] o.s.b.f.s.DefaultListableBeanFactory     : Creating shared instance of singleton bean 'thymeleafViewResolver'
2024-04-09T07:50:11.014+01:00 DEBUG 669164 --- [           main] o.s.b.f.s.DefaultListableBeanFactory     : Creating shared instance of singleton bean 'org.springframework.boot.autoconfigure.thymeleaf.ThymeleafAutoConfiguration$ThymeleafWebMvcConfiguration$ThymeleafViewResolverConfiguration'
2024-04-09T07:50:11.014+01:00 DEBUG 669164 --- [           main] o.s.b.f.s.DefaultListableBeanFactory     : Creating shared instance of singleton bean 'spring.thymeleaf-org.springframework.boot.autoconfigure.thymeleaf.ThymeleafProperties'
2024-04-09T07:50:11.018+01:00 DEBUG 669164 --- [           main] o.s.b.f.s.DefaultListableBeanFactory     : Creating shared instance of singleton bean 'templateEngine'
2024-04-09T07:50:11.018+01:00 DEBUG 669164 --- [           main] o.s.b.f.s.DefaultListableBeanFactory     : Creating shared instance of singleton bean 'org.springframework.boot.autoconfigure.thymeleaf.TemplateEngineConfigurations$DefaultTemplateEngineConfiguration'
2024-04-09T07:50:11.019+01:00 DEBUG 669164 --- [           main] o.s.b.f.s.DefaultListableBeanFactory     : Autowiring by type from bean name 'templateEngine' via factory method to bean named 'spring.thymeleaf-org.springframework.boot.autoconfigure.thymeleaf.ThymeleafProperties'
2024-04-09T07:50:11.041+01:00 DEBUG 669164 --- [           main] o.s.b.f.s.DefaultListableBeanFactory     : Creating shared instance of singleton bean 'defaultTemplateResolver'
2024-04-09T07:50:11.041+01:00 DEBUG 669164 --- [           main] o.s.b.f.s.DefaultListableBeanFactory     : Creating shared instance of singleton bean 'org.springframework.boot.autoconfigure.thymeleaf.ThymeleafAutoConfiguration$DefaultTemplateResolverConfiguration'
2024-04-09T07:50:11.041+01:00 DEBUG 669164 --- [           main] o.s.b.f.s.DefaultListableBeanFactory     : Autowiring by type from bean name 'org.springframework.boot.autoconfigure.thymeleaf.ThymeleafAutoConfiguration$DefaultTemplateResolverConfiguration' via constructor to bean named 'spring.thymeleaf-org.springframework.boot.autoconfigure.thymeleaf.ThymeleafProperties'
2024-04-09T07:50:11.041+01:00 DEBUG 669164 --- [           main] o.s.b.f.s.DefaultListableBeanFactory     : Autowiring by type from bean name 'org.springframework.boot.autoconfigure.thymeleaf.ThymeleafAutoConfiguration$DefaultTemplateResolverConfiguration' via constructor to bean named 'org.springframework.web.context.support.GenericWebApplicationContext@31cd6499'
2024-04-09T07:50:11.049+01:00 DEBUG 669164 --- [           main] o.s.b.f.s.DefaultListableBeanFactory     : Autowiring by type from bean name 'thymeleafViewResolver' via factory method to bean named 'spring.thymeleaf-org.springframework.boot.autoconfigure.thymeleaf.ThymeleafProperties'
2024-04-09T07:50:11.049+01:00 DEBUG 669164 --- [           main] o.s.b.f.s.DefaultListableBeanFactory     : Autowiring by type from bean name 'thymeleafViewResolver' via factory method to bean named 'templateEngine'
2024-04-09T07:50:11.052+01:00 DEBUG 669164 --- [           main] o.s.b.f.s.DefaultListableBeanFactory     : Creating shared instance of singleton bean 'requestContextFilter'
2024-04-09T07:50:11.055+01:00 DEBUG 669164 --- [           main] o.s.b.f.s.DefaultListableBeanFactory     : Creating shared instance of singleton bean 'org.springframework.boot.autoconfigure.web.servlet.WebMvcAutoConfiguration'
2024-04-09T07:50:11.056+01:00 DEBUG 669164 --- [           main] o.s.b.f.s.DefaultListableBeanFactory     : Creating shared instance of singleton bean 'formContentFilter'
2024-04-09T07:50:11.059+01:00 DEBUG 669164 --- [           main] o.s.b.f.s.DefaultListableBeanFactory     : Creating shared instance of singleton bean 'org.springframework.boot.autoconfigure.gson.GsonAutoConfiguration'
2024-04-09T07:50:11.059+01:00 DEBUG 669164 --- [           main] o.s.b.f.s.DefaultListableBeanFactory     : Creating shared instance of singleton bean 'gsonBuilder'
2024-04-09T07:50:11.060+01:00 DEBUG 669164 --- [           main] o.s.b.f.s.DefaultListableBeanFactory     : Creating shared instance of singleton bean 'standardGsonBuilderCustomizer'
2024-04-09T07:50:11.060+01:00 DEBUG 669164 --- [           main] o.s.b.f.s.DefaultListableBeanFactory     : Creating shared instance of singleton bean 'spring.gson-org.springframework.boot.autoconfigure.gson.GsonProperties'
2024-04-09T07:50:11.063+01:00 DEBUG 669164 --- [           main] o.s.b.f.s.DefaultListableBeanFactory     : Autowiring by type from bean name 'standardGsonBuilderCustomizer' via factory method to bean named 'spring.gson-org.springframework.boot.autoconfigure.gson.GsonProperties'
2024-04-09T07:50:11.064+01:00 DEBUG 669164 --- [           main] o.s.b.f.s.DefaultListableBeanFactory     : Autowiring by type from bean name 'gsonBuilder' via factory method to bean named 'standardGsonBuilderCustomizer'
2024-04-09T07:50:11.087+01:00 DEBUG 669164 --- [           main] o.s.b.f.s.DefaultListableBeanFactory     : Creating shared instance of singleton bean 'gson'
2024-04-09T07:50:11.088+01:00 DEBUG 669164 --- [           main] o.s.b.f.s.DefaultListableBeanFactory     : Autowiring by type from bean name 'gson' via factory method to bean named 'gsonBuilder'
2024-04-09T07:50:11.137+01:00 DEBUG 669164 --- [           main] o.s.b.f.s.DefaultListableBeanFactory     : Creating shared instance of singleton bean 'org.springframework.boot.autoconfigure.http.JacksonHttpMessageConvertersConfiguration'
2024-04-09T07:50:11.138+01:00 DEBUG 669164 --- [           main] o.s.b.f.s.DefaultListableBeanFactory     : Creating shared instance of singleton bean 'org.springframework.boot.autoconfigure.http.GsonHttpMessageConvertersConfiguration'
2024-04-09T07:50:11.139+01:00 DEBUG 669164 --- [           main] o.s.b.f.s.DefaultListableBeanFactory     : Creating shared instance of singleton bean 'org.springframework.data.web.config.ProjectingArgumentResolverRegistrar'
2024-04-09T07:50:11.139+01:00 DEBUG 669164 --- [           main] o.s.b.f.s.DefaultListableBeanFactory     : Creating shared instance of singleton bean 'org.springframework.boot.autoconfigure.thymeleaf.ThymeleafAutoConfiguration$ThymeleafWebMvcConfiguration'
2024-04-09T07:50:11.142+01:00 DEBUG 669164 --- [           main] o.s.b.f.s.DefaultListableBeanFactory     : Creating shared instance of singleton bean 'org.springframework.boot.autoconfigure.thymeleaf.ThymeleafAutoConfiguration'
2024-04-09T07:50:11.142+01:00 DEBUG 669164 --- [           main] o.s.b.f.s.DefaultListableBeanFactory     : Creating shared instance of singleton bean 'org.springframework.boot.autoconfigure.web.servlet.HttpEncodingAutoConfiguration'
2024-04-09T07:50:11.143+01:00 DEBUG 669164 --- [           main] o.s.b.f.s.DefaultListableBeanFactory     : Autowiring by type from bean name 'org.springframework.boot.autoconfigure.web.servlet.HttpEncodingAutoConfiguration' via constructor to bean named 'server-org.springframework.boot.autoconfigure.web.ServerProperties'
2024-04-09T07:50:11.144+01:00 DEBUG 669164 --- [           main] o.s.b.f.s.DefaultListableBeanFactory     : Creating shared instance of singleton bean 'characterEncodingFilter'
2024-04-09T07:50:11.146+01:00 DEBUG 669164 --- [           main] o.s.b.f.s.DefaultListableBeanFactory     : Creating shared instance of singleton bean 'localeCharsetMappingsCustomizer'
2024-04-09T07:50:11.149+01:00 DEBUG 669164 --- [           main] o.s.b.f.s.DefaultListableBeanFactory     : Creating shared instance of singleton bean 'mockMvcBuilder'
2024-04-09T07:50:11.150+01:00 DEBUG 669164 --- [           main] o.s.b.f.s.DefaultListableBeanFactory     : Creating shared instance of singleton bean 'springBootMockMvcBuilderCustomizer'
2024-04-09T07:50:11.154+01:00 DEBUG 669164 --- [           main] o.s.b.f.s.DefaultListableBeanFactory     : Autowiring by type from bean name 'mockMvcBuilder' via factory method to bean named 'springBootMockMvcBuilderCustomizer'
2024-04-09T07:50:11.170+01:00 DEBUG 669164 --- [           main] o.s.b.w.s.ServletContextInitializerBeans : Mapping filters: characterEncodingFilter urls=[/*] order=-2147483648, formContentFilter urls=[/*] order=-9900, requestContextFilter urls=[/*] order=-105
2024-04-09T07:50:11.170+01:00 DEBUG 669164 --- [           main] o.s.b.w.s.ServletContextInitializerBeans : Mapping servlets: 
2024-04-09T07:50:11.177+01:00 DEBUG 669164 --- [           main] o.s.b.f.s.DefaultListableBeanFactory     : Creating shared instance of singleton bean 'mockMvc'
2024-04-09T07:50:11.177+01:00 DEBUG 669164 --- [           main] o.s.b.f.s.DefaultListableBeanFactory     : Autowiring by type from bean name 'mockMvc' via factory method to bean named 'mockMvcBuilder'
2024-04-09T07:50:11.202+01:00  INFO 669164 --- [           main] o.s.b.t.m.w.SpringBootMockServletContext : Initializing Spring TestDispatcherServlet ''
2024-04-09T07:50:11.202+01:00  INFO 669164 --- [           main] o.s.t.web.servlet.TestDispatcherServlet  : Initializing Servlet ''
2024-04-09T07:50:11.203+01:00 DEBUG 669164 --- [           main] o.s.t.web.servlet.TestDispatcherServlet  : Detected AcceptHeaderLocaleResolver
2024-04-09T07:50:11.203+01:00 DEBUG 669164 --- [           main] o.s.t.web.servlet.TestDispatcherServlet  : Detected FixedThemeResolver
2024-04-09T07:50:11.204+01:00 DEBUG 669164 --- [           main] o.s.t.web.servlet.TestDispatcherServlet  : Detected org.springframework.web.servlet.view.DefaultRequestToViewNameTranslator@2ef99fa7
2024-04-09T07:50:11.204+01:00 DEBUG 669164 --- [           main] o.s.t.web.servlet.TestDispatcherServlet  : Detected org.springframework.web.servlet.support.SessionFlashMapManager@5dc88d33
2024-04-09T07:50:11.204+01:00 DEBUG 669164 --- [           main] o.s.t.web.servlet.TestDispatcherServlet  : enableLoggingRequestDetails='false': request parameters and headers will be masked to prevent unsafe logging of potentially sensitive data
2024-04-09T07:50:11.205+01:00  INFO 669164 --- [           main] o.s.t.web.servlet.TestDispatcherServlet  : Completed initialization in 2 ms
2024-04-09T07:50:11.209+01:00 DEBUG 669164 --- [           main] o.s.b.f.s.DefaultListableBeanFactory     : Creating shared instance of singleton bean 'dispatcherServlet'
2024-04-09T07:50:11.210+01:00 DEBUG 669164 --- [           main] o.s.b.f.s.DefaultListableBeanFactory     : Autowiring by type from bean name 'dispatcherServlet' via factory method to bean named 'mockMvc'
2024-04-09T07:50:11.232+01:00 DEBUG 669164 --- [           main] o.s.c.support.DefaultLifecycleProcessor  : Starting beans in phase -2147483647
2024-04-09T07:50:11.232+01:00 DEBUG 669164 --- [           main] o.s.c.support.DefaultLifecycleProcessor  : Successfully started bean 'springBootLoggingLifecycle'
2024-04-09T07:50:11.235+01:00 DEBUG 669164 --- [           main] .s.b.a.l.ConditionEvaluationReportLogger : 


============================
CONDITIONS EVALUATION REPORT
============================


Positive matches:
-----------------

   ErrorMvcAutoConfiguration matched:
      - @ConditionalOnClass found required classes 'jakarta.servlet.Servlet', 'org.springframework.web.servlet.DispatcherServlet' (OnClassCondition)
      - found 'session' scope (OnWebApplicationCondition)

   ErrorMvcAutoConfiguration#basicErrorController matched:
      - @ConditionalOnMissingBean (types: org.springframework.boot.web.servlet.error.ErrorController; SearchStrategy: current) did not find any beans (OnBeanCondition)

   ErrorMvcAutoConfiguration#errorAttributes matched:
      - @ConditionalOnMissingBean (types: org.springframework.boot.web.servlet.error.ErrorAttributes; SearchStrategy: current) did not find any beans (OnBeanCondition)

   ErrorMvcAutoConfiguration.WhitelabelErrorViewConfiguration matched:
      - @ConditionalOnProperty (server.error.whitelabel.enabled) matched (OnPropertyCondition)
      - ErrorTemplate Missing did not find error template view (ErrorMvcAutoConfiguration.ErrorTemplateMissingCondition)

   ErrorMvcAutoConfiguration.WhitelabelErrorViewConfiguration#beanNameViewResolver matched:
      - @ConditionalOnMissingBean (types: org.springframework.web.servlet.view.BeanNameViewResolver; SearchStrategy: all) did not find any beans (OnBeanCondition)

   ErrorMvcAutoConfiguration.WhitelabelErrorViewConfiguration#defaultErrorView matched:
      - @ConditionalOnMissingBean (names: error; SearchStrategy: all) did not find any beans (OnBeanCondition)

   GsonAutoConfiguration matched:
      - @ConditionalOnClass found required class 'com.google.gson.Gson' (OnClassCondition)

   GsonAutoConfiguration#gson matched:
      - @ConditionalOnMissingBean (types: com.google.gson.Gson; SearchStrategy: all) did not find any beans (OnBeanCondition)

   GsonAutoConfiguration#gsonBuilder matched:
      - @ConditionalOnMissingBean (types: com.google.gson.GsonBuilder; SearchStrategy: all) did not find any beans (OnBeanCondition)

   GsonHttpMessageConvertersConfiguration matched:
      - @ConditionalOnClass found required class 'com.google.gson.Gson' (OnClassCondition)

   HttpEncodingAutoConfiguration matched:
      - @ConditionalOnClass found required class 'org.springframework.web.filter.CharacterEncodingFilter' (OnClassCondition)
      - found 'session' scope (OnWebApplicationCondition)
      - @ConditionalOnProperty (server.servlet.encoding.enabled) matched (OnPropertyCondition)

   HttpEncodingAutoConfiguration#characterEncodingFilter matched:
      - @ConditionalOnMissingBean (types: org.springframework.web.filter.CharacterEncodingFilter; SearchStrategy: all) did not find any beans (OnBeanCondition)

   HttpMessageConvertersAutoConfiguration matched:
      - @ConditionalOnClass found required class 'org.springframework.http.converter.HttpMessageConverter' (OnClassCondition)
      - NoneNestedConditions 0 matched 1 did not; NestedCondition on HttpMessageConvertersAutoConfiguration.NotReactiveWebApplicationCondition.ReactiveWebApplication did not find reactive web application classes (HttpMessageConvertersAutoConfiguration.NotReactiveWebApplicationCondition)

   HttpMessageConvertersAutoConfiguration#messageConverters matched:
      - @ConditionalOnMissingBean (types: org.springframework.boot.autoconfigure.http.HttpMessageConverters; SearchStrategy: all) did not find any beans (OnBeanCondition)

   HttpMessageConvertersAutoConfiguration.StringHttpMessageConverterConfiguration matched:
      - @ConditionalOnClass found required class 'org.springframework.http.converter.StringHttpMessageConverter' (OnClassCondition)

   HttpMessageConvertersAutoConfiguration.StringHttpMessageConverterConfiguration#stringHttpMessageConverter matched:
      - @ConditionalOnMissingBean (types: org.springframework.http.converter.StringHttpMessageConverter; SearchStrategy: all) did not find any beans (OnBeanCondition)

   JacksonAutoConfiguration matched:
      - @ConditionalOnClass found required class 'com.fasterxml.jackson.databind.ObjectMapper' (OnClassCondition)

   JacksonAutoConfiguration.Jackson2ObjectMapperBuilderCustomizerConfiguration matched:
      - @ConditionalOnClass found required class 'org.springframework.http.converter.json.Jackson2ObjectMapperBuilder' (OnClassCondition)

   JacksonAutoConfiguration.JacksonObjectMapperBuilderConfiguration matched:
      - @ConditionalOnClass found required class 'org.springframework.http.converter.json.Jackson2ObjectMapperBuilder' (OnClassCondition)

   JacksonAutoConfiguration.JacksonObjectMapperBuilderConfiguration#jacksonObjectMapperBuilder matched:
      - @ConditionalOnMissingBean (types: org.springframework.http.converter.json.Jackson2ObjectMapperBuilder; SearchStrategy: all) did not find any beans (OnBeanCondition)

   JacksonAutoConfiguration.JacksonObjectMapperConfiguration matched:
      - @ConditionalOnClass found required class 'org.springframework.http.converter.json.Jackson2ObjectMapperBuilder' (OnClassCondition)

   JacksonAutoConfiguration.JacksonObjectMapperConfiguration#jacksonObjectMapper matched:
      - @ConditionalOnMissingBean (types: com.fasterxml.jackson.databind.ObjectMapper; SearchStrategy: all) did not find any beans (OnBeanCondition)

   JacksonAutoConfiguration.ParameterNamesModuleConfiguration matched:
      - @ConditionalOnClass found required class 'com.fasterxml.jackson.module.paramnames.ParameterNamesModule' (OnClassCondition)

   JacksonAutoConfiguration.ParameterNamesModuleConfiguration#parameterNamesModule matched:
      - @ConditionalOnMissingBean (types: com.fasterxml.jackson.module.paramnames.ParameterNamesModule; SearchStrategy: all) did not find any beans (OnBeanCondition)

   JacksonHttpMessageConvertersConfiguration.MappingJackson2HttpMessageConverterConfiguration matched:
      - @ConditionalOnClass found required class 'com.fasterxml.jackson.databind.ObjectMapper' (OnClassCondition)
      - @ConditionalOnProperty (spring.mvc.converters.preferred-json-mapper=jackson) matched (OnPropertyCondition)
      - @ConditionalOnBean (types: com.fasterxml.jackson.databind.ObjectMapper; SearchStrategy: all) found bean 'jacksonObjectMapper' (OnBeanCondition)

   JacksonHttpMessageConvertersConfiguration.MappingJackson2HttpMessageConverterConfiguration#mappingJackson2HttpMessageConverter matched:
      - @ConditionalOnMissingBean (types: org.springframework.http.converter.json.MappingJackson2HttpMessageConverter ignored: org.springframework.hateoas.server.mvc.TypeConstrainedMappingJackson2HttpMessageConverter,org.springframework.data.rest.webmvc.alps.AlpsJsonHttpMessageConverter; SearchStrategy: all) did not find any beans (OnBeanCondition)

   MockMvcAutoConfiguration matched:
      - found 'session' scope (OnWebApplicationCondition)

   MockMvcAutoConfiguration#dispatcherServlet matched:
      - @ConditionalOnMissingBean (types: org.springframework.web.servlet.DispatcherServlet; SearchStrategy: all) did not find any beans (OnBeanCondition)

   MockMvcAutoConfiguration#dispatcherServletPath matched:
      - @ConditionalOnMissingBean (types: org.springframework.boot.autoconfigure.web.servlet.DispatcherServletPath; SearchStrategy: all) did not find any beans (OnBeanCondition)

   MockMvcAutoConfiguration#mockMvc matched:
      - @ConditionalOnMissingBean (types: org.springframework.test.web.servlet.MockMvc; SearchStrategy: all) did not find any beans (OnBeanCondition)

   MockMvcAutoConfiguration#mockMvcBuilder matched:
      - @ConditionalOnMissingBean (types: org.springframework.test.web.servlet.MockMvcBuilder; SearchStrategy: all) did not find any beans (OnBeanCondition)

   NoOpCacheConfiguration matched:
      - Cache org.springframework.boot.autoconfigure.cache.NoOpCacheConfiguration NONE cache type (CacheCondition)

   SpringDataWebAutoConfiguration matched:
      - @ConditionalOnClass found required classes 'org.springframework.data.web.PageableHandlerMethodArgumentResolver', 'org.springframework.web.servlet.config.annotation.WebMvcConfigurer' (OnClassCondition)
      - found 'session' scope (OnWebApplicationCondition)
      - @ConditionalOnMissingBean (types: org.springframework.data.web.PageableHandlerMethodArgumentResolver; SearchStrategy: all) did not find any beans (OnBeanCondition)

   SpringDataWebAutoConfiguration#pageableCustomizer matched:
      - @ConditionalOnMissingBean (types: org.springframework.data.web.config.PageableHandlerMethodArgumentResolverCustomizer; SearchStrategy: all) did not find any beans (OnBeanCondition)

   SpringDataWebAutoConfiguration#sortCustomizer matched:
      - @ConditionalOnMissingBean (types: org.springframework.data.web.config.SortHandlerMethodArgumentResolverCustomizer; SearchStrategy: all) did not find any beans (OnBeanCondition)

   TaskExecutionAutoConfiguration matched:
      - @ConditionalOnClass found required class 'org.springframework.scheduling.concurrent.ThreadPoolTaskExecutor' (OnClassCondition)

   TaskExecutionAutoConfiguration#applicationTaskExecutor matched:
      - @ConditionalOnMissingBean (types: java.util.concurrent.Executor; SearchStrategy: all) did not find any beans (OnBeanCondition)

   TaskExecutionAutoConfiguration#taskExecutorBuilder matched:
      - @ConditionalOnMissingBean (types: org.springframework.boot.task.TaskExecutorBuilder; SearchStrategy: all) did not find any beans (OnBeanCondition)

   TemplateEngineConfigurations.DefaultTemplateEngineConfiguration#templateEngine matched:
      - @ConditionalOnMissingBean (types: org.thymeleaf.spring6.ISpringTemplateEngine; SearchStrategy: all) did not find any beans (OnBeanCondition)

   ThymeleafAutoConfiguration matched:
      - @ConditionalOnClass found required classes 'org.thymeleaf.templatemode.TemplateMode', 'org.thymeleaf.spring6.SpringTemplateEngine' (OnClassCondition)

   ThymeleafAutoConfiguration.DefaultTemplateResolverConfiguration matched:
      - @ConditionalOnMissingBean (names: defaultTemplateResolver; SearchStrategy: all) did not find any beans (OnBeanCondition)

   ThymeleafAutoConfiguration.ThymeleafWebMvcConfiguration matched:
      - found 'session' scope (OnWebApplicationCondition)
      - @ConditionalOnProperty (spring.thymeleaf.enabled) matched (OnPropertyCondition)

   ThymeleafAutoConfiguration.ThymeleafWebMvcConfiguration.ThymeleafViewResolverConfiguration#thymeleafViewResolver matched:
      - @ConditionalOnMissingBean (names: thymeleafViewResolver; SearchStrategy: all) did not find any beans (OnBeanCondition)

   WebMvcAutoConfiguration matched:
      - @ConditionalOnClass found required classes 'jakarta.servlet.Servlet', 'org.springframework.web.servlet.DispatcherServlet', 'org.springframework.web.servlet.config.annotation.WebMvcConfigurer' (OnClassCondition)
      - found 'session' scope (OnWebApplicationCondition)
      - @ConditionalOnMissingBean (types: org.springframework.web.servlet.config.annotation.WebMvcConfigurationSupport; SearchStrategy: all) did not find any beans (OnBeanCondition)

   WebMvcAutoConfiguration#formContentFilter matched:
      - @ConditionalOnProperty (spring.mvc.formcontent.filter.enabled) matched (OnPropertyCondition)
      - @ConditionalOnMissingBean (types: org.springframework.web.filter.FormContentFilter; SearchStrategy: all) did not find any beans (OnBeanCondition)

   WebMvcAutoConfiguration.EnableWebMvcConfiguration#flashMapManager matched:
      - @ConditionalOnMissingBean (names: flashMapManager; SearchStrategy: all) did not find any beans (OnBeanCondition)

   WebMvcAutoConfiguration.EnableWebMvcConfiguration#localeResolver matched:
      - @ConditionalOnMissingBean (names: localeResolver; SearchStrategy: all) did not find any beans (OnBeanCondition)

   WebMvcAutoConfiguration.EnableWebMvcConfiguration#themeResolver matched:
      - @ConditionalOnMissingBean (names: themeResolver; SearchStrategy: all) did not find any beans (OnBeanCondition)

   WebMvcAutoConfiguration.WebMvcAutoConfigurationAdapter#defaultViewResolver matched:
      - @ConditionalOnMissingBean (types: org.springframework.web.servlet.view.InternalResourceViewResolver; SearchStrategy: all) did not find any beans (OnBeanCondition)

   WebMvcAutoConfiguration.WebMvcAutoConfigurationAdapter#requestContextFilter matched:
      - @ConditionalOnMissingBean (types: org.springframework.web.context.request.RequestContextListener,org.springframework.web.filter.RequestContextFilter; SearchStrategy: all) did not find any beans (OnBeanCondition)

   WebMvcAutoConfiguration.WebMvcAutoConfigurationAdapter#viewResolver matched:
      - @ConditionalOnBean (types: org.springframework.web.servlet.ViewResolver; SearchStrategy: all) found beans 'defaultViewResolver', 'beanNameViewResolver', 'mvcViewResolver'; @ConditionalOnMissingBean (names: viewResolver types: org.springframework.web.servlet.view.ContentNegotiatingViewResolver; SearchStrategy: all) did not find any beans (OnBeanCondition)


Negative matches:
-----------------

   Cache2kCacheConfiguration:
      Did not match:
         - @ConditionalOnClass did not find required class 'org.cache2k.Cache2kBuilder' (OnClassCondition)

   CacheAutoConfiguration:
      Did not match:
         - @ConditionalOnBean (types: org.springframework.cache.interceptor.CacheAspectSupport; SearchStrategy: all) did not find any beans of type org.springframework.cache.interceptor.CacheAspectSupport (OnBeanCondition)
      Matched:
         - @ConditionalOnClass found required class 'org.springframework.cache.CacheManager' (OnClassCondition)

   CacheAutoConfiguration.CacheManagerEntityManagerFactoryDependsOnPostProcessor:
      Did not match:
         - Ancestor org.springframework.boot.autoconfigure.cache.CacheAutoConfiguration did not match (ConditionEvaluationReport.AncestorsMatchedCondition)
      Matched:
         - @ConditionalOnClass found required class 'org.springframework.orm.jpa.LocalContainerEntityManagerFactoryBean' (OnClassCondition)

   CaffeineCacheConfiguration:
      Did not match:
         - @ConditionalOnClass did not find required class 'com.github.benmanes.caffeine.cache.Caffeine' (OnClassCondition)

   CouchbaseCacheConfiguration:
      Did not match:
         - @ConditionalOnClass did not find required class 'com.couchbase.client.java.Cluster' (OnClassCondition)

   ErrorMvcAutoConfiguration.DefaultErrorViewResolverConfiguration#conventionErrorViewResolver:
      Did not match:
         - @ConditionalOnBean (types: org.springframework.web.servlet.DispatcherServlet; SearchStrategy: all) did not find any beans of type org.springframework.web.servlet.DispatcherServlet (OnBeanCondition)

   FreeMarkerAutoConfiguration:
      Did not match:
         - @ConditionalOnClass did not find required class 'freemarker.template.Configuration' (OnClassCondition)

   GenericCacheConfiguration:
      Did not match:
         - Cache org.springframework.boot.autoconfigure.cache.GenericCacheConfiguration unknown cache type (CacheCondition)

   GroovyTemplateAutoConfiguration:
      Did not match:
         - @ConditionalOnClass did not find required class 'groovy.text.markup.MarkupTemplateEngine' (OnClassCondition)

   GsonHttpMessageConvertersConfiguration.GsonHttpMessageConverterConfiguration:
      Did not match:
         - AnyNestedCondition 0 matched 2 did not; NestedCondition on GsonHttpMessageConvertersConfiguration.PreferGsonOrJacksonAndJsonbUnavailableCondition.JacksonJsonbUnavailable NoneNestedConditions 1 matched 1 did not; NestedCondition on GsonHttpMessageConvertersConfiguration.JacksonAndJsonbUnavailableCondition.JsonbPreferred @ConditionalOnProperty (spring.mvc.converters.preferred-json-mapper=jsonb) did not find property 'spring.mvc.converters.preferred-json-mapper'; NestedCondition on GsonHttpMessageConvertersConfiguration.JacksonAndJsonbUnavailableCondition.JacksonAvailable @ConditionalOnBean (types: org.springframework.http.converter.json.MappingJackson2HttpMessageConverter; SearchStrategy: all) found bean 'mappingJackson2HttpMessageConverter'; NestedCondition on GsonHttpMessageConvertersConfiguration.PreferGsonOrJacksonAndJsonbUnavailableCondition.GsonPreferred @ConditionalOnProperty (spring.mvc.converters.preferred-json-mapper=gson) did not find property 'spring.mvc.converters.preferred-json-mapper' (GsonHttpMessageConvertersConfiguration.PreferGsonOrJacksonAndJsonbUnavailableCondition)

   HazelcastCacheConfiguration:
      Did not match:
         - @ConditionalOnClass did not find required class 'com.hazelcast.core.HazelcastInstance' (OnClassCondition)

   HypermediaAutoConfiguration:
      Did not match:
         - @ConditionalOnClass did not find required class 'org.springframework.hateoas.EntityModel' (OnClassCondition)

   InfinispanCacheConfiguration:
      Did not match:
         - @ConditionalOnClass did not find required class 'org.infinispan.spring.embedded.provider.SpringEmbeddedCacheManager' (OnClassCondition)

   JCacheCacheConfiguration:
      Did not match:
         - @ConditionalOnClass did not find required class 'javax.cache.Caching' (OnClassCondition)

   JacksonHttpMessageConvertersConfiguration.MappingJackson2XmlHttpMessageConverterConfiguration:
      Did not match:
         - @ConditionalOnClass did not find required class 'com.fasterxml.jackson.dataformat.xml.XmlMapper' (OnClassCondition)

   JsonbAutoConfiguration:
      Did not match:
         - @ConditionalOnClass did not find required class 'jakarta.json.bind.Jsonb' (OnClassCondition)

   JsonbHttpMessageConvertersConfiguration:
      Did not match:
         - @ConditionalOnClass did not find required class 'jakarta.json.bind.Jsonb' (OnClassCondition)

   MessageSourceAutoConfiguration:
      Did not match:
         - ResourceBundle did not find bundle with basename messages (MessageSourceAutoConfiguration.ResourceBundleCondition)

   MockMvcAutoConfiguration.WebTestClientMockMvcConfiguration:
      Did not match:
         - @ConditionalOnClass did not find required class 'org.springframework.web.reactive.function.client.WebClient' (OnClassCondition)

   MockMvcSecurityConfiguration:
      Did not match:
         - @ConditionalOnClass did not find required class 'org.springframework.security.test.web.servlet.request.SecurityMockMvcRequestPostProcessors' (OnClassCondition)

   MockMvcWebClientAutoConfiguration:
      Did not match:
         - @ConditionalOnClass did not find required class 'com.gargoylesoftware.htmlunit.WebClient' (OnClassCondition)

   MockMvcWebDriverAutoConfiguration:
      Did not match:
         - @ConditionalOnClass did not find required class 'org.openqa.selenium.htmlunit.HtmlUnitDriver' (OnClassCondition)

   MustacheAutoConfiguration:
      Did not match:
         - @ConditionalOnClass did not find required class 'com.samskivert.mustache.Mustache' (OnClassCondition)

   OAuth2ClientAutoConfiguration:
      Did not match:
         - @ConditionalOnClass did not find required class 'org.springframework.security.config.annotation.web.configuration.EnableWebSecurity' (OnClassCondition)

   OAuth2ResourceServerAutoConfiguration:
      Did not match:
         - @ConditionalOnClass did not find required class 'org.springframework.security.oauth2.server.resource.authentication.BearerTokenAuthenticationToken' (OnClassCondition)

   RedisCacheConfiguration:
      Did not match:
         - @ConditionalOnClass did not find required class 'org.springframework.data.redis.connection.RedisConnectionFactory' (OnClassCondition)

   SecurityAutoConfiguration:
      Did not match:
         - @ConditionalOnClass did not find required class 'org.springframework.security.authentication.DefaultAuthenticationEventPublisher' (OnClassCondition)

   SecurityFilterAutoConfiguration:
      Did not match:
         - @ConditionalOnClass did not find required class 'org.springframework.security.config.http.SessionCreationPolicy' (OnClassCondition)

   SimpleCacheConfiguration:
      Did not match:
         - Cache org.springframework.boot.autoconfigure.cache.SimpleCacheConfiguration unknown cache type (CacheCondition)

   TemplateEngineConfigurations.ReactiveTemplateEngineConfiguration:
      Did not match:
         - did not find reactive web application classes (OnWebApplicationCondition)

   ThymeleafAutoConfiguration.DataAttributeDialectConfiguration:
      Did not match:
         - @ConditionalOnClass did not find required class 'com.github.mxab.thymeleaf.extras.dataattribute.dialect.DataAttributeDialect' (OnClassCondition)

   ThymeleafAutoConfiguration.ThymeleafSecurityDialectConfiguration:
      Did not match:
         - @ConditionalOnClass did not find required classes 'org.thymeleaf.extras.springsecurity6.dialect.SpringSecurityDialect', 'org.springframework.security.web.server.csrf.CsrfToken' (OnClassCondition)

   ThymeleafAutoConfiguration.ThymeleafWebFluxConfiguration:
      Did not match:
         - did not find reactive web application classes (OnWebApplicationCondition)

   ThymeleafAutoConfiguration.ThymeleafWebLayoutConfiguration:
      Did not match:
         - @ConditionalOnClass did not find required class 'nz.net.ultraq.thymeleaf.layoutdialect.LayoutDialect' (OnClassCondition)

   ThymeleafAutoConfiguration.ThymeleafWebMvcConfiguration#resourceUrlEncodingFilter:
      Did not match:
         - @ConditionalOnEnabledResourceChain did not find class org.webjars.WebJarAssetLocator (OnEnabledResourceChainCondition)

   UserDetailsServiceAutoConfiguration:
      Did not match:
         - @ConditionalOnClass did not find required class 'org.springframework.security.authentication.AuthenticationManager' (OnClassCondition)

   ValidationAutoConfiguration:
      Did not match:
         - @ConditionalOnResource did not find resource 'classpath:META-INF/services/jakarta.validation.spi.ValidationProvider' (OnResourceCondition)
      Matched:
         - @ConditionalOnClass found required class 'jakarta.validation.executable.ExecutableValidator' (OnClassCondition)

   WebMvcAutoConfiguration#hiddenHttpMethodFilter:
      Did not match:
         - @ConditionalOnProperty (spring.mvc.hiddenmethod.filter.enabled) did not find property 'enabled' (OnPropertyCondition)

   WebMvcAutoConfiguration.ProblemDetailsErrorHandlingConfiguration:
      Did not match:
         - @ConditionalOnProperty (spring.mvc.problemdetails.enabled=true) did not find property 'enabled' (OnPropertyCondition)

   WebMvcAutoConfiguration.ResourceChainCustomizerConfiguration:
      Did not match:
         - @ConditionalOnEnabledResourceChain did not find class org.webjars.WebJarAssetLocator (OnEnabledResourceChainCondition)

   WebMvcAutoConfiguration.WebMvcAutoConfigurationAdapter#beanNameViewResolver:
      Did not match:
         - @ConditionalOnMissingBean (types: org.springframework.web.servlet.view.BeanNameViewResolver; SearchStrategy: all) found beans of type 'org.springframework.web.servlet.view.BeanNameViewResolver' beanNameViewResolver (OnBeanCondition)

   WebTestClientAutoConfiguration:
      Did not match:
         - @ConditionalOnClass did not find required class 'org.springframework.web.reactive.function.client.WebClient' (OnClassCondition)


Exclusions:
-----------

    None


Unconditional classes:
----------------------

    None



2024-04-09T07:50:11.236+01:00  INFO 669164 --- [           main] b.b.PageController_WithMockServiceTest   : Started PageController_WithMockServiceTest in 1.438 seconds (process running for 20.031)
2024-04-09T07:50:11.238+01:00 DEBUG 669164 --- [           main] org.springframework.test.context.cache   : Spring test ApplicationContext cache statistics: [DefaultContextCache@47260109 size = 2, maxSize = 32, parentContextCount = 0, hitCount = 24, missCount = 2]
2024-04-09T07:50:11.239+01:00 DEBUG 669164 --- [           main] DependencyInjectionTestExecutionListener : Performing dependency injection for test class bus.booking.PageController_WithMockServiceTest
2024-04-09T07:50:11.240+01:00 DEBUG 669164 --- [           main] org.springframework.test.context.cache   : Spring test ApplicationContext cache statistics: [DefaultContextCache@47260109 size = 2, maxSize = 32, parentContextCount = 0, hitCount = 25, missCount = 2]
2024-04-09T07:50:11.242+01:00 DEBUG 669164 --- [           main] org.springframework.test.context.cache   : Spring test ApplicationContext cache statistics: [DefaultContextCache@47260109 size = 2, maxSize = 32, parentContextCount = 0, hitCount = 26, missCount = 2]
2024-04-09T07:50:11.243+01:00 DEBUG 669164 --- [           main] sContextBeforeModesTestExecutionListener : Before test method: class [PageController_WithMockServiceTest], method [testReservationResponseWithInvalidCode], class annotated with @DirtiesContext [false] with mode [null], method annotated with @DirtiesContext [false] with mode [null]
2024-04-09T07:50:11.244+01:00 DEBUG 669164 --- [           main] org.springframework.test.context.cache   : Spring test ApplicationContext cache statistics: [DefaultContextCache@47260109 size = 2, maxSize = 32, parentContextCount = 0, hitCount = 27, missCount = 2]
2024-04-09T07:50:11.244+01:00 DEBUG 669164 --- [           main] org.springframework.test.context.cache   : Spring test ApplicationContext cache statistics: [DefaultContextCache@47260109 size = 2, maxSize = 32, parentContextCount = 0, hitCount = 28, missCount = 2]
2024-04-09T07:50:11.246+01:00 DEBUG 669164 --- [           main] org.springframework.test.context.cache   : Spring test ApplicationContext cache statistics: [DefaultContextCache@47260109 size = 2, maxSize = 32, parentContextCount = 0, hitCount = 29, missCount = 2]
2024-04-09T07:50:11.314+01:00 DEBUG 669164 --- [           main] o.s.t.web.servlet.TestDispatcherServlet  : POST "/reservation", parameters={masked}
2024-04-09T07:50:11.334+01:00 DEBUG 669164 --- [           main] s.w.s.m.m.a.RequestMappingHandlerMapping : Mapped to bus.booking.controllers.PageController#reservationResponse(ReservationRequest, Model)
2024-04-09T07:50:11.378+01:00 DEBUG 669164 --- [           main] o.s.w.s.v.ContentNegotiatingViewResolver : Selected '*/*' given [*/*]
2024-04-09T07:50:11.743+01:00 DEBUG 669164 --- [           main] o.s.t.web.servlet.TestDispatcherServlet  : Completed 200 OK
2024-04-09T07:50:11.757+01:00 DEBUG 669164 --- [           main] org.springframework.test.context.cache   : Spring test ApplicationContext cache statistics: [DefaultContextCache@47260109 size = 2, maxSize = 32, parentContextCount = 0, hitCount = 30, missCount = 2]
2024-04-09T07:50:11.757+01:00 DEBUG 669164 --- [           main] org.springframework.test.context.cache   : Spring test ApplicationContext cache statistics: [DefaultContextCache@47260109 size = 2, maxSize = 32, parentContextCount = 0, hitCount = 31, missCount = 2]
2024-04-09T07:50:11.758+01:00 DEBUG 669164 --- [           main] org.springframework.test.context.cache   : Spring test ApplicationContext cache statistics: [DefaultContextCache@47260109 size = 2, maxSize = 32, parentContextCount = 0, hitCount = 32, missCount = 2]
2024-04-09T07:50:11.758+01:00 DEBUG 669164 --- [           main] org.springframework.test.context.cache   : Spring test ApplicationContext cache statistics: [DefaultContextCache@47260109 size = 2, maxSize = 32, parentContextCount = 0, hitCount = 33, missCount = 2]
2024-04-09T07:50:11.758+01:00 DEBUG 669164 --- [           main] org.springframework.test.context.cache   : Spring test ApplicationContext cache statistics: [DefaultContextCache@47260109 size = 2, maxSize = 32, parentContextCount = 0, hitCount = 34, missCount = 2]
2024-04-09T07:50:11.759+01:00 DEBUG 669164 --- [           main] org.springframework.test.context.cache   : Spring test ApplicationContext cache statistics: [DefaultContextCache@47260109 size = 2, maxSize = 32, parentContextCount = 0, hitCount = 35, missCount = 2]
2024-04-09T07:50:11.759+01:00 DEBUG 669164 --- [           main] .c.s.DirtiesContextTestExecutionListener : After test method: class [PageController_WithMockServiceTest], method [testReservationResponseWithInvalidCode], class annotated with @DirtiesContext [false] with mode [null], method annotated with @DirtiesContext [false] with mode [null]
]]></system-out>
  </testcase>
  <testcase name="testResultsWithEUR" classname="bus.booking.PageController_WithMockServiceTest" time="0.052">
    <system-out><![CDATA[2024-04-09T07:50:11.760+01:00 DEBUG 669164 --- [           main] org.springframework.test.context.cache   : Spring test ApplicationContext cache statistics: [DefaultContextCache@47260109 size = 2, maxSize = 32, parentContextCount = 0, hitCount = 36, missCount = 2]
2024-04-09T07:50:11.760+01:00 DEBUG 669164 --- [           main] DependencyInjectionTestExecutionListener : Performing dependency injection for test class bus.booking.PageController_WithMockServiceTest
2024-04-09T07:50:11.760+01:00 DEBUG 669164 --- [           main] org.springframework.test.context.cache   : Spring test ApplicationContext cache statistics: [DefaultContextCache@47260109 size = 2, maxSize = 32, parentContextCount = 0, hitCount = 37, missCount = 2]
2024-04-09T07:50:11.761+01:00 DEBUG 669164 --- [           main] org.springframework.test.context.cache   : Spring test ApplicationContext cache statistics: [DefaultContextCache@47260109 size = 2, maxSize = 32, parentContextCount = 0, hitCount = 38, missCount = 2]
2024-04-09T07:50:11.761+01:00 DEBUG 669164 --- [           main] sContextBeforeModesTestExecutionListener : Before test method: class [PageController_WithMockServiceTest], method [testResultsWithEUR], class annotated with @DirtiesContext [false] with mode [null], method annotated with @DirtiesContext [false] with mode [null]
2024-04-09T07:50:11.762+01:00 DEBUG 669164 --- [           main] org.springframework.test.context.cache   : Spring test ApplicationContext cache statistics: [DefaultContextCache@47260109 size = 2, maxSize = 32, parentContextCount = 0, hitCount = 39, missCount = 2]
2024-04-09T07:50:11.762+01:00 DEBUG 669164 --- [           main] org.springframework.test.context.cache   : Spring test ApplicationContext cache statistics: [DefaultContextCache@47260109 size = 2, maxSize = 32, parentContextCount = 0, hitCount = 40, missCount = 2]
2024-04-09T07:50:11.763+01:00 DEBUG 669164 --- [           main] org.springframework.test.context.cache   : Spring test ApplicationContext cache statistics: [DefaultContextCache@47260109 size = 2, maxSize = 32, parentContextCount = 0, hitCount = 41, missCount = 2]
2024-04-09T07:50:11.766+01:00 DEBUG 669164 --- [           main] o.s.t.web.servlet.TestDispatcherServlet  : GET "/results", parameters={masked}
2024-04-09T07:50:11.767+01:00 DEBUG 669164 --- [           main] s.w.s.m.m.a.RequestMappingHandlerMapping : Mapped to bus.booking.controllers.PageController#results(String, String, String, String, Model)
2024-04-09T07:50:11.772+01:00 DEBUG 669164 --- [           main] o.s.w.s.v.ContentNegotiatingViewResolver : Selected '*/*' given [*/*]
2024-04-09T07:50:11.810+01:00 DEBUG 669164 --- [           main] o.s.t.web.servlet.TestDispatcherServlet  : Completed 200 OK
2024-04-09T07:50:11.811+01:00 DEBUG 669164 --- [           main] org.springframework.test.context.cache   : Spring test ApplicationContext cache statistics: [DefaultContextCache@47260109 size = 2, maxSize = 32, parentContextCount = 0, hitCount = 42, missCount = 2]
2024-04-09T07:50:11.811+01:00 DEBUG 669164 --- [           main] org.springframework.test.context.cache   : Spring test ApplicationContext cache statistics: [DefaultContextCache@47260109 size = 2, maxSize = 32, parentContextCount = 0, hitCount = 43, missCount = 2]
2024-04-09T07:50:11.811+01:00 DEBUG 669164 --- [           main] org.springframework.test.context.cache   : Spring test ApplicationContext cache statistics: [DefaultContextCache@47260109 size = 2, maxSize = 32, parentContextCount = 0, hitCount = 44, missCount = 2]
2024-04-09T07:50:11.811+01:00 DEBUG 669164 --- [           main] org.springframework.test.context.cache   : Spring test ApplicationContext cache statistics: [DefaultContextCache@47260109 size = 2, maxSize = 32, parentContextCount = 0, hitCount = 45, missCount = 2]
2024-04-09T07:50:11.812+01:00 DEBUG 669164 --- [           main] org.springframework.test.context.cache   : Spring test ApplicationContext cache statistics: [DefaultContextCache@47260109 size = 2, maxSize = 32, parentContextCount = 0, hitCount = 46, missCount = 2]
2024-04-09T07:50:11.812+01:00 DEBUG 669164 --- [           main] org.springframework.test.context.cache   : Spring test ApplicationContext cache statistics: [DefaultContextCache@47260109 size = 2, maxSize = 32, parentContextCount = 0, hitCount = 47, missCount = 2]
2024-04-09T07:50:11.813+01:00 DEBUG 669164 --- [           main] .c.s.DirtiesContextTestExecutionListener : After test method: class [PageController_WithMockServiceTest], method [testResultsWithEUR], class annotated with @DirtiesContext [false] with mode [null], method annotated with @DirtiesContext [false] with mode [null]
]]></system-out>
  </testcase>
  <testcase name="testResultsWithUSD" classname="bus.booking.PageController_WithMockServiceTest" time="0.014">
    <system-out><![CDATA[2024-04-09T07:50:11.814+01:00 DEBUG 669164 --- [           main] org.springframework.test.context.cache   : Spring test ApplicationContext cache statistics: [DefaultContextCache@47260109 size = 2, maxSize = 32, parentContextCount = 0, hitCount = 48, missCount = 2]
2024-04-09T07:50:11.814+01:00 DEBUG 669164 --- [           main] DependencyInjectionTestExecutionListener : Performing dependency injection for test class bus.booking.PageController_WithMockServiceTest
2024-04-09T07:50:11.814+01:00 DEBUG 669164 --- [           main] org.springframework.test.context.cache   : Spring test ApplicationContext cache statistics: [DefaultContextCache@47260109 size = 2, maxSize = 32, parentContextCount = 0, hitCount = 49, missCount = 2]
2024-04-09T07:50:11.815+01:00 DEBUG 669164 --- [           main] org.springframework.test.context.cache   : Spring test ApplicationContext cache statistics: [DefaultContextCache@47260109 size = 2, maxSize = 32, parentContextCount = 0, hitCount = 50, missCount = 2]
2024-04-09T07:50:11.816+01:00 DEBUG 669164 --- [           main] sContextBeforeModesTestExecutionListener : Before test method: class [PageController_WithMockServiceTest], method [testResultsWithUSD], class annotated with @DirtiesContext [false] with mode [null], method annotated with @DirtiesContext [false] with mode [null]
2024-04-09T07:50:11.817+01:00 DEBUG 669164 --- [           main] org.springframework.test.context.cache   : Spring test ApplicationContext cache statistics: [DefaultContextCache@47260109 size = 2, maxSize = 32, parentContextCount = 0, hitCount = 51, missCount = 2]
2024-04-09T07:50:11.817+01:00 DEBUG 669164 --- [           main] org.springframework.test.context.cache   : Spring test ApplicationContext cache statistics: [DefaultContextCache@47260109 size = 2, maxSize = 32, parentContextCount = 0, hitCount = 52, missCount = 2]
2024-04-09T07:50:11.818+01:00 DEBUG 669164 --- [           main] org.springframework.test.context.cache   : Spring test ApplicationContext cache statistics: [DefaultContextCache@47260109 size = 2, maxSize = 32, parentContextCount = 0, hitCount = 53, missCount = 2]
2024-04-09T07:50:11.820+01:00 DEBUG 669164 --- [           main] o.s.t.web.servlet.TestDispatcherServlet  : GET "/results", parameters={masked}
2024-04-09T07:50:11.820+01:00 DEBUG 669164 --- [           main] s.w.s.m.m.a.RequestMappingHandlerMapping : Mapped to bus.booking.controllers.PageController#results(String, String, String, String, Model)
2024-04-09T07:50:11.821+01:00 DEBUG 669164 --- [           main] o.s.w.s.v.ContentNegotiatingViewResolver : Selected '*/*' given [*/*]
2024-04-09T07:50:11.827+01:00 DEBUG 669164 --- [           main] o.s.t.web.servlet.TestDispatcherServlet  : Completed 200 OK
2024-04-09T07:50:11.828+01:00 DEBUG 669164 --- [           main] org.springframework.test.context.cache   : Spring test ApplicationContext cache statistics: [DefaultContextCache@47260109 size = 2, maxSize = 32, parentContextCount = 0, hitCount = 54, missCount = 2]
2024-04-09T07:50:11.828+01:00 DEBUG 669164 --- [           main] org.springframework.test.context.cache   : Spring test ApplicationContext cache statistics: [DefaultContextCache@47260109 size = 2, maxSize = 32, parentContextCount = 0, hitCount = 55, missCount = 2]
2024-04-09T07:50:11.829+01:00 DEBUG 669164 --- [           main] org.springframework.test.context.cache   : Spring test ApplicationContext cache statistics: [DefaultContextCache@47260109 size = 2, maxSize = 32, parentContextCount = 0, hitCount = 56, missCount = 2]
2024-04-09T07:50:11.829+01:00 DEBUG 669164 --- [           main] org.springframework.test.context.cache   : Spring test ApplicationContext cache statistics: [DefaultContextCache@47260109 size = 2, maxSize = 32, parentContextCount = 0, hitCount = 57, missCount = 2]
2024-04-09T07:50:11.829+01:00 DEBUG 669164 --- [           main] org.springframework.test.context.cache   : Spring test ApplicationContext cache statistics: [DefaultContextCache@47260109 size = 2, maxSize = 32, parentContextCount = 0, hitCount = 58, missCount = 2]
2024-04-09T07:50:11.829+01:00 DEBUG 669164 --- [           main] org.springframework.test.context.cache   : Spring test ApplicationContext cache statistics: [DefaultContextCache@47260109 size = 2, maxSize = 32, parentContextCount = 0, hitCount = 59, missCount = 2]
2024-04-09T07:50:11.829+01:00 DEBUG 669164 --- [           main] .c.s.DirtiesContextTestExecutionListener : After test method: class [PageController_WithMockServiceTest], method [testResultsWithUSD], class annotated with @DirtiesContext [false] with mode [null], method annotated with @DirtiesContext [false] with mode [null]
]]></system-out>
  </testcase>
  <testcase name="testCheckout" classname="bus.booking.PageController_WithMockServiceTest" time="0.07">
    <system-out><![CDATA[2024-04-09T07:50:11.831+01:00 DEBUG 669164 --- [           main] org.springframework.test.context.cache   : Spring test ApplicationContext cache statistics: [DefaultContextCache@47260109 size = 2, maxSize = 32, parentContextCount = 0, hitCount = 60, missCount = 2]
2024-04-09T07:50:11.831+01:00 DEBUG 669164 --- [           main] DependencyInjectionTestExecutionListener : Performing dependency injection for test class bus.booking.PageController_WithMockServiceTest
2024-04-09T07:50:11.831+01:00 DEBUG 669164 --- [           main] org.springframework.test.context.cache   : Spring test ApplicationContext cache statistics: [DefaultContextCache@47260109 size = 2, maxSize = 32, parentContextCount = 0, hitCount = 61, missCount = 2]
2024-04-09T07:50:11.832+01:00 DEBUG 669164 --- [           main] org.springframework.test.context.cache   : Spring test ApplicationContext cache statistics: [DefaultContextCache@47260109 size = 2, maxSize = 32, parentContextCount = 0, hitCount = 62, missCount = 2]
2024-04-09T07:50:11.833+01:00 DEBUG 669164 --- [           main] sContextBeforeModesTestExecutionListener : Before test method: class [PageController_WithMockServiceTest], method [testCheckout], class annotated with @DirtiesContext [false] with mode [null], method annotated with @DirtiesContext [false] with mode [null]
2024-04-09T07:50:11.834+01:00 DEBUG 669164 --- [           main] org.springframework.test.context.cache   : Spring test ApplicationContext cache statistics: [DefaultContextCache@47260109 size = 2, maxSize = 32, parentContextCount = 0, hitCount = 63, missCount = 2]
2024-04-09T07:50:11.834+01:00 DEBUG 669164 --- [           main] org.springframework.test.context.cache   : Spring test ApplicationContext cache statistics: [DefaultContextCache@47260109 size = 2, maxSize = 32, parentContextCount = 0, hitCount = 64, missCount = 2]
2024-04-09T07:50:11.836+01:00 DEBUG 669164 --- [           main] org.springframework.test.context.cache   : Spring test ApplicationContext cache statistics: [DefaultContextCache@47260109 size = 2, maxSize = 32, parentContextCount = 0, hitCount = 65, missCount = 2]
2024-04-09T07:50:11.836+01:00 DEBUG 669164 --- [           main] o.s.t.web.servlet.TestDispatcherServlet  : GET "/checkout", parameters={masked}
2024-04-09T07:50:11.837+01:00 DEBUG 669164 --- [           main] s.w.s.m.m.a.RequestMappingHandlerMapping : Mapped to bus.booking.controllers.PageController#checkout(String, String, String, Long, String, double, Model)
2024-04-09T07:50:11.843+01:00 DEBUG 669164 --- [           main] o.s.w.s.v.ContentNegotiatingViewResolver : Selected '*/*' given [*/*]
2024-04-09T07:50:11.900+01:00 DEBUG 669164 --- [           main] o.s.t.web.servlet.TestDispatcherServlet  : Completed 200 OK
2024-04-09T07:50:11.901+01:00 DEBUG 669164 --- [           main] org.springframework.test.context.cache   : Spring test ApplicationContext cache statistics: [DefaultContextCache@47260109 size = 2, maxSize = 32, parentContextCount = 0, hitCount = 66, missCount = 2]
2024-04-09T07:50:11.901+01:00 DEBUG 669164 --- [           main] org.springframework.test.context.cache   : Spring test ApplicationContext cache statistics: [DefaultContextCache@47260109 size = 2, maxSize = 32, parentContextCount = 0, hitCount = 67, missCount = 2]
2024-04-09T07:50:11.901+01:00 DEBUG 669164 --- [           main] org.springframework.test.context.cache   : Spring test ApplicationContext cache statistics: [DefaultContextCache@47260109 size = 2, maxSize = 32, parentContextCount = 0, hitCount = 68, missCount = 2]
2024-04-09T07:50:11.901+01:00 DEBUG 669164 --- [           main] org.springframework.test.context.cache   : Spring test ApplicationContext cache statistics: [DefaultContextCache@47260109 size = 2, maxSize = 32, parentContextCount = 0, hitCount = 69, missCount = 2]
2024-04-09T07:50:11.901+01:00 DEBUG 669164 --- [           main] org.springframework.test.context.cache   : Spring test ApplicationContext cache statistics: [DefaultContextCache@47260109 size = 2, maxSize = 32, parentContextCount = 0, hitCount = 70, missCount = 2]
2024-04-09T07:50:11.902+01:00 DEBUG 669164 --- [           main] org.springframework.test.context.cache   : Spring test ApplicationContext cache statistics: [DefaultContextCache@47260109 size = 2, maxSize = 32, parentContextCount = 0, hitCount = 71, missCount = 2]
2024-04-09T07:50:11.902+01:00 DEBUG 669164 --- [           main] .c.s.DirtiesContextTestExecutionListener : After test method: class [PageController_WithMockServiceTest], method [testCheckout], class annotated with @DirtiesContext [false] with mode [null], method annotated with @DirtiesContext [false] with mode [null]
]]></system-out>
  </testcase>
  <testcase name="testReservationResponse" classname="bus.booking.PageController_WithMockServiceTest" time="0.018">
    <system-out><![CDATA[2024-04-09T07:50:11.903+01:00 DEBUG 669164 --- [           main] org.springframework.test.context.cache   : Spring test ApplicationContext cache statistics: [DefaultContextCache@47260109 size = 2, maxSize = 32, parentContextCount = 0, hitCount = 72, missCount = 2]
2024-04-09T07:50:11.904+01:00 DEBUG 669164 --- [           main] DependencyInjectionTestExecutionListener : Performing dependency injection for test class bus.booking.PageController_WithMockServiceTest
2024-04-09T07:50:11.904+01:00 DEBUG 669164 --- [           main] org.springframework.test.context.cache   : Spring test ApplicationContext cache statistics: [DefaultContextCache@47260109 size = 2, maxSize = 32, parentContextCount = 0, hitCount = 73, missCount = 2]
2024-04-09T07:50:11.904+01:00 DEBUG 669164 --- [           main] org.springframework.test.context.cache   : Spring test ApplicationContext cache statistics: [DefaultContextCache@47260109 size = 2, maxSize = 32, parentContextCount = 0, hitCount = 74, missCount = 2]
2024-04-09T07:50:11.905+01:00 DEBUG 669164 --- [           main] sContextBeforeModesTestExecutionListener : Before test method: class [PageController_WithMockServiceTest], method [testReservationResponse], class annotated with @DirtiesContext [false] with mode [null], method annotated with @DirtiesContext [false] with mode [null]
2024-04-09T07:50:11.906+01:00 DEBUG 669164 --- [           main] org.springframework.test.context.cache   : Spring test ApplicationContext cache statistics: [DefaultContextCache@47260109 size = 2, maxSize = 32, parentContextCount = 0, hitCount = 75, missCount = 2]
2024-04-09T07:50:11.906+01:00 DEBUG 669164 --- [           main] org.springframework.test.context.cache   : Spring test ApplicationContext cache statistics: [DefaultContextCache@47260109 size = 2, maxSize = 32, parentContextCount = 0, hitCount = 76, missCount = 2]
2024-04-09T07:50:11.907+01:00 DEBUG 669164 --- [           main] org.springframework.test.context.cache   : Spring test ApplicationContext cache statistics: [DefaultContextCache@47260109 size = 2, maxSize = 32, parentContextCount = 0, hitCount = 77, missCount = 2]
2024-04-09T07:50:11.907+01:00 DEBUG 669164 --- [           main] o.s.t.web.servlet.TestDispatcherServlet  : POST "/reservation", parameters={masked}
2024-04-09T07:50:11.908+01:00 DEBUG 669164 --- [           main] s.w.s.m.m.a.RequestMappingHandlerMapping : Mapped to bus.booking.controllers.PageController#reservationResponse(ReservationRequest, Model)
2024-04-09T07:50:11.908+01:00 DEBUG 669164 --- [           main] o.s.w.s.v.ContentNegotiatingViewResolver : Selected '*/*' given [*/*]
2024-04-09T07:50:11.920+01:00 DEBUG 669164 --- [           main] o.s.t.web.servlet.TestDispatcherServlet  : Completed 200 OK
2024-04-09T07:50:11.921+01:00 DEBUG 669164 --- [           main] org.springframework.test.context.cache   : Spring test ApplicationContext cache statistics: [DefaultContextCache@47260109 size = 2, maxSize = 32, parentContextCount = 0, hitCount = 78, missCount = 2]
2024-04-09T07:50:11.921+01:00 DEBUG 669164 --- [           main] org.springframework.test.context.cache   : Spring test ApplicationContext cache statistics: [DefaultContextCache@47260109 size = 2, maxSize = 32, parentContextCount = 0, hitCount = 79, missCount = 2]
2024-04-09T07:50:11.922+01:00 DEBUG 669164 --- [           main] org.springframework.test.context.cache   : Spring test ApplicationContext cache statistics: [DefaultContextCache@47260109 size = 2, maxSize = 32, parentContextCount = 0, hitCount = 80, missCount = 2]
2024-04-09T07:50:11.922+01:00 DEBUG 669164 --- [           main] org.springframework.test.context.cache   : Spring test ApplicationContext cache statistics: [DefaultContextCache@47260109 size = 2, maxSize = 32, parentContextCount = 0, hitCount = 81, missCount = 2]
2024-04-09T07:50:11.922+01:00 DEBUG 669164 --- [           main] org.springframework.test.context.cache   : Spring test ApplicationContext cache statistics: [DefaultContextCache@47260109 size = 2, maxSize = 32, parentContextCount = 0, hitCount = 82, missCount = 2]
2024-04-09T07:50:11.922+01:00 DEBUG 669164 --- [           main] org.springframework.test.context.cache   : Spring test ApplicationContext cache statistics: [DefaultContextCache@47260109 size = 2, maxSize = 32, parentContextCount = 0, hitCount = 83, missCount = 2]
2024-04-09T07:50:11.922+01:00 DEBUG 669164 --- [           main] .c.s.DirtiesContextTestExecutionListener : After test method: class [PageController_WithMockServiceTest], method [testReservationResponse], class annotated with @DirtiesContext [false] with mode [null], method annotated with @DirtiesContext [false] with mode [null]
]]></system-out>
  </testcase>
  <testcase name="testIndex" classname="bus.booking.PageController_WithMockServiceTest" time="0.013">
    <system-out><![CDATA[2024-04-09T07:50:11.923+01:00 DEBUG 669164 --- [           main] org.springframework.test.context.cache   : Spring test ApplicationContext cache statistics: [DefaultContextCache@47260109 size = 2, maxSize = 32, parentContextCount = 0, hitCount = 84, missCount = 2]
2024-04-09T07:50:11.923+01:00 DEBUG 669164 --- [           main] DependencyInjectionTestExecutionListener : Performing dependency injection for test class bus.booking.PageController_WithMockServiceTest
2024-04-09T07:50:11.924+01:00 DEBUG 669164 --- [           main] org.springframework.test.context.cache   : Spring test ApplicationContext cache statistics: [DefaultContextCache@47260109 size = 2, maxSize = 32, parentContextCount = 0, hitCount = 85, missCount = 2]
2024-04-09T07:50:11.924+01:00 DEBUG 669164 --- [           main] org.springframework.test.context.cache   : Spring test ApplicationContext cache statistics: [DefaultContextCache@47260109 size = 2, maxSize = 32, parentContextCount = 0, hitCount = 86, missCount = 2]
2024-04-09T07:50:11.925+01:00 DEBUG 669164 --- [           main] sContextBeforeModesTestExecutionListener : Before test method: class [PageController_WithMockServiceTest], method [testIndex], class annotated with @DirtiesContext [false] with mode [null], method annotated with @DirtiesContext [false] with mode [null]
2024-04-09T07:50:11.925+01:00 DEBUG 669164 --- [           main] org.springframework.test.context.cache   : Spring test ApplicationContext cache statistics: [DefaultContextCache@47260109 size = 2, maxSize = 32, parentContextCount = 0, hitCount = 87, missCount = 2]
2024-04-09T07:50:11.926+01:00 DEBUG 669164 --- [           main] org.springframework.test.context.cache   : Spring test ApplicationContext cache statistics: [DefaultContextCache@47260109 size = 2, maxSize = 32, parentContextCount = 0, hitCount = 88, missCount = 2]
2024-04-09T07:50:11.927+01:00 DEBUG 669164 --- [           main] org.springframework.test.context.cache   : Spring test ApplicationContext cache statistics: [DefaultContextCache@47260109 size = 2, maxSize = 32, parentContextCount = 0, hitCount = 89, missCount = 2]
2024-04-09T07:50:11.928+01:00 DEBUG 669164 --- [           main] o.s.t.web.servlet.TestDispatcherServlet  : GET "/", parameters={}
2024-04-09T07:50:11.928+01:00 DEBUG 669164 --- [           main] s.w.s.m.m.a.RequestMappingHandlerMapping : Mapped to bus.booking.controllers.PageController#index(Model)
2024-04-09T07:50:11.929+01:00 DEBUG 669164 --- [           main] o.s.w.s.v.ContentNegotiatingViewResolver : Selected '*/*' given [*/*]
2024-04-09T07:50:11.934+01:00 DEBUG 669164 --- [           main] o.s.t.web.servlet.TestDispatcherServlet  : Completed 200 OK
2024-04-09T07:50:11.934+01:00 DEBUG 669164 --- [           main] org.springframework.test.context.cache   : Spring test ApplicationContext cache statistics: [DefaultContextCache@47260109 size = 2, maxSize = 32, parentContextCount = 0, hitCount = 90, missCount = 2]
2024-04-09T07:50:11.935+01:00 DEBUG 669164 --- [           main] org.springframework.test.context.cache   : Spring test ApplicationContext cache statistics: [DefaultContextCache@47260109 size = 2, maxSize = 32, parentContextCount = 0, hitCount = 91, missCount = 2]
2024-04-09T07:50:11.935+01:00 DEBUG 669164 --- [           main] org.springframework.test.context.cache   : Spring test ApplicationContext cache statistics: [DefaultContextCache@47260109 size = 2, maxSize = 32, parentContextCount = 0, hitCount = 92, missCount = 2]
2024-04-09T07:50:11.935+01:00 DEBUG 669164 --- [           main] org.springframework.test.context.cache   : Spring test ApplicationContext cache statistics: [DefaultContextCache@47260109 size = 2, maxSize = 32, parentContextCount = 0, hitCount = 93, missCount = 2]
2024-04-09T07:50:11.936+01:00 DEBUG 669164 --- [           main] org.springframework.test.context.cache   : Spring test ApplicationContext cache statistics: [DefaultContextCache@47260109 size = 2, maxSize = 32, parentContextCount = 0, hitCount = 94, missCount = 2]
2024-04-09T07:50:11.936+01:00 DEBUG 669164 --- [           main] org.springframework.test.context.cache   : Spring test ApplicationContext cache statistics: [DefaultContextCache@47260109 size = 2, maxSize = 32, parentContextCount = 0, hitCount = 95, missCount = 2]
2024-04-09T07:50:11.937+01:00 DEBUG 669164 --- [           main] .c.s.DirtiesContextTestExecutionListener : After test method: class [PageController_WithMockServiceTest], method [testIndex], class annotated with @DirtiesContext [false] with mode [null], method annotated with @DirtiesContext [false] with mode [null]
]]></system-out>
  </testcase>
  <testcase name="testCacheStats" classname="bus.booking.PageController_WithMockServiceTest" time="0.014">
    <system-out><![CDATA[2024-04-09T07:50:11.937+01:00 DEBUG 669164 --- [           main] org.springframework.test.context.cache   : Spring test ApplicationContext cache statistics: [DefaultContextCache@47260109 size = 2, maxSize = 32, parentContextCount = 0, hitCount = 96, missCount = 2]
2024-04-09T07:50:11.937+01:00 DEBUG 669164 --- [           main] DependencyInjectionTestExecutionListener : Performing dependency injection for test class bus.booking.PageController_WithMockServiceTest
2024-04-09T07:50:11.938+01:00 DEBUG 669164 --- [           main] org.springframework.test.context.cache   : Spring test ApplicationContext cache statistics: [DefaultContextCache@47260109 size = 2, maxSize = 32, parentContextCount = 0, hitCount = 97, missCount = 2]
2024-04-09T07:50:11.938+01:00 DEBUG 669164 --- [           main] org.springframework.test.context.cache   : Spring test ApplicationContext cache statistics: [DefaultContextCache@47260109 size = 2, maxSize = 32, parentContextCount = 0, hitCount = 98, missCount = 2]
2024-04-09T07:50:11.939+01:00 DEBUG 669164 --- [           main] sContextBeforeModesTestExecutionListener : Before test method: class [PageController_WithMockServiceTest], method [testCacheStats], class annotated with @DirtiesContext [false] with mode [null], method annotated with @DirtiesContext [false] with mode [null]
2024-04-09T07:50:11.939+01:00 DEBUG 669164 --- [           main] org.springframework.test.context.cache   : Spring test ApplicationContext cache statistics: [DefaultContextCache@47260109 size = 2, maxSize = 32, parentContextCount = 0, hitCount = 99, missCount = 2]
2024-04-09T07:50:11.939+01:00 DEBUG 669164 --- [           main] org.springframework.test.context.cache   : Spring test ApplicationContext cache statistics: [DefaultContextCache@47260109 size = 2, maxSize = 32, parentContextCount = 0, hitCount = 100, missCount = 2]
2024-04-09T07:50:11.940+01:00 DEBUG 669164 --- [           main] org.springframework.test.context.cache   : Spring test ApplicationContext cache statistics: [DefaultContextCache@47260109 size = 2, maxSize = 32, parentContextCount = 0, hitCount = 101, missCount = 2]
2024-04-09T07:50:11.942+01:00 DEBUG 669164 --- [           main] o.s.t.web.servlet.TestDispatcherServlet  : GET "/cacheStats", parameters={}
2024-04-09T07:50:11.943+01:00 DEBUG 669164 --- [           main] s.w.s.m.m.a.RequestMappingHandlerMapping : Mapped to bus.booking.controllers.PageController#cacheStats(Model)
2024-04-09T07:50:11.943+01:00 DEBUG 669164 --- [           main] o.s.w.s.v.ContentNegotiatingViewResolver : Selected '*/*' given [*/*]
2024-04-09T07:50:11.949+01:00 DEBUG 669164 --- [           main] o.s.t.web.servlet.TestDispatcherServlet  : Completed 200 OK
2024-04-09T07:50:11.951+01:00 DEBUG 669164 --- [           main] org.springframework.test.context.cache   : Spring test ApplicationContext cache statistics: [DefaultContextCache@47260109 size = 2, maxSize = 32, parentContextCount = 0, hitCount = 102, missCount = 2]
2024-04-09T07:50:11.951+01:00 DEBUG 669164 --- [           main] org.springframework.test.context.cache   : Spring test ApplicationContext cache statistics: [DefaultContextCache@47260109 size = 2, maxSize = 32, parentContextCount = 0, hitCount = 103, missCount = 2]
2024-04-09T07:50:11.951+01:00 DEBUG 669164 --- [           main] org.springframework.test.context.cache   : Spring test ApplicationContext cache statistics: [DefaultContextCache@47260109 size = 2, maxSize = 32, parentContextCount = 0, hitCount = 104, missCount = 2]
2024-04-09T07:50:11.951+01:00 DEBUG 669164 --- [           main] org.springframework.test.context.cache   : Spring test ApplicationContext cache statistics: [DefaultContextCache@47260109 size = 2, maxSize = 32, parentContextCount = 0, hitCount = 105, missCount = 2]
2024-04-09T07:50:11.951+01:00 DEBUG 669164 --- [           main] org.springframework.test.context.cache   : Spring test ApplicationContext cache statistics: [DefaultContextCache@47260109 size = 2, maxSize = 32, parentContextCount = 0, hitCount = 106, missCount = 2]
2024-04-09T07:50:11.952+01:00 DEBUG 669164 --- [           main] org.springframework.test.context.cache   : Spring test ApplicationContext cache statistics: [DefaultContextCache@47260109 size = 2, maxSize = 32, parentContextCount = 0, hitCount = 107, missCount = 2]
2024-04-09T07:50:11.952+01:00 DEBUG 669164 --- [           main] .c.s.DirtiesContextTestExecutionListener : After test method: class [PageController_WithMockServiceTest], method [testCacheStats], class annotated with @DirtiesContext [false] with mode [null], method annotated with @DirtiesContext [false] with mode [null]
]]></system-out>
  </testcase>
  <testcase name="testResultsWithConvertCurrencyFailure" classname="bus.booking.PageController_WithMockServiceTest" time="0.014">
    <system-out><![CDATA[2024-04-09T07:50:11.954+01:00 DEBUG 669164 --- [           main] org.springframework.test.context.cache   : Spring test ApplicationContext cache statistics: [DefaultContextCache@47260109 size = 2, maxSize = 32, parentContextCount = 0, hitCount = 108, missCount = 2]
2024-04-09T07:50:11.954+01:00 DEBUG 669164 --- [           main] DependencyInjectionTestExecutionListener : Performing dependency injection for test class bus.booking.PageController_WithMockServiceTest
2024-04-09T07:50:11.954+01:00 DEBUG 669164 --- [           main] org.springframework.test.context.cache   : Spring test ApplicationContext cache statistics: [DefaultContextCache@47260109 size = 2, maxSize = 32, parentContextCount = 0, hitCount = 109, missCount = 2]
2024-04-09T07:50:11.955+01:00 DEBUG 669164 --- [           main] org.springframework.test.context.cache   : Spring test ApplicationContext cache statistics: [DefaultContextCache@47260109 size = 2, maxSize = 32, parentContextCount = 0, hitCount = 110, missCount = 2]
2024-04-09T07:50:11.956+01:00 DEBUG 669164 --- [           main] sContextBeforeModesTestExecutionListener : Before test method: class [PageController_WithMockServiceTest], method [testResultsWithConvertCurrencyFailure], class annotated with @DirtiesContext [false] with mode [null], method annotated with @DirtiesContext [false] with mode [null]
2024-04-09T07:50:11.956+01:00 DEBUG 669164 --- [           main] org.springframework.test.context.cache   : Spring test ApplicationContext cache statistics: [DefaultContextCache@47260109 size = 2, maxSize = 32, parentContextCount = 0, hitCount = 111, missCount = 2]
2024-04-09T07:50:11.957+01:00 DEBUG 669164 --- [           main] org.springframework.test.context.cache   : Spring test ApplicationContext cache statistics: [DefaultContextCache@47260109 size = 2, maxSize = 32, parentContextCount = 0, hitCount = 112, missCount = 2]
2024-04-09T07:50:11.958+01:00 DEBUG 669164 --- [           main] org.springframework.test.context.cache   : Spring test ApplicationContext cache statistics: [DefaultContextCache@47260109 size = 2, maxSize = 32, parentContextCount = 0, hitCount = 113, missCount = 2]
2024-04-09T07:50:11.960+01:00 DEBUG 669164 --- [           main] o.s.t.web.servlet.TestDispatcherServlet  : GET "/results", parameters={masked}
2024-04-09T07:50:11.960+01:00 DEBUG 669164 --- [           main] s.w.s.m.m.a.RequestMappingHandlerMapping : Mapped to bus.booking.controllers.PageController#results(String, String, String, String, Model)
2024-04-09T07:50:11.962+01:00 DEBUG 669164 --- [           main] o.s.w.s.v.ContentNegotiatingViewResolver : Selected '*/*' given [*/*]
2024-04-09T07:50:11.966+01:00 DEBUG 669164 --- [           main] o.s.t.web.servlet.TestDispatcherServlet  : Completed 200 OK
2024-04-09T07:50:11.967+01:00 DEBUG 669164 --- [           main] org.springframework.test.context.cache   : Spring test ApplicationContext cache statistics: [DefaultContextCache@47260109 size = 2, maxSize = 32, parentContextCount = 0, hitCount = 114, missCount = 2]
2024-04-09T07:50:11.967+01:00 DEBUG 669164 --- [           main] org.springframework.test.context.cache   : Spring test ApplicationContext cache statistics: [DefaultContextCache@47260109 size = 2, maxSize = 32, parentContextCount = 0, hitCount = 115, missCount = 2]
2024-04-09T07:50:11.967+01:00 DEBUG 669164 --- [           main] org.springframework.test.context.cache   : Spring test ApplicationContext cache statistics: [DefaultContextCache@47260109 size = 2, maxSize = 32, parentContextCount = 0, hitCount = 116, missCount = 2]
2024-04-09T07:50:11.967+01:00 DEBUG 669164 --- [           main] org.springframework.test.context.cache   : Spring test ApplicationContext cache statistics: [DefaultContextCache@47260109 size = 2, maxSize = 32, parentContextCount = 0, hitCount = 117, missCount = 2]
2024-04-09T07:50:11.968+01:00 DEBUG 669164 --- [           main] org.springframework.test.context.cache   : Spring test ApplicationContext cache statistics: [DefaultContextCache@47260109 size = 2, maxSize = 32, parentContextCount = 0, hitCount = 118, missCount = 2]
2024-04-09T07:50:11.968+01:00 DEBUG 669164 --- [           main] org.springframework.test.context.cache   : Spring test ApplicationContext cache statistics: [DefaultContextCache@47260109 size = 2, maxSize = 32, parentContextCount = 0, hitCount = 119, missCount = 2]
2024-04-09T07:50:11.969+01:00 DEBUG 669164 --- [           main] .c.s.DirtiesContextTestExecutionListener : After test method: class [PageController_WithMockServiceTest], method [testResultsWithConvertCurrencyFailure], class annotated with @DirtiesContext [false] with mode [null], method annotated with @DirtiesContext [false] with mode [null]
]]></system-out>
  </testcase>
  <testcase name="testCreateReservation" classname="bus.booking.PageController_WithMockServiceTest" time="0.089">
    <system-out><![CDATA[2024-04-09T07:50:11.970+01:00 DEBUG 669164 --- [           main] org.springframework.test.context.cache   : Spring test ApplicationContext cache statistics: [DefaultContextCache@47260109 size = 2, maxSize = 32, parentContextCount = 0, hitCount = 120, missCount = 2]
2024-04-09T07:50:11.971+01:00 DEBUG 669164 --- [           main] DependencyInjectionTestExecutionListener : Performing dependency injection for test class bus.booking.PageController_WithMockServiceTest
2024-04-09T07:50:11.971+01:00 DEBUG 669164 --- [           main] org.springframework.test.context.cache   : Spring test ApplicationContext cache statistics: [DefaultContextCache@47260109 size = 2, maxSize = 32, parentContextCount = 0, hitCount = 121, missCount = 2]
2024-04-09T07:50:11.971+01:00 DEBUG 669164 --- [           main] org.springframework.test.context.cache   : Spring test ApplicationContext cache statistics: [DefaultContextCache@47260109 size = 2, maxSize = 32, parentContextCount = 0, hitCount = 122, missCount = 2]
2024-04-09T07:50:11.972+01:00 DEBUG 669164 --- [           main] sContextBeforeModesTestExecutionListener : Before test method: class [PageController_WithMockServiceTest], method [testCreateReservation], class annotated with @DirtiesContext [false] with mode [null], method annotated with @DirtiesContext [false] with mode [null]
2024-04-09T07:50:11.972+01:00 DEBUG 669164 --- [           main] org.springframework.test.context.cache   : Spring test ApplicationContext cache statistics: [DefaultContextCache@47260109 size = 2, maxSize = 32, parentContextCount = 0, hitCount = 123, missCount = 2]
2024-04-09T07:50:11.972+01:00 DEBUG 669164 --- [           main] org.springframework.test.context.cache   : Spring test ApplicationContext cache statistics: [DefaultContextCache@47260109 size = 2, maxSize = 32, parentContextCount = 0, hitCount = 124, missCount = 2]
2024-04-09T07:50:11.973+01:00 DEBUG 669164 --- [           main] org.springframework.test.context.cache   : Spring test ApplicationContext cache statistics: [DefaultContextCache@47260109 size = 2, maxSize = 32, parentContextCount = 0, hitCount = 125, missCount = 2]
2024-04-09T07:50:12.003+01:00 DEBUG 669164 --- [           main] o.s.t.web.servlet.TestDispatcherServlet  : POST "/create-reservation", parameters={}
2024-04-09T07:50:12.003+01:00 DEBUG 669164 --- [           main] s.w.s.m.m.a.RequestMappingHandlerMapping : Mapped to bus.booking.controllers.PageController#createReservation(ReservationDTO)
2024-04-09T07:50:12.051+01:00 DEBUG 669164 --- [           main] m.m.a.RequestResponseBodyMethodProcessor : Read "application/json;charset=UTF-8" to [bus.booking.entities.dto.ReservationDTO@192ddaa4]
2024-04-09T07:50:12.055+01:00 DEBUG 669164 --- [           main] o.s.w.s.m.m.a.HttpEntityMethodProcessor  : Using 'text/plain', given [*/*] and supported [text/plain, */*, application/json, application/*+json]
2024-04-09T07:50:12.056+01:00 DEBUG 669164 --- [           main] o.s.w.s.m.m.a.HttpEntityMethodProcessor  : Writing ["1234567890"]
2024-04-09T07:50:12.057+01:00 DEBUG 669164 --- [           main] o.s.t.web.servlet.TestDispatcherServlet  : Completed 200 OK
2024-04-09T07:50:12.059+01:00 DEBUG 669164 --- [           main] org.springframework.test.context.cache   : Spring test ApplicationContext cache statistics: [DefaultContextCache@47260109 size = 2, maxSize = 32, parentContextCount = 0, hitCount = 126, missCount = 2]
2024-04-09T07:50:12.059+01:00 DEBUG 669164 --- [           main] org.springframework.test.context.cache   : Spring test ApplicationContext cache statistics: [DefaultContextCache@47260109 size = 2, maxSize = 32, parentContextCount = 0, hitCount = 127, missCount = 2]
2024-04-09T07:50:12.059+01:00 DEBUG 669164 --- [           main] org.springframework.test.context.cache   : Spring test ApplicationContext cache statistics: [DefaultContextCache@47260109 size = 2, maxSize = 32, parentContextCount = 0, hitCount = 128, missCount = 2]
2024-04-09T07:50:12.059+01:00 DEBUG 669164 --- [           main] org.springframework.test.context.cache   : Spring test ApplicationContext cache statistics: [DefaultContextCache@47260109 size = 2, maxSize = 32, parentContextCount = 0, hitCount = 129, missCount = 2]
2024-04-09T07:50:12.059+01:00 DEBUG 669164 --- [           main] org.springframework.test.context.cache   : Spring test ApplicationContext cache statistics: [DefaultContextCache@47260109 size = 2, maxSize = 32, parentContextCount = 0, hitCount = 130, missCount = 2]
2024-04-09T07:50:12.060+01:00 DEBUG 669164 --- [           main] org.springframework.test.context.cache   : Spring test ApplicationContext cache statistics: [DefaultContextCache@47260109 size = 2, maxSize = 32, parentContextCount = 0, hitCount = 131, missCount = 2]
2024-04-09T07:50:12.060+01:00 DEBUG 669164 --- [           main] .c.s.DirtiesContextTestExecutionListener : After test method: class [PageController_WithMockServiceTest], method [testCreateReservation], class annotated with @DirtiesContext [false] with mode [null], method annotated with @DirtiesContext [false] with mode [null]
]]></system-out>
  </testcase>
  <testcase name="testSuccess" classname="bus.booking.PageController_WithMockServiceTest" time="0.008">
    <system-out><![CDATA[2024-04-09T07:50:12.061+01:00 DEBUG 669164 --- [           main] org.springframework.test.context.cache   : Spring test ApplicationContext cache statistics: [DefaultContextCache@47260109 size = 2, maxSize = 32, parentContextCount = 0, hitCount = 132, missCount = 2]
2024-04-09T07:50:12.061+01:00 DEBUG 669164 --- [           main] DependencyInjectionTestExecutionListener : Performing dependency injection for test class bus.booking.PageController_WithMockServiceTest
2024-04-09T07:50:12.061+01:00 DEBUG 669164 --- [           main] org.springframework.test.context.cache   : Spring test ApplicationContext cache statistics: [DefaultContextCache@47260109 size = 2, maxSize = 32, parentContextCount = 0, hitCount = 133, missCount = 2]
2024-04-09T07:50:12.061+01:00 DEBUG 669164 --- [           main] org.springframework.test.context.cache   : Spring test ApplicationContext cache statistics: [DefaultContextCache@47260109 size = 2, maxSize = 32, parentContextCount = 0, hitCount = 134, missCount = 2]
2024-04-09T07:50:12.062+01:00 DEBUG 669164 --- [           main] sContextBeforeModesTestExecutionListener : Before test method: class [PageController_WithMockServiceTest], method [testSuccess], class annotated with @DirtiesContext [false] with mode [null], method annotated with @DirtiesContext [false] with mode [null]
2024-04-09T07:50:12.062+01:00 DEBUG 669164 --- [           main] org.springframework.test.context.cache   : Spring test ApplicationContext cache statistics: [DefaultContextCache@47260109 size = 2, maxSize = 32, parentContextCount = 0, hitCount = 135, missCount = 2]
2024-04-09T07:50:12.063+01:00 DEBUG 669164 --- [           main] org.springframework.test.context.cache   : Spring test ApplicationContext cache statistics: [DefaultContextCache@47260109 size = 2, maxSize = 32, parentContextCount = 0, hitCount = 136, missCount = 2]
2024-04-09T07:50:12.063+01:00 DEBUG 669164 --- [           main] org.springframework.test.context.cache   : Spring test ApplicationContext cache statistics: [DefaultContextCache@47260109 size = 2, maxSize = 32, parentContextCount = 0, hitCount = 137, missCount = 2]
2024-04-09T07:50:12.064+01:00 DEBUG 669164 --- [           main] o.s.t.web.servlet.TestDispatcherServlet  : GET "/success", parameters={masked}
2024-04-09T07:50:12.064+01:00 DEBUG 669164 --- [           main] s.w.s.m.m.a.RequestMappingHandlerMapping : Mapped to bus.booking.controllers.PageController#success(String, Model)
2024-04-09T07:50:12.065+01:00 DEBUG 669164 --- [           main] o.s.w.s.v.ContentNegotiatingViewResolver : Selected '*/*' given [*/*]
2024-04-09T07:50:12.068+01:00 DEBUG 669164 --- [           main] o.s.t.web.servlet.TestDispatcherServlet  : Completed 200 OK
2024-04-09T07:50:12.068+01:00 DEBUG 669164 --- [           main] org.springframework.test.context.cache   : Spring test ApplicationContext cache statistics: [DefaultContextCache@47260109 size = 2, maxSize = 32, parentContextCount = 0, hitCount = 138, missCount = 2]
2024-04-09T07:50:12.068+01:00 DEBUG 669164 --- [           main] org.springframework.test.context.cache   : Spring test ApplicationContext cache statistics: [DefaultContextCache@47260109 size = 2, maxSize = 32, parentContextCount = 0, hitCount = 139, missCount = 2]
2024-04-09T07:50:12.068+01:00 DEBUG 669164 --- [           main] org.springframework.test.context.cache   : Spring test ApplicationContext cache statistics: [DefaultContextCache@47260109 size = 2, maxSize = 32, parentContextCount = 0, hitCount = 140, missCount = 2]
2024-04-09T07:50:12.068+01:00 DEBUG 669164 --- [           main] org.springframework.test.context.cache   : Spring test ApplicationContext cache statistics: [DefaultContextCache@47260109 size = 2, maxSize = 32, parentContextCount = 0, hitCount = 141, missCount = 2]
2024-04-09T07:50:12.069+01:00 DEBUG 669164 --- [           main] org.springframework.test.context.cache   : Spring test ApplicationContext cache statistics: [DefaultContextCache@47260109 size = 2, maxSize = 32, parentContextCount = 0, hitCount = 142, missCount = 2]
2024-04-09T07:50:12.069+01:00 DEBUG 669164 --- [           main] org.springframework.test.context.cache   : Spring test ApplicationContext cache statistics: [DefaultContextCache@47260109 size = 2, maxSize = 32, parentContextCount = 0, hitCount = 143, missCount = 2]
2024-04-09T07:50:12.069+01:00 DEBUG 669164 --- [           main] .c.s.DirtiesContextTestExecutionListener : After test method: class [PageController_WithMockServiceTest], method [testSuccess], class annotated with @DirtiesContext [false] with mode [null], method annotated with @DirtiesContext [false] with mode [null]
]]></system-out>
  </testcase>
  <testcase name="testResultsWithGetAllCurrenciesFailure" classname="bus.booking.PageController_WithMockServiceTest" time="0.01">
    <system-out><![CDATA[2024-04-09T07:50:12.070+01:00 DEBUG 669164 --- [           main] org.springframework.test.context.cache   : Spring test ApplicationContext cache statistics: [DefaultContextCache@47260109 size = 2, maxSize = 32, parentContextCount = 0, hitCount = 144, missCount = 2]
2024-04-09T07:50:12.071+01:00 DEBUG 669164 --- [           main] DependencyInjectionTestExecutionListener : Performing dependency injection for test class bus.booking.PageController_WithMockServiceTest
2024-04-09T07:50:12.071+01:00 DEBUG 669164 --- [           main] org.springframework.test.context.cache   : Spring test ApplicationContext cache statistics: [DefaultContextCache@47260109 size = 2, maxSize = 32, parentContextCount = 0, hitCount = 145, missCount = 2]
2024-04-09T07:50:12.071+01:00 DEBUG 669164 --- [           main] org.springframework.test.context.cache   : Spring test ApplicationContext cache statistics: [DefaultContextCache@47260109 size = 2, maxSize = 32, parentContextCount = 0, hitCount = 146, missCount = 2]
2024-04-09T07:50:12.071+01:00 DEBUG 669164 --- [           main] sContextBeforeModesTestExecutionListener : Before test method: class [PageController_WithMockServiceTest], method [testResultsWithGetAllCurrenciesFailure], class annotated with @DirtiesContext [false] with mode [null], method annotated with @DirtiesContext [false] with mode [null]
2024-04-09T07:50:12.072+01:00 DEBUG 669164 --- [           main] org.springframework.test.context.cache   : Spring test ApplicationContext cache statistics: [DefaultContextCache@47260109 size = 2, maxSize = 32, parentContextCount = 0, hitCount = 147, missCount = 2]
2024-04-09T07:50:12.072+01:00 DEBUG 669164 --- [           main] org.springframework.test.context.cache   : Spring test ApplicationContext cache statistics: [DefaultContextCache@47260109 size = 2, maxSize = 32, parentContextCount = 0, hitCount = 148, missCount = 2]
2024-04-09T07:50:12.072+01:00 DEBUG 669164 --- [           main] org.springframework.test.context.cache   : Spring test ApplicationContext cache statistics: [DefaultContextCache@47260109 size = 2, maxSize = 32, parentContextCount = 0, hitCount = 149, missCount = 2]
2024-04-09T07:50:12.074+01:00 DEBUG 669164 --- [           main] o.s.t.web.servlet.TestDispatcherServlet  : GET "/results", parameters={masked}
2024-04-09T07:50:12.074+01:00 DEBUG 669164 --- [           main] s.w.s.m.m.a.RequestMappingHandlerMapping : Mapped to bus.booking.controllers.PageController#results(String, String, String, String, Model)
2024-04-09T07:50:12.075+01:00 DEBUG 669164 --- [           main] o.s.w.s.v.ContentNegotiatingViewResolver : Selected '*/*' given [*/*]
2024-04-09T07:50:12.078+01:00 DEBUG 669164 --- [           main] o.s.t.web.servlet.TestDispatcherServlet  : Completed 200 OK
2024-04-09T07:50:12.079+01:00 DEBUG 669164 --- [           main] org.springframework.test.context.cache   : Spring test ApplicationContext cache statistics: [DefaultContextCache@47260109 size = 2, maxSize = 32, parentContextCount = 0, hitCount = 150, missCount = 2]
2024-04-09T07:50:12.080+01:00 DEBUG 669164 --- [           main] org.springframework.test.context.cache   : Spring test ApplicationContext cache statistics: [DefaultContextCache@47260109 size = 2, maxSize = 32, parentContextCount = 0, hitCount = 151, missCount = 2]
2024-04-09T07:50:12.080+01:00 DEBUG 669164 --- [           main] org.springframework.test.context.cache   : Spring test ApplicationContext cache statistics: [DefaultContextCache@47260109 size = 2, maxSize = 32, parentContextCount = 0, hitCount = 152, missCount = 2]
2024-04-09T07:50:12.080+01:00 DEBUG 669164 --- [           main] org.springframework.test.context.cache   : Spring test ApplicationContext cache statistics: [DefaultContextCache@47260109 size = 2, maxSize = 32, parentContextCount = 0, hitCount = 153, missCount = 2]
2024-04-09T07:50:12.080+01:00 DEBUG 669164 --- [           main] org.springframework.test.context.cache   : Spring test ApplicationContext cache statistics: [DefaultContextCache@47260109 size = 2, maxSize = 32, parentContextCount = 0, hitCount = 154, missCount = 2]
2024-04-09T07:50:12.081+01:00 DEBUG 669164 --- [           main] org.springframework.test.context.cache   : Spring test ApplicationContext cache statistics: [DefaultContextCache@47260109 size = 2, maxSize = 32, parentContextCount = 0, hitCount = 155, missCount = 2]
2024-04-09T07:50:12.081+01:00 DEBUG 669164 --- [           main] .c.s.DirtiesContextTestExecutionListener : After test method: class [PageController_WithMockServiceTest], method [testResultsWithGetAllCurrenciesFailure], class annotated with @DirtiesContext [false] with mode [null], method annotated with @DirtiesContext [false] with mode [null]
]]></system-out>
  </testcase>
  <testcase name="testReservation" classname="bus.booking.PageController_WithMockServiceTest" time="0.01">
    <system-out><![CDATA[2024-04-09T07:50:12.082+01:00 DEBUG 669164 --- [           main] org.springframework.test.context.cache   : Spring test ApplicationContext cache statistics: [DefaultContextCache@47260109 size = 2, maxSize = 32, parentContextCount = 0, hitCount = 156, missCount = 2]
2024-04-09T07:50:12.082+01:00 DEBUG 669164 --- [           main] DependencyInjectionTestExecutionListener : Performing dependency injection for test class bus.booking.PageController_WithMockServiceTest
2024-04-09T07:50:12.082+01:00 DEBUG 669164 --- [           main] org.springframework.test.context.cache   : Spring test ApplicationContext cache statistics: [DefaultContextCache@47260109 size = 2, maxSize = 32, parentContextCount = 0, hitCount = 157, missCount = 2]
2024-04-09T07:50:12.082+01:00 DEBUG 669164 --- [           main] org.springframework.test.context.cache   : Spring test ApplicationContext cache statistics: [DefaultContextCache@47260109 size = 2, maxSize = 32, parentContextCount = 0, hitCount = 158, missCount = 2]
2024-04-09T07:50:12.083+01:00 DEBUG 669164 --- [           main] sContextBeforeModesTestExecutionListener : Before test method: class [PageController_WithMockServiceTest], method [testReservation], class annotated with @DirtiesContext [false] with mode [null], method annotated with @DirtiesContext [false] with mode [null]
2024-04-09T07:50:12.083+01:00 DEBUG 669164 --- [           main] org.springframework.test.context.cache   : Spring test ApplicationContext cache statistics: [DefaultContextCache@47260109 size = 2, maxSize = 32, parentContextCount = 0, hitCount = 159, missCount = 2]
2024-04-09T07:50:12.083+01:00 DEBUG 669164 --- [           main] org.springframework.test.context.cache   : Spring test ApplicationContext cache statistics: [DefaultContextCache@47260109 size = 2, maxSize = 32, parentContextCount = 0, hitCount = 160, missCount = 2]
2024-04-09T07:50:12.084+01:00 DEBUG 669164 --- [           main] org.springframework.test.context.cache   : Spring test ApplicationContext cache statistics: [DefaultContextCache@47260109 size = 2, maxSize = 32, parentContextCount = 0, hitCount = 161, missCount = 2]
2024-04-09T07:50:12.085+01:00 DEBUG 669164 --- [           main] o.s.t.web.servlet.TestDispatcherServlet  : GET "/reservation", parameters={}
2024-04-09T07:50:12.085+01:00 DEBUG 669164 --- [           main] s.w.s.m.m.a.RequestMappingHandlerMapping : Mapped to bus.booking.controllers.PageController#reservation(Model)
2024-04-09T07:50:12.086+01:00 DEBUG 669164 --- [           main] o.s.w.s.v.ContentNegotiatingViewResolver : Selected '*/*' given [*/*]
2024-04-09T07:50:12.088+01:00 DEBUG 669164 --- [           main] o.s.t.web.servlet.TestDispatcherServlet  : Completed 200 OK
2024-04-09T07:50:12.090+01:00 DEBUG 669164 --- [           main] org.springframework.test.context.cache   : Spring test ApplicationContext cache statistics: [DefaultContextCache@47260109 size = 2, maxSize = 32, parentContextCount = 0, hitCount = 162, missCount = 2]
2024-04-09T07:50:12.090+01:00 DEBUG 669164 --- [           main] org.springframework.test.context.cache   : Spring test ApplicationContext cache statistics: [DefaultContextCache@47260109 size = 2, maxSize = 32, parentContextCount = 0, hitCount = 163, missCount = 2]
2024-04-09T07:50:12.090+01:00 DEBUG 669164 --- [           main] org.springframework.test.context.cache   : Spring test ApplicationContext cache statistics: [DefaultContextCache@47260109 size = 2, maxSize = 32, parentContextCount = 0, hitCount = 164, missCount = 2]
2024-04-09T07:50:12.091+01:00 DEBUG 669164 --- [           main] org.springframework.test.context.cache   : Spring test ApplicationContext cache statistics: [DefaultContextCache@47260109 size = 2, maxSize = 32, parentContextCount = 0, hitCount = 165, missCount = 2]
2024-04-09T07:50:12.091+01:00 DEBUG 669164 --- [           main] org.springframework.test.context.cache   : Spring test ApplicationContext cache statistics: [DefaultContextCache@47260109 size = 2, maxSize = 32, parentContextCount = 0, hitCount = 166, missCount = 2]
2024-04-09T07:50:12.092+01:00 DEBUG 669164 --- [           main] org.springframework.test.context.cache   : Spring test ApplicationContext cache statistics: [DefaultContextCache@47260109 size = 2, maxSize = 32, parentContextCount = 0, hitCount = 167, missCount = 2]
2024-04-09T07:50:12.092+01:00 DEBUG 669164 --- [           main] .c.s.DirtiesContextTestExecutionListener : After test method: class [PageController_WithMockServiceTest], method [testReservation], class annotated with @DirtiesContext [false] with mode [null], method annotated with @DirtiesContext [false] with mode [null]
]]></system-out>
  </testcase>
</testsuite>